[13:30:18] [INFO] 
[13:30:18] [INFO] ================================================================================
[13:30:18] [INFO] STEP 2.3b: Temporal Stability Analysis (COMPREHENSIVE)
[13:30:18] [INFO] ================================================================================
[13:30:18] [INFO] 
[13:30:18] [INFO] Processing: 3 filters x 4 modes x 3 metrics x 2 coherence types
[13:30:18] [INFO] 
################################################################################
[13:30:18] [INFO] # FILTER: ALL_STATIONS
[13:30:18] [INFO] ################################################################################
[13:30:18] [INFO] 
  MODE: BASELINE
[13:30:18] [INFO] 
  Loading step_2_0_pairs_baseline_all_stations.csv...
[13:32:12] [INFO]   Total: 185,559,378 rows
[13:32:12] [INFO] 
[13:32:12] [INFO] ================================================================================
[13:32:12] [INFO] TEMPORAL STABILITY RESULTS
[13:32:12] [INFO] ================================================================================
[13:32:12] [INFO] 
[13:32:12] [INFO] 
--- clock_bias/msc ---
[13:32:12] [INFO] Period       λ (km)       R²                Pairs
[13:32:12] [INFO] --------------------------------------------------
[13:32:12] [INFO] 2022         716          0.965        18,417,938
[13:32:12] [INFO] 2023         709          0.961        20,062,919
[13:32:12] [INFO] 2024         779          0.928        23,372,269
[13:32:12] [INFO] all          729          0.953        61,853,126
[13:32:12] [INFO]   Year-to-year CV: 4.3%
[13:32:12] [SUCCESS]   → STABLE (CV < 20%)
[13:32:12] [INFO] 
--- clock_bias/phase_alignment ---
[13:32:12] [INFO] Period       λ (km)       R²                Pairs
[13:32:12] [INFO] --------------------------------------------------
[13:32:12] [INFO] 2022         1755         0.861        18,417,938
[13:32:12] [INFO] 2023         1720         0.895        20,062,919
[13:32:12] [INFO] 2024         1931         0.942        23,372,269
[13:32:12] [INFO] all          1800         0.907        61,853,126
[13:32:12] [INFO]   Year-to-year CV: 5.1%
[13:32:12] [SUCCESS]   → STABLE (CV < 20%)
[13:32:12] [INFO] 
--- pos_jitter/msc ---
[13:32:12] [INFO] Period       λ (km)       R²                Pairs
[13:32:12] [INFO] --------------------------------------------------
[13:32:12] [INFO] 2022         828          0.982        18,417,938
[13:32:12] [INFO] 2023         914          0.983        20,062,919
[13:32:12] [INFO] 2024         902          0.965        23,372,269
[13:32:12] [INFO] all          880          0.979        61,853,126
[13:32:12] [INFO]   Year-to-year CV: 4.3%
[13:32:12] [SUCCESS]   → STABLE (CV < 20%)
[13:32:12] [INFO] 
--- pos_jitter/phase_alignment ---
[13:32:12] [INFO] Period       λ (km)       R²                Pairs
[13:32:12] [INFO] --------------------------------------------------
[13:32:12] [INFO] 2022         2067         0.964        18,417,938
[13:32:12] [INFO] 2023         2217         0.975        20,062,919
[13:32:12] [INFO] 2024         1786         0.954        23,372,269
[13:32:12] [INFO] all          1996         0.966        61,853,126
[13:32:12] [INFO]   Year-to-year CV: 8.8%
[13:32:12] [SUCCESS]   → STABLE (CV < 20%)
[13:32:12] [INFO] 
--- clock_drift/msc ---
[13:32:12] [INFO] Period       λ (km)       R²                Pairs
[13:32:12] [INFO] --------------------------------------------------
[13:32:12] [INFO] 2022         691          0.967        18,417,938
[13:32:12] [INFO] 2023         693          0.963        20,062,919
[13:32:12] [INFO] 2024         739          0.931        23,372,269
[13:32:12] [INFO] all          703          0.955        61,853,126
[13:32:12] [INFO]   Year-to-year CV: 3.1%
[13:32:12] [SUCCESS]   → STABLE (CV < 20%)
[13:32:12] [INFO] 
--- clock_drift/phase_alignment ---
[13:32:12] [INFO] Period       λ (km)       R²                Pairs
[13:32:12] [INFO] --------------------------------------------------
[13:32:12] [INFO] 2022         1113         0.936        18,417,938
[13:32:12] [INFO] 2023         1055         0.935        20,062,919
[13:32:12] [INFO] 2024         916          0.955        23,372,269
[13:32:12] [INFO] all          1022         0.947        61,853,126
[13:32:12] [INFO]   Year-to-year CV: 8.0%
[13:32:12] [SUCCESS]   → STABLE (CV < 20%)
[13:32:12] [INFO] 
[13:32:12] [INFO] ================================================================================
[13:32:12] [INFO] TEMPORAL STABILITY SUMMARY
[13:32:12] [INFO] ================================================================================
[13:32:12] [INFO] 
[13:32:12] [INFO] Mode                           2022 λ     2023 λ     2024 λ     CV%     
[13:32:12] [INFO] ----------------------------------------------------------------------
[13:32:12] [INFO] clock_bias/msc                 716        709        779        4.3     
[13:32:12] [INFO] clock_bias/phase_alignment     1755       1720       1931       5.1     
[13:32:12] [INFO] pos_jitter/msc                 828        914        902        4.3     
[13:32:12] [INFO] pos_jitter/phase_alignment     2067       2217       1786       8.8     
[13:32:12] [INFO] clock_drift/msc                691        693        739        3.1     
[13:32:12] [INFO] clock_drift/phase_alignment    1113       1055       916        8.0     
[13:32:12] [INFO] 
  MODE: IONOFREE
[13:32:12] [INFO] 
  Loading step_2_0_pairs_ionofree_all_stations.csv...
[13:34:09] [INFO]   Total: 177,424,839 rows
[13:34:09] [INFO] 
[13:34:09] [INFO] ================================================================================
[13:34:09] [INFO] TEMPORAL STABILITY RESULTS
[13:34:09] [INFO] ================================================================================
[13:34:09] [INFO] 
[13:34:09] [INFO] 
--- clock_bias/msc ---
[13:34:09] [INFO] Period       λ (km)       R²                Pairs
[13:34:09] [INFO] --------------------------------------------------
[13:34:09] [INFO] 2022         1044         0.965        17,860,036
[13:34:09] [INFO] 2023         972          0.970        19,206,260
[13:34:09] [INFO] 2024         1236         0.969        22,075,317
[13:34:09] [INFO] all          1076         0.969        59,141,613
[13:34:09] [INFO]   Year-to-year CV: 10.3%
[13:34:09] [SUCCESS]   → STABLE (CV < 20%)
[13:34:09] [INFO] 
--- clock_bias/phase_alignment ---
[13:34:09] [INFO] Period       λ (km)       R²                Pairs
[13:34:09] [INFO] --------------------------------------------------
[13:34:09] [INFO] 2022         1837         0.756        17,860,036
[13:34:09] [INFO] 2023         1740         0.784        19,206,260
[13:34:09] [INFO] 2024         1758         0.790        22,075,317
[13:34:09] [INFO] all          1778         0.780        59,141,613
[13:34:09] [INFO]   Year-to-year CV: 2.4%
[13:34:09] [SUCCESS]   → STABLE (CV < 20%)
[13:34:09] [INFO] 
--- pos_jitter/msc ---
[13:34:09] [INFO] Period       λ (km)       R²                Pairs
[13:34:09] [INFO] --------------------------------------------------
[13:34:09] [INFO] 2022         1119         0.937        17,860,036
[13:34:09] [INFO] 2023         1229         0.948        19,206,260
[13:34:09] [INFO] 2024         1410         0.930        22,075,317
[13:34:09] [INFO] all          1242         0.940        59,141,613
[13:34:09] [INFO]   Year-to-year CV: 9.6%
[13:34:09] [SUCCESS]   → STABLE (CV < 20%)
[13:34:09] [INFO] 
--- pos_jitter/phase_alignment ---
[13:34:09] [INFO] Period       λ (km)       R²                Pairs
[13:34:09] [INFO] --------------------------------------------------
[13:34:09] [INFO] 2022         2469         0.943        17,860,036
[13:34:09] [INFO] 2023         3864         0.952        19,206,260
[13:34:09] [INFO] 2024         4505         0.952        22,075,317
[13:34:09] [INFO] all          3520         0.949        59,141,613
[13:34:09] [INFO]   Year-to-year CV: 23.5%
[13:34:09] [WARNING]   → VARIABLE (CV ≥ 20%)
[13:34:09] [INFO] 
--- clock_drift/msc ---
[13:34:09] [INFO] Period       λ (km)       R²                Pairs
[13:34:09] [INFO] --------------------------------------------------
[13:34:09] [INFO] 2022         1027         0.963        17,860,036
[13:34:09] [INFO] 2023         983          0.969        19,206,260
[13:34:09] [INFO] 2024         1239         0.971        22,075,317
[13:34:09] [INFO] all          1077         0.969        59,141,613
[13:34:09] [INFO]   Year-to-year CV: 10.3%
[13:34:09] [SUCCESS]   → STABLE (CV < 20%)
[13:34:09] [INFO] 
--- clock_drift/phase_alignment ---
[13:34:09] [INFO] Period       λ (km)       R²                Pairs
[13:34:09] [INFO] --------------------------------------------------
[13:34:09] [INFO] 2022         1126         0.892        17,860,036
[13:34:09] [INFO] 2023         1109         0.896        19,206,260
[13:34:09] [INFO] 2024         1087         0.889        22,075,317
[13:34:09] [INFO] all          1106         0.895        59,141,613
[13:34:09] [INFO]   Year-to-year CV: 1.5%
[13:34:09] [SUCCESS]   → STABLE (CV < 20%)
[13:34:09] [INFO] 
[13:34:09] [INFO] ================================================================================
[13:34:09] [INFO] TEMPORAL STABILITY SUMMARY
[13:34:09] [INFO] ================================================================================
[13:34:09] [INFO] 
[13:34:09] [INFO] Mode                           2022 λ     2023 λ     2024 λ     CV%     
[13:34:09] [INFO] ----------------------------------------------------------------------
[13:34:09] [INFO] clock_bias/msc                 1044       972        1236       10.3    
[13:34:09] [INFO] clock_bias/phase_alignment     1837       1740       1758       2.4     
[13:34:09] [INFO] pos_jitter/msc                 1119       1229       1410       9.6     
[13:34:09] [INFO] pos_jitter/phase_alignment     2469       3864       4505       23.5    
[13:34:09] [INFO] clock_drift/msc                1027       983        1239       10.3    
[13:34:09] [INFO] clock_drift/phase_alignment    1126       1109       1087       1.5     
[13:34:09] [INFO] 
  MODE: MULTI_GNSS
[13:34:09] [INFO] 
  Loading step_2_0_pairs_multi_gnss_all_stations.csv...
[13:35:57] [INFO]   Total: 174,150,054 rows
[13:35:57] [INFO] 
[13:35:57] [INFO] ================================================================================
[13:35:57] [INFO] TEMPORAL STABILITY RESULTS
[13:35:57] [INFO] ================================================================================
[13:35:57] [INFO] 
[13:35:57] [INFO] 
--- clock_bias/msc ---
[13:35:57] [INFO] Period       λ (km)       R²                Pairs
[13:35:57] [INFO] --------------------------------------------------
[13:35:57] [INFO] 2022         779          0.929        17,393,930
[13:35:57] [INFO] 2023         826          0.929        18,870,059
[13:35:57] [INFO] 2024         874          0.917        21,786,029
[13:35:57] [INFO] all          823          0.925        58,050,018
[13:35:57] [INFO]   Year-to-year CV: 4.7%
[13:35:57] [SUCCESS]   → STABLE (CV < 20%)
[13:35:57] [INFO] 
--- clock_bias/phase_alignment ---
[13:35:57] [INFO] Period       λ (km)       R²                Pairs
[13:35:57] [INFO] --------------------------------------------------
[13:35:57] [INFO] 2022         1615         0.942        17,393,930
[13:35:57] [INFO] 2023         1660         0.964        18,870,059
[13:35:57] [INFO] 2024         2008         0.958        21,786,029
[13:35:57] [INFO] all          1775         0.959        58,050,018
[13:35:57] [INFO]   Year-to-year CV: 10.0%
[13:35:57] [SUCCESS]   → STABLE (CV < 20%)
[13:35:57] [INFO] 
--- pos_jitter/msc ---
[13:35:57] [INFO] Period       λ (km)       R²                Pairs
[13:35:57] [INFO] --------------------------------------------------
[13:35:57] [INFO] 2022         914          0.981        17,393,930
[13:35:57] [INFO] 2023         947          0.973        18,870,059
[13:35:57] [INFO] 2024         937          0.965        21,786,029
[13:35:57] [INFO] all          931          0.973        58,050,018
[13:35:57] [INFO]   Year-to-year CV: 1.5%
[13:35:57] [SUCCESS]   → STABLE (CV < 20%)
[13:35:57] [INFO] 
--- pos_jitter/phase_alignment ---
[13:35:57] [INFO] Period       λ (km)       R²                Pairs
[13:35:57] [INFO] --------------------------------------------------
[13:35:57] [INFO] 2022         1802         0.954        17,393,930
[13:35:57] [INFO] 2023         1820         0.960        18,870,059
[13:35:57] [INFO] 2024         1712         0.953        21,786,029
[13:35:57] [INFO] all          1774         0.956        58,050,018
[13:35:57] [INFO]   Year-to-year CV: 2.7%
[13:35:57] [SUCCESS]   → STABLE (CV < 20%)
[13:35:57] [INFO] 
--- clock_drift/msc ---
[13:35:57] [INFO] Period       λ (km)       R²                Pairs
[13:35:57] [INFO] --------------------------------------------------
[13:35:57] [INFO] 2022         714          0.934        17,393,930
[13:35:57] [INFO] 2023         782          0.930        18,870,059
[13:35:57] [INFO] 2024         807          0.918        21,786,029
[13:35:57] [INFO] all          765          0.928        58,050,018
[13:35:57] [INFO]   Year-to-year CV: 5.1%
[13:35:57] [SUCCESS]   → STABLE (CV < 20%)
[13:35:57] [INFO] 
--- clock_drift/phase_alignment ---
[13:35:57] [INFO] Period       λ (km)       R²                Pairs
[13:35:57] [INFO] --------------------------------------------------
[13:35:57] [INFO] 2022         983          0.965        17,393,930
[13:35:57] [INFO] 2023         974          0.961        18,870,059
[13:35:57] [INFO] 2024         1003         0.973        21,786,029
[13:35:57] [INFO] all          986          0.968        58,050,018
[13:35:57] [INFO]   Year-to-year CV: 1.3%
[13:35:57] [SUCCESS]   → STABLE (CV < 20%)
[13:35:57] [INFO] 
[13:35:57] [INFO] ================================================================================
[13:35:57] [INFO] TEMPORAL STABILITY SUMMARY
[13:35:57] [INFO] ================================================================================
[13:35:57] [INFO] 
[13:35:57] [INFO] Mode                           2022 λ     2023 λ     2024 λ     CV%     
[13:35:57] [INFO] ----------------------------------------------------------------------
[13:35:57] [INFO] clock_bias/msc                 779        826        874        4.7     
[13:35:57] [INFO] clock_bias/phase_alignment     1615       1660       2008       10.0    
[13:35:57] [INFO] pos_jitter/msc                 914        947        937        1.5     
[13:35:57] [INFO] pos_jitter/phase_alignment     1802       1820       1712       2.7     
[13:35:57] [INFO] clock_drift/msc                714        782        807        5.1     
[13:35:57] [INFO] clock_drift/phase_alignment    983        974        1003       1.3     
[13:35:57] [INFO] 
  MODE: PRECISE
[13:35:57] [INFO] 
  Loading step_2_0_pairs_precise_all_stations.csv...
[13:37:47] [INFO]   Total: 176,109,027 rows
[13:37:47] [INFO] 
[13:37:47] [INFO] ================================================================================
[13:37:47] [INFO] TEMPORAL STABILITY RESULTS
[13:37:47] [INFO] ================================================================================
[13:37:47] [INFO] 
[13:37:47] [INFO] 
--- clock_bias/msc ---
[13:37:47] [INFO] Period       λ (km)       R²                Pairs
[13:37:47] [INFO] --------------------------------------------------
[13:37:47] [INFO] 2022         1306         0.972        17,794,287
[13:37:47] [INFO] 2023         1226         0.971        18,960,961
[13:37:47] [INFO] 2024         1124         0.969        21,947,761
[13:37:47] [INFO] all          1205         0.973        58,703,009
[13:37:47] [INFO]   Year-to-year CV: 6.1%
[13:37:47] [SUCCESS]   → STABLE (CV < 20%)
[13:37:47] [INFO] 
--- clock_bias/phase_alignment ---
[13:37:47] [INFO] Period       λ (km)       R²                Pairs
[13:37:47] [INFO] --------------------------------------------------
[13:37:47] [INFO] 2022         1751         0.700        17,794,287
[13:37:47] [INFO] 2023         1721         0.704        18,960,961
[13:37:47] [INFO] 2024         1653         0.677        21,947,761
[13:37:47] [INFO] all          1706         0.699        58,703,009
[13:37:47] [INFO]   Year-to-year CV: 2.4%
[13:37:47] [SUCCESS]   → STABLE (CV < 20%)
[13:37:47] [INFO] 
--- pos_jitter/msc ---
[13:37:47] [INFO] Period       λ (km)       R²                Pairs
[13:37:47] [INFO] --------------------------------------------------
[13:37:47] [INFO] 2022         1146         0.919        17,794,287
[13:37:47] [INFO] 2023         1641         0.929        18,960,961
[13:37:47] [INFO] 2024         1456         0.921        21,947,761
[13:37:47] [INFO] all          1406         0.923        58,703,009
[13:37:47] [INFO]   Year-to-year CV: 14.4%
[13:37:47] [SUCCESS]   → STABLE (CV < 20%)
[13:37:47] [INFO] 
--- pos_jitter/phase_alignment ---
[13:37:47] [INFO] Period       λ (km)       R²                Pairs
[13:37:47] [INFO] --------------------------------------------------
[13:37:47] [INFO] 2022         2352         0.958        17,794,287
[13:37:47] [INFO] 2023         3520         0.961        18,960,961
[13:37:47] [INFO] 2024         5605         0.967        21,947,761
[13:37:47] [INFO] all          3590         0.964        58,703,009
[13:37:47] [INFO]   Year-to-year CV: 35.2%
[13:37:47] [WARNING]   → VARIABLE (CV ≥ 20%)
[13:37:47] [INFO] 
--- clock_drift/msc ---
[13:37:47] [INFO] Period       λ (km)       R²                Pairs
[13:37:47] [INFO] --------------------------------------------------
[13:37:47] [INFO] 2022         1282         0.971        17,794,287
[13:37:47] [INFO] 2023         1238         0.968        18,960,961
[13:37:47] [INFO] 2024         1133         0.966        21,947,761
[13:37:47] [INFO] all          1205         0.971        58,703,009
[13:37:47] [INFO]   Year-to-year CV: 5.1%
[13:37:47] [SUCCESS]   → STABLE (CV < 20%)
[13:37:47] [INFO] 
--- clock_drift/phase_alignment ---
[13:37:47] [INFO] Period       λ (km)       R²                Pairs
[13:37:47] [INFO] --------------------------------------------------
[13:37:47] [INFO] 2022         1193         0.855        17,794,287
[13:37:47] [INFO] 2023         1182         0.868        18,960,961
[13:37:47] [INFO] 2024         1140         0.832        21,947,761
[13:37:47] [INFO] all          1169         0.854        58,703,009
[13:37:47] [INFO]   Year-to-year CV: 2.0%
[13:37:47] [SUCCESS]   → STABLE (CV < 20%)
[13:37:47] [INFO] 
[13:37:47] [INFO] ================================================================================
[13:37:47] [INFO] TEMPORAL STABILITY SUMMARY
[13:37:47] [INFO] ================================================================================
[13:37:47] [INFO] 
[13:37:47] [INFO] Mode                           2022 λ     2023 λ     2024 λ     CV%     
[13:37:47] [INFO] ----------------------------------------------------------------------
[13:37:47] [INFO] clock_bias/msc                 1306       1226       1124       6.1     
[13:37:47] [INFO] clock_bias/phase_alignment     1751       1721       1653       2.4     
[13:37:47] [INFO] pos_jitter/msc                 1146       1641       1456       14.4    
[13:37:47] [INFO] pos_jitter/phase_alignment     2352       3520       5605       35.2    
[13:37:47] [INFO] clock_drift/msc                1282       1238       1133       5.1     
[13:37:47] [INFO] clock_drift/phase_alignment    1193       1182       1140       2.0     
[13:37:47] [SUCCESS]   Saved: step_2_3_temporal_analysis_all_stations__rerun_20251217_1329.json
[13:37:47] [INFO] 
################################################################################
[13:37:47] [INFO] # FILTER: OPTIMAL_100
[13:37:47] [INFO] ################################################################################
[13:37:47] [INFO]   Using 100 stations
[13:37:47] [INFO] 
  MODE: BASELINE
[13:37:47] [INFO] 
  Loading step_2_0_pairs_baseline_optimal_100.csv...
[13:37:51] [INFO]   Total: 7,266,741 rows
[13:37:51] [INFO] 
[13:37:51] [INFO] ================================================================================
[13:37:51] [INFO] TEMPORAL STABILITY RESULTS
[13:37:51] [INFO] ================================================================================
[13:37:51] [INFO] 
[13:37:51] [INFO] 
--- clock_bias/msc ---
[13:37:51] [INFO] Period       λ (km)       R²                Pairs
[13:37:51] [INFO] --------------------------------------------------
[13:37:51] [INFO] 2022         650          0.982           753,454
[13:37:51] [INFO] 2023         638          0.970           820,511
[13:37:51] [INFO] 2024         608          0.960           848,282
[13:37:51] [INFO] all          633          0.973         2,422,247
[13:37:51] [INFO]   Year-to-year CV: 2.8%
[13:37:51] [SUCCESS]   → STABLE (CV < 20%)
[13:37:51] [INFO] 
--- clock_bias/phase_alignment ---
[13:37:51] [INFO] Period       λ (km)       R²                Pairs
[13:37:51] [INFO] --------------------------------------------------
[13:37:51] [INFO] 2022         1930         0.902           753,454
[13:37:51] [INFO] 2023         2032         0.940           820,511
[13:37:51] [INFO] 2024         2286         0.956           848,282
[13:37:51] [INFO] all          2058         0.938         2,422,247
[13:37:51] [INFO]   Year-to-year CV: 7.2%
[13:37:51] [SUCCESS]   → STABLE (CV < 20%)
[13:37:51] [INFO] 
--- pos_jitter/msc ---
[13:37:51] [INFO] Period       λ (km)       R²                Pairs
[13:37:51] [INFO] --------------------------------------------------
[13:37:51] [INFO] 2022         691          0.995           753,454
[13:37:51] [INFO] 2023         724          0.984           820,511
[13:37:51] [INFO] 2024         635          0.982           848,282
[13:37:51] [INFO] all          685          0.989         2,422,247
[13:37:51] [INFO]   Year-to-year CV: 5.4%
[13:37:51] [SUCCESS]   → STABLE (CV < 20%)
[13:37:51] [INFO] 
--- pos_jitter/phase_alignment ---
[13:37:51] [INFO] Period       λ (km)       R²                Pairs
[13:37:51] [INFO] --------------------------------------------------
[13:37:51] [INFO] 2022         3373         0.987           753,454
[13:37:51] [INFO] 2023         2978         0.987           820,511
[13:37:51] [INFO] 2024         2739         0.979           848,282
[13:37:51] [INFO] all          2996         0.986         2,422,247
[13:37:51] [INFO]   Year-to-year CV: 8.6%
[13:37:51] [SUCCESS]   → STABLE (CV < 20%)
[13:37:51] [INFO] 
--- clock_drift/msc ---
[13:37:51] [INFO] Period       λ (km)       R²                Pairs
[13:37:51] [INFO] --------------------------------------------------
[13:37:51] [INFO] 2022         642          0.983           753,454
[13:37:51] [INFO] 2023         635          0.972           820,511
[13:37:51] [INFO] 2024         596          0.963           848,282
[13:37:51] [INFO] all          626          0.976         2,422,247
[13:37:51] [INFO]   Year-to-year CV: 3.2%
[13:37:51] [SUCCESS]   → STABLE (CV < 20%)
[13:37:51] [INFO] 
--- clock_drift/phase_alignment ---
[13:37:51] [INFO] Period       λ (km)       R²                Pairs
[13:37:51] [INFO] --------------------------------------------------
[13:37:51] [INFO] 2022         1066         0.949           753,454
[13:37:51] [INFO] 2023         1111         0.939           820,511
[13:37:51] [INFO] 2024         1000         0.951           848,282
[13:37:51] [INFO] all          1060         0.949         2,422,247
[13:37:51] [INFO]   Year-to-year CV: 4.3%
[13:37:51] [SUCCESS]   → STABLE (CV < 20%)
[13:37:51] [INFO] 
[13:37:51] [INFO] ================================================================================
[13:37:51] [INFO] TEMPORAL STABILITY SUMMARY
[13:37:51] [INFO] ================================================================================
[13:37:51] [INFO] 
[13:37:51] [INFO] Mode                           2022 λ     2023 λ     2024 λ     CV%     
[13:37:51] [INFO] ----------------------------------------------------------------------
[13:37:51] [INFO] clock_bias/msc                 650        638        608        2.8     
[13:37:51] [INFO] clock_bias/phase_alignment     1930       2032       2286       7.2     
[13:37:51] [INFO] pos_jitter/msc                 691        724        635        5.4     
[13:37:51] [INFO] pos_jitter/phase_alignment     3373       2978       2739       8.6     
[13:37:51] [INFO] clock_drift/msc                642        635        596        3.2     
[13:37:51] [INFO] clock_drift/phase_alignment    1066       1111       1000       4.3     
[13:37:51] [INFO] 
  MODE: IONOFREE
[13:37:51] [INFO] 
  Loading step_2_0_pairs_ionofree_optimal_100.csv...
[13:37:55] [INFO]   Total: 7,115,628 rows
[13:37:55] [INFO] 
[13:37:55] [INFO] ================================================================================
[13:37:55] [INFO] TEMPORAL STABILITY RESULTS
[13:37:55] [INFO] ================================================================================
[13:37:55] [INFO] 
[13:37:55] [INFO] 
--- clock_bias/msc ---
[13:37:55] [INFO] Period       λ (km)       R²                Pairs
[13:37:55] [INFO] --------------------------------------------------
[13:37:55] [INFO] 2022         780          0.984           742,982
[13:37:55] [INFO] 2023         789          0.975           795,483
[13:37:55] [INFO] 2024         892          0.957           833,411
[13:37:55] [INFO] all          815          0.975         2,371,876
[13:37:55] [INFO]   Year-to-year CV: 6.2%
[13:37:55] [SUCCESS]   → STABLE (CV < 20%)
[13:37:55] [INFO] 
--- clock_bias/phase_alignment ---
[13:37:55] [INFO] Period       λ (km)       R²                Pairs
[13:37:55] [INFO] --------------------------------------------------
[13:37:55] [INFO] 2022         1899         0.832           742,982
[13:37:55] [INFO] 2023         1929         0.833           795,483
[13:37:55] [INFO] 2024         1953         0.836           833,411
[13:37:55] [INFO] all          1927         0.836         2,371,876
[13:37:55] [INFO]   Year-to-year CV: 1.1%
[13:37:55] [SUCCESS]   → STABLE (CV < 20%)
[13:37:55] [INFO] 
--- pos_jitter/msc ---
[13:37:55] [INFO] Period       λ (km)       R²                Pairs
[13:37:55] [INFO] --------------------------------------------------
[13:37:55] [INFO] 2022         621          0.965           742,982
[13:37:55] [INFO] 2023         757          0.945           795,483
[13:37:55] [INFO] 2024         684          0.917           833,411
[13:37:55] [INFO] all          684          0.950         2,371,876
[13:37:55] [INFO]   Year-to-year CV: 8.1%
[13:37:55] [SUCCESS]   → STABLE (CV < 20%)
[13:37:55] [INFO] 
--- pos_jitter/phase_alignment ---
[13:37:55] [INFO] Period       λ (km)       R²                Pairs
[13:37:55] [INFO] --------------------------------------------------
[13:37:55] [INFO] 2022         2521         0.932           742,982
[13:37:55] [INFO] 2023         3959         0.967           795,483
[13:37:55] [INFO] 2024         4767         0.957           833,411
[13:37:55] [INFO] all          3875         0.958         2,371,876
[13:37:55] [INFO]   Year-to-year CV: 24.8%
[13:37:55] [WARNING]   → VARIABLE (CV ≥ 20%)
[13:37:55] [INFO] 
--- clock_drift/msc ---
[13:37:55] [INFO] Period       λ (km)       R²                Pairs
[13:37:55] [INFO] --------------------------------------------------
[13:37:55] [INFO] 2022         779          0.984           742,982
[13:37:55] [INFO] 2023         807          0.974           795,483
[13:37:55] [INFO] 2024         907          0.957           833,411
[13:37:55] [INFO] all          825          0.975         2,371,876
[13:37:55] [INFO]   Year-to-year CV: 6.6%
[13:37:55] [SUCCESS]   → STABLE (CV < 20%)
[13:37:55] [INFO] 
--- clock_drift/phase_alignment ---
[13:37:55] [INFO] Period       λ (km)       R²                Pairs
[13:37:55] [INFO] --------------------------------------------------
[13:37:55] [INFO] 2022         959          0.927           742,982
[13:37:55] [INFO] 2023         1127         0.904           795,483
[13:37:55] [INFO] 2024         1132         0.911           833,411
[13:37:55] [INFO] all          1074         0.918         2,371,876
[13:37:55] [INFO]   Year-to-year CV: 7.5%
[13:37:55] [SUCCESS]   → STABLE (CV < 20%)
[13:37:55] [INFO] 
[13:37:55] [INFO] ================================================================================
[13:37:55] [INFO] TEMPORAL STABILITY SUMMARY
[13:37:55] [INFO] ================================================================================
[13:37:55] [INFO] 
[13:37:55] [INFO] Mode                           2022 λ     2023 λ     2024 λ     CV%     
[13:37:55] [INFO] ----------------------------------------------------------------------
[13:37:55] [INFO] clock_bias/msc                 780        789        892        6.2     
[13:37:55] [INFO] clock_bias/phase_alignment     1899       1929       1953       1.1     
[13:37:55] [INFO] pos_jitter/msc                 621        757        684        8.1     
[13:37:55] [INFO] pos_jitter/phase_alignment     2521       3959       4767       24.8    
[13:37:55] [INFO] clock_drift/msc                779        807        907        6.6     
[13:37:55] [INFO] clock_drift/phase_alignment    959        1127       1132       7.5     
[13:37:55] [INFO] 
  MODE: MULTI_GNSS
[13:37:55] [INFO] 
  Loading step_2_0_pairs_multi_gnss_optimal_100.csv...
[13:37:59] [INFO]   Total: 7,023,978 rows
[13:37:59] [INFO] 
[13:37:59] [INFO] ================================================================================
[13:37:59] [INFO] TEMPORAL STABILITY RESULTS
[13:37:59] [INFO] ================================================================================
[13:37:59] [INFO] 
[13:37:59] [INFO] 
--- clock_bias/msc ---
[13:37:59] [INFO] Period       λ (km)       R²                Pairs
[13:37:59] [INFO] --------------------------------------------------
[13:37:59] [INFO] 2022         700          0.953           713,007
[13:37:59] [INFO] 2023         705          0.945           800,938
[13:37:59] [INFO] 2024         718          0.937           827,381
[13:37:59] [INFO] all          708          0.947         2,341,326
[13:37:59] [INFO]   Year-to-year CV: 1.1%
[13:37:59] [SUCCESS]   → STABLE (CV < 20%)
[13:37:59] [INFO] 
--- clock_bias/phase_alignment ---
[13:37:59] [INFO] Period       λ (km)       R²                Pairs
[13:37:59] [INFO] --------------------------------------------------
[13:37:59] [INFO] 2022         1831         0.947           713,007
[13:37:59] [INFO] 2023         2188         0.971           800,938
[13:37:59] [INFO] 2024         2655         0.972           827,381
[13:37:59] [INFO] all          2196         0.968         2,341,326
[13:37:59] [INFO]   Year-to-year CV: 15.2%
[13:37:59] [SUCCESS]   → STABLE (CV < 20%)
[13:37:59] [INFO] 
--- pos_jitter/msc ---
[13:37:59] [INFO] Period       λ (km)       R²                Pairs
[13:37:59] [INFO] --------------------------------------------------
[13:37:59] [INFO] 2022         813          0.983           713,007
[13:37:59] [INFO] 2023         811          0.970           800,938
[13:37:59] [INFO] 2024         770          0.965           827,381
[13:37:59] [INFO] all          798          0.973         2,341,326
[13:37:59] [INFO]   Year-to-year CV: 2.5%
[13:37:59] [SUCCESS]   → STABLE (CV < 20%)
[13:37:59] [INFO] 
--- pos_jitter/phase_alignment ---
[13:37:59] [INFO] Period       λ (km)       R²                Pairs
[13:37:59] [INFO] --------------------------------------------------
[13:37:59] [INFO] 2022         2960         0.983           713,007
[13:37:59] [INFO] 2023         2624         0.986           800,938
[13:37:59] [INFO] 2024         2660         0.984           827,381
[13:37:59] [INFO] all          2733         0.985         2,341,326
[13:37:59] [INFO]   Year-to-year CV: 5.5%
[13:37:59] [SUCCESS]   → STABLE (CV < 20%)
[13:37:59] [INFO] 
--- clock_drift/msc ---
[13:37:59] [INFO] Period       λ (km)       R²                Pairs
[13:37:59] [INFO] --------------------------------------------------
[13:37:59] [INFO] 2022         674          0.956           713,007
[13:37:59] [INFO] 2023         690          0.947           800,938
[13:37:59] [INFO] 2024         687          0.940           827,381
[13:37:59] [INFO] all          684          0.949         2,341,326
[13:37:59] [INFO]   Year-to-year CV: 1.0%
[13:37:59] [SUCCESS]   → STABLE (CV < 20%)
[13:37:59] [INFO] 
--- clock_drift/phase_alignment ---
[13:37:59] [INFO] Period       λ (km)       R²                Pairs
[13:37:59] [INFO] --------------------------------------------------
[13:37:59] [INFO] 2022         1152         0.966           713,007
[13:37:59] [INFO] 2023         1185         0.967           800,938
[13:37:59] [INFO] 2024         1205         0.975           827,381
[13:37:59] [INFO] all          1181         0.971         2,341,326
[13:37:59] [INFO]   Year-to-year CV: 1.9%
[13:37:59] [SUCCESS]   → STABLE (CV < 20%)
[13:37:59] [INFO] 
[13:37:59] [INFO] ================================================================================
[13:37:59] [INFO] TEMPORAL STABILITY SUMMARY
[13:37:59] [INFO] ================================================================================
[13:37:59] [INFO] 
[13:37:59] [INFO] Mode                           2022 λ     2023 λ     2024 λ     CV%     
[13:37:59] [INFO] ----------------------------------------------------------------------
[13:37:59] [INFO] clock_bias/msc                 700        705        718        1.1     
[13:37:59] [INFO] clock_bias/phase_alignment     1831       2188       2655       15.2    
[13:37:59] [INFO] pos_jitter/msc                 813        811        770        2.5     
[13:37:59] [INFO] pos_jitter/phase_alignment     2960       2624       2660       5.5     
[13:37:59] [INFO] clock_drift/msc                674        690        687        1.0     
[13:37:59] [INFO] clock_drift/phase_alignment    1152       1185       1205       1.9     
[13:37:59] [INFO] 
  MODE: PRECISE
[13:37:59] [INFO] 
  Loading step_2_0_pairs_precise_optimal_100.csv...
[13:38:04] [INFO]   Total: 7,090,008 rows
[13:38:04] [INFO] 
[13:38:04] [INFO] ================================================================================
[13:38:04] [INFO] TEMPORAL STABILITY RESULTS
[13:38:04] [INFO] ================================================================================
[13:38:04] [INFO] 
[13:38:04] [INFO] 
--- clock_bias/msc ---
[13:38:04] [INFO] Period       λ (km)       R²                Pairs
[13:38:04] [INFO] --------------------------------------------------
[13:38:04] [INFO] 2022         997          0.982           739,962
[13:38:04] [INFO] 2023         877          0.968           792,182
[13:38:04] [INFO] 2024         1080         0.949           831,192
[13:38:04] [INFO] all          977          0.970         2,363,336
[13:38:04] [INFO]   Year-to-year CV: 8.5%
[13:38:04] [SUCCESS]   → STABLE (CV < 20%)
[13:38:04] [INFO] 
--- clock_bias/phase_alignment ---
[13:38:04] [INFO] Period       λ (km)       R²                Pairs
[13:38:04] [INFO] --------------------------------------------------
[13:38:04] [INFO] 2022         1933         0.782           739,962
[13:38:04] [INFO] 2023         1814         0.749           792,182
[13:38:04] [INFO] 2024         1777         0.731           831,192
[13:38:04] [INFO] all          1835         0.755         2,363,336
[13:38:04] [INFO]   Year-to-year CV: 3.6%
[13:38:04] [SUCCESS]   → STABLE (CV < 20%)
[13:38:04] [INFO] 
--- pos_jitter/msc ---
[13:38:04] [INFO] Period       λ (km)       R²                Pairs
[13:38:04] [INFO] --------------------------------------------------
[13:38:04] [INFO] 2022         665          0.951           739,962
[13:38:04] [INFO] 2023         829          0.909           792,182
[13:38:04] [INFO] 2024         885          0.913           831,192
[13:38:04] [INFO] all          778          0.932         2,363,336
[13:38:04] [INFO]   Year-to-year CV: 11.7%
[13:38:04] [SUCCESS]   → STABLE (CV < 20%)
[13:38:04] [INFO] 
--- pos_jitter/phase_alignment ---
[13:38:04] [INFO] Period       λ (km)       R²                Pairs
[13:38:04] [INFO] --------------------------------------------------
[13:38:04] [INFO] 2022         2005         0.899           739,962
[13:38:04] [INFO] 2023         5798         0.945           792,182
[13:38:04] [INFO] 2024         6426         0.920           831,192
[13:38:04] [INFO] all          5039         0.935         2,363,336
[13:38:04] [INFO]   Year-to-year CV: 41.2%
[13:38:04] [WARNING]   → VARIABLE (CV ≥ 20%)
[13:38:04] [INFO] 
--- clock_drift/msc ---
[13:38:04] [INFO] Period       λ (km)       R²                Pairs
[13:38:04] [INFO] --------------------------------------------------
[13:38:04] [INFO] 2022         1009         0.982           739,962
[13:38:04] [INFO] 2023         911          0.968           792,182
[13:38:04] [INFO] 2024         1115         0.950           831,192
[13:38:04] [INFO] all          1003         0.971         2,363,336
[13:38:04] [INFO]   Year-to-year CV: 8.2%
[13:38:04] [SUCCESS]   → STABLE (CV < 20%)
[13:38:04] [INFO] 
--- clock_drift/phase_alignment ---
[13:38:04] [INFO] Period       λ (km)       R²                Pairs
[13:38:04] [INFO] --------------------------------------------------
[13:38:04] [INFO] 2022         1181         0.885           739,962
[13:38:04] [INFO] 2023         1132         0.837           792,182
[13:38:04] [INFO] 2024         1284         0.857           831,192
[13:38:04] [INFO] all          1201         0.864         2,363,336
[13:38:04] [INFO]   Year-to-year CV: 5.3%
[13:38:04] [SUCCESS]   → STABLE (CV < 20%)
[13:38:04] [INFO] 
[13:38:04] [INFO] ================================================================================
[13:38:04] [INFO] TEMPORAL STABILITY SUMMARY
[13:38:04] [INFO] ================================================================================
[13:38:04] [INFO] 
[13:38:04] [INFO] Mode                           2022 λ     2023 λ     2024 λ     CV%     
[13:38:04] [INFO] ----------------------------------------------------------------------
[13:38:04] [INFO] clock_bias/msc                 997        877        1080       8.5     
[13:38:04] [INFO] clock_bias/phase_alignment     1933       1814       1777       3.6     
[13:38:04] [INFO] pos_jitter/msc                 665        829        885        11.7    
[13:38:04] [INFO] pos_jitter/phase_alignment     2005       5798       6426       41.2    
[13:38:04] [INFO] clock_drift/msc                1009       911        1115       8.2     
[13:38:04] [INFO] clock_drift/phase_alignment    1181       1132       1284       5.3     
[13:38:04] [SUCCESS]   Saved: step_2_3_temporal_analysis_optimal_100__rerun_20251217_1329.json
[13:38:04] [INFO] 
################################################################################
[13:38:04] [INFO] # FILTER: DYNAMIC_50
[13:38:04] [INFO] ################################################################################
[13:38:04] [INFO]   Using 400 stations
[13:38:04] [INFO] 
  MODE: BASELINE
[13:38:04] [INFO] 
  Loading step_2_0_pairs_baseline_dynamic_50.csv...
[13:39:11] [INFO]   Total: 109,963,836 rows
[13:39:11] [INFO] 
[13:39:11] [INFO] ================================================================================
[13:39:11] [INFO] TEMPORAL STABILITY RESULTS
[13:39:11] [INFO] ================================================================================
[13:39:11] [INFO] 
[13:39:11] [INFO] 
--- clock_bias/msc ---
[13:39:11] [INFO] Period       λ (km)       R²                Pairs
[13:39:11] [INFO] --------------------------------------------------
[13:39:11] [INFO] 2022         762          0.975        12,464,389
[13:39:11] [INFO] 2023         764          0.974        12,108,259
[13:39:11] [INFO] 2024         783          0.953        12,081,964
[13:39:11] [INFO] all          768          0.969        36,654,612
[13:39:11] [INFO]   Year-to-year CV: 1.2%
[13:39:11] [SUCCESS]   → STABLE (CV < 20%)
[13:39:11] [INFO] 
--- clock_bias/phase_alignment ---
[13:39:11] [INFO] Period       λ (km)       R²                Pairs
[13:39:11] [INFO] --------------------------------------------------
[13:39:11] [INFO] 2022         1738         0.868        12,464,389
[13:39:11] [INFO] 2023         1754         0.889        12,108,259
[13:39:11] [INFO] 2024         1902         0.938        12,081,964
[13:39:11] [INFO] all          1793         0.901        36,654,612
[13:39:11] [INFO]   Year-to-year CV: 4.1%
[13:39:11] [SUCCESS]   → STABLE (CV < 20%)
[13:39:11] [INFO] 
--- pos_jitter/msc ---
[13:39:11] [INFO] Period       λ (km)       R²                Pairs
[13:39:11] [INFO] --------------------------------------------------
[13:39:11] [INFO] 2022         857          0.980        12,464,389
[13:39:11] [INFO] 2023         944          0.984        12,108,259
[13:39:11] [INFO] 2024         903          0.970        12,081,964
[13:39:11] [INFO] all          901          0.980        36,654,612
[13:39:11] [INFO]   Year-to-year CV: 3.9%
[13:39:11] [SUCCESS]   → STABLE (CV < 20%)
[13:39:11] [INFO] 
--- pos_jitter/phase_alignment ---
[13:39:11] [INFO] Period       λ (km)       R²                Pairs
[13:39:11] [INFO] --------------------------------------------------
[13:39:11] [INFO] 2022         2095         0.964        12,464,389
[13:39:11] [INFO] 2023         2297         0.974        12,108,259
[13:39:11] [INFO] 2024         1875         0.953        12,081,964
[13:39:11] [INFO] all          2075         0.965        36,654,612
[13:39:11] [INFO]   Year-to-year CV: 8.2%
[13:39:11] [SUCCESS]   → STABLE (CV < 20%)
[13:39:11] [INFO] 
--- clock_drift/msc ---
[13:39:11] [INFO] Period       λ (km)       R²                Pairs
[13:39:11] [INFO] --------------------------------------------------
[13:39:11] [INFO] 2022         745          0.975        12,464,389
[13:39:11] [INFO] 2023         751          0.974        12,108,259
[13:39:11] [INFO] 2024         756          0.953        12,081,964
[13:39:11] [INFO] all          749          0.969        36,654,612
[13:39:11] [INFO]   Year-to-year CV: 0.6%
[13:39:11] [SUCCESS]   → STABLE (CV < 20%)
[13:39:11] [INFO] 
--- clock_drift/phase_alignment ---
[13:39:11] [INFO] Period       λ (km)       R²                Pairs
[13:39:11] [INFO] --------------------------------------------------
[13:39:11] [INFO] 2022         1097         0.943        12,464,389
[13:39:11] [INFO] 2023         1074         0.931        12,108,259
[13:39:11] [INFO] 2024         927          0.943        12,081,964
[13:39:11] [INFO] all          1034         0.942        36,654,612
[13:39:11] [INFO]   Year-to-year CV: 7.3%
[13:39:11] [SUCCESS]   → STABLE (CV < 20%)
[13:39:11] [INFO] 
[13:39:11] [INFO] ================================================================================
[13:39:11] [INFO] TEMPORAL STABILITY SUMMARY
[13:39:11] [INFO] ================================================================================
[13:39:11] [INFO] 
[13:39:11] [INFO] Mode                           2022 λ     2023 λ     2024 λ     CV%     
[13:39:11] [INFO] ----------------------------------------------------------------------
[13:39:11] [INFO] clock_bias/msc                 762        764        783        1.2     
[13:39:11] [INFO] clock_bias/phase_alignment     1738       1754       1902       4.1     
[13:39:11] [INFO] pos_jitter/msc                 857        944        903        3.9     
[13:39:11] [INFO] pos_jitter/phase_alignment     2095       2297       1875       8.2     
[13:39:11] [INFO] clock_drift/msc                745        751        756        0.6     
[13:39:11] [INFO] clock_drift/phase_alignment    1097       1074       927        7.3     
[13:39:11] [INFO] 
  MODE: IONOFREE
[13:39:11] [INFO] 
  Loading step_2_0_pairs_ionofree_dynamic_50.csv...
[13:40:20] [INFO]   Total: 106,502,166 rows
[13:40:20] [INFO] 
[13:40:20] [INFO] ================================================================================
[13:40:20] [INFO] TEMPORAL STABILITY RESULTS
[13:40:20] [INFO] ================================================================================
[13:40:20] [INFO] 
[13:40:20] [INFO] 
--- clock_bias/msc ---
[13:40:20] [INFO] Period       λ (km)       R²                Pairs
[13:40:20] [INFO] --------------------------------------------------
[13:40:20] [INFO] 2022         1056         0.975        12,164,891
[13:40:20] [INFO] 2023         1007         0.975        11,687,256
[13:40:20] [INFO] 2024         1229         0.979        11,648,575
[13:40:20] [INFO] all          1087         0.977        35,500,722
[13:40:20] [INFO]   Year-to-year CV: 8.7%
[13:40:20] [SUCCESS]   → STABLE (CV < 20%)
[13:40:20] [INFO] 
--- clock_bias/phase_alignment ---
[13:40:20] [INFO] Period       λ (km)       R²                Pairs
[13:40:20] [INFO] --------------------------------------------------
[13:40:20] [INFO] 2022         1855         0.769        12,164,891
[13:40:20] [INFO] 2023         1814         0.779        11,687,256
[13:40:20] [INFO] 2024         1885         0.804        11,648,575
[13:40:20] [INFO] all          1853         0.786        35,500,722
[13:40:20] [INFO]   Year-to-year CV: 1.6%
[13:40:20] [SUCCESS]   → STABLE (CV < 20%)
[13:40:20] [INFO] 
--- pos_jitter/msc ---
[13:40:20] [INFO] Period       λ (km)       R²                Pairs
[13:40:20] [INFO] --------------------------------------------------
[13:40:20] [INFO] 2022         1129         0.942        12,164,891
[13:40:20] [INFO] 2023         1164         0.953        11,687,256
[13:40:20] [INFO] 2024         1238         0.941        11,648,575
[13:40:20] [INFO] all          1173         0.948        35,500,722
[13:40:20] [INFO]   Year-to-year CV: 3.9%
[13:40:20] [SUCCESS]   → STABLE (CV < 20%)
[13:40:20] [INFO] 
--- pos_jitter/phase_alignment ---
[13:40:20] [INFO] Period       λ (km)       R²                Pairs
[13:40:20] [INFO] --------------------------------------------------
[13:40:20] [INFO] 2022         2441         0.948        12,164,891
[13:40:20] [INFO] 2023         3772         0.952        11,687,256
[13:40:20] [INFO] 2024         4412         0.946        11,648,575
[13:40:20] [INFO] all          3349         0.950        35,500,722
[13:40:20] [INFO]   Year-to-year CV: 23.2%
[13:40:20] [WARNING]   → VARIABLE (CV ≥ 20%)
[13:40:20] [INFO] 
--- clock_drift/msc ---
[13:40:20] [INFO] Period       λ (km)       R²                Pairs
[13:40:20] [INFO] --------------------------------------------------
[13:40:20] [INFO] 2022         1040         0.972        12,164,891
[13:40:20] [INFO] 2023         1020         0.972        11,687,256
[13:40:20] [INFO] 2024         1245         0.979        11,648,575
[13:40:20] [INFO] all          1091         0.975        35,500,722
[13:40:20] [INFO]   Year-to-year CV: 9.2%
[13:40:20] [SUCCESS]   → STABLE (CV < 20%)
[13:40:20] [INFO] 
--- clock_drift/phase_alignment ---
[13:40:20] [INFO] Period       λ (km)       R²                Pairs
[13:40:20] [INFO] --------------------------------------------------
[13:40:20] [INFO] 2022         1130         0.905        12,164,891
[13:40:20] [INFO] 2023         1137         0.898        11,687,256
[13:40:20] [INFO] 2024         1124         0.888        11,648,575
[13:40:20] [INFO] all          1132         0.900        35,500,722
[13:40:20] [INFO]   Year-to-year CV: 0.5%
[13:40:20] [SUCCESS]   → STABLE (CV < 20%)
[13:40:20] [INFO] 
[13:40:20] [INFO] ================================================================================
[13:40:20] [INFO] TEMPORAL STABILITY SUMMARY
[13:40:20] [INFO] ================================================================================
[13:40:20] [INFO] 
[13:40:20] [INFO] Mode                           2022 λ     2023 λ     2024 λ     CV%     
[13:40:20] [INFO] ----------------------------------------------------------------------
[13:40:20] [INFO] clock_bias/msc                 1056       1007       1229       8.7     
[13:40:20] [INFO] clock_bias/phase_alignment     1855       1814       1885       1.6     
[13:40:20] [INFO] pos_jitter/msc                 1129       1164       1238       3.9     
[13:40:20] [INFO] pos_jitter/phase_alignment     2441       3772       4412       23.2    
[13:40:20] [INFO] clock_drift/msc                1040       1020       1245       9.2     
[13:40:20] [INFO] clock_drift/phase_alignment    1130       1137       1124       0.5     
[13:40:20] [INFO] 
  MODE: MULTI_GNSS
[13:40:20] [INFO] 
  Loading step_2_0_pairs_multi_gnss_dynamic_50.csv...
[13:41:24] [INFO]   Total: 103,908,780 rows
[13:41:24] [INFO] 
[13:41:24] [INFO] ================================================================================
[13:41:24] [INFO] TEMPORAL STABILITY RESULTS
[13:41:24] [INFO] ================================================================================
[13:41:24] [INFO] 
[13:41:24] [INFO] 
--- clock_bias/msc ---
[13:41:24] [INFO] Period       λ (km)       R²                Pairs
[13:41:24] [INFO] --------------------------------------------------
[13:41:24] [INFO] 2022         814          0.955        11,827,275
[13:41:24] [INFO] 2023         849          0.951        11,472,935
[13:41:24] [INFO] 2024         856          0.941        11,380,111
[13:41:24] [INFO] all          836          0.950        34,680,321
[13:41:24] [INFO]   Year-to-year CV: 2.2%
[13:41:24] [SUCCESS]   → STABLE (CV < 20%)
[13:41:24] [INFO] 
--- clock_bias/phase_alignment ---
[13:41:24] [INFO] Period       λ (km)       R²                Pairs
[13:41:24] [INFO] --------------------------------------------------
[13:41:24] [INFO] 2022         1593         0.956        11,827,275
[13:41:24] [INFO] 2023         1684         0.970        11,472,935
[13:41:24] [INFO] 2024         1997         0.968        11,380,111
[13:41:24] [INFO] all          1753         0.967        34,680,321
[13:41:24] [INFO]   Year-to-year CV: 9.9%
[13:41:24] [SUCCESS]   → STABLE (CV < 20%)
[13:41:24] [INFO] 
--- pos_jitter/msc ---
[13:41:24] [INFO] Period       λ (km)       R²                Pairs
[13:41:24] [INFO] --------------------------------------------------
[13:41:24] [INFO] 2022         919          0.980        11,827,275
[13:41:24] [INFO] 2023         930          0.977        11,472,935
[13:41:24] [INFO] 2024         887          0.969        11,380,111
[13:41:24] [INFO] all          909          0.976        34,680,321
[13:41:24] [INFO]   Year-to-year CV: 2.0%
[13:41:24] [SUCCESS]   → STABLE (CV < 20%)
[13:41:24] [INFO] 
--- pos_jitter/phase_alignment ---
[13:41:24] [INFO] Period       λ (km)       R²                Pairs
[13:41:24] [INFO] --------------------------------------------------
[13:41:24] [INFO] 2022         1810         0.955        11,827,275
[13:41:24] [INFO] 2023         1861         0.959        11,472,935
[13:41:24] [INFO] 2024         1772         0.954        11,380,111
[13:41:24] [INFO] all          1814         0.957        34,680,321
[13:41:24] [INFO]   Year-to-year CV: 2.0%
[13:41:24] [SUCCESS]   → STABLE (CV < 20%)
[13:41:24] [INFO] 
--- clock_drift/msc ---
[13:41:24] [INFO] Period       λ (km)       R²                Pairs
[13:41:24] [INFO] --------------------------------------------------
[13:41:24] [INFO] 2022         768          0.956        11,827,275
[13:41:24] [INFO] 2023         820          0.950        11,472,935
[13:41:24] [INFO] 2024         815          0.941        11,247,928
[13:41:24] [INFO] all          798          0.950        34,548,138
[13:41:24] [INFO]   Year-to-year CV: 2.9%
[13:41:24] [SUCCESS]   → STABLE (CV < 20%)
[13:41:24] [INFO] 
--- clock_drift/phase_alignment ---
[13:41:24] [INFO] Period       λ (km)       R²                Pairs
[13:41:24] [INFO] --------------------------------------------------
[13:41:24] [INFO] 2022         983          0.969        11,827,275
[13:41:24] [INFO] 2023         997          0.958        11,472,935
[13:41:24] [INFO] 2024         1010         0.967        11,247,928
[13:41:24] [INFO] all          996          0.966        34,548,138
[13:41:24] [INFO]   Year-to-year CV: 1.1%
[13:41:24] [SUCCESS]   → STABLE (CV < 20%)
[13:41:24] [INFO] 
[13:41:24] [INFO] ================================================================================
[13:41:24] [INFO] TEMPORAL STABILITY SUMMARY
[13:41:24] [INFO] ================================================================================
[13:41:24] [INFO] 
[13:41:24] [INFO] Mode                           2022 λ     2023 λ     2024 λ     CV%     
[13:41:24] [INFO] ----------------------------------------------------------------------
[13:41:24] [INFO] clock_bias/msc                 814        849        856        2.2     
[13:41:24] [INFO] clock_bias/phase_alignment     1593       1684       1997       9.9     
[13:41:24] [INFO] pos_jitter/msc                 919        930        887        2.0     
[13:41:24] [INFO] pos_jitter/phase_alignment     1810       1861       1772       2.0     
[13:41:24] [INFO] clock_drift/msc                768        820        815        2.9     
[13:41:24] [INFO] clock_drift/phase_alignment    983        997        1010       1.1     
[13:41:25] [INFO] 
  MODE: PRECISE
[13:41:25] [INFO] 
  Loading step_2_0_pairs_precise_dynamic_50.csv...
[13:42:30] [INFO]   Total: 105,383,769 rows
[13:42:30] [INFO] 
[13:42:30] [INFO] ================================================================================
[13:42:30] [INFO] TEMPORAL STABILITY RESULTS
[13:42:30] [INFO] ================================================================================
[13:42:30] [INFO] 
[13:42:30] [INFO] 
--- clock_bias/msc ---
[13:42:30] [INFO] Period       λ (km)       R²                Pairs
[13:42:30] [INFO] --------------------------------------------------
[13:42:30] [INFO] 2022         1259         0.979        12,121,314
[13:42:30] [INFO] 2023         1249         0.971        11,558,398
[13:42:30] [INFO] 2024         1148         0.979        11,448,211
[13:42:30] [INFO] all          1217         0.978        35,127,923
[13:42:30] [INFO]   Year-to-year CV: 4.1%
[13:42:30] [SUCCESS]   → STABLE (CV < 20%)
[13:42:30] [INFO] 
--- clock_bias/phase_alignment ---
[13:42:30] [INFO] Period       λ (km)       R²                Pairs
[13:42:30] [INFO] --------------------------------------------------
[13:42:30] [INFO] 2022         1764         0.711        12,121,314
[13:42:30] [INFO] 2023         1775         0.693        11,558,398
[13:42:30] [INFO] 2024         1761         0.699        11,448,211
[13:42:30] [INFO] all          1770         0.707        35,127,923
[13:42:30] [INFO]   Year-to-year CV: 0.4%
[13:42:30] [SUCCESS]   → STABLE (CV < 20%)
[13:42:30] [INFO] 
--- pos_jitter/msc ---
[13:42:30] [INFO] Period       λ (km)       R²                Pairs
[13:42:30] [INFO] --------------------------------------------------
[13:42:30] [INFO] 2022         1106         0.927        12,121,314
[13:42:30] [INFO] 2023         1636         0.925        11,558,398
[13:42:30] [INFO] 2024         1358         0.927        11,448,211
[13:42:30] [INFO] all          1339         0.927        35,127,923
[13:42:30] [INFO]   Year-to-year CV: 15.9%
[13:42:30] [SUCCESS]   → STABLE (CV < 20%)
[13:42:30] [INFO] 
--- pos_jitter/phase_alignment ---
[13:42:30] [INFO] Period       λ (km)       R²                Pairs
[13:42:30] [INFO] --------------------------------------------------
[13:42:30] [INFO] 2022         2205         0.961        12,121,314
[13:42:30] [INFO] 2023         3598         0.955        11,558,398
[13:42:30] [INFO] 2024         6648         0.952        11,448,211
[13:42:30] [INFO] all          3455         0.957        35,127,923
[13:42:30] [INFO]   Year-to-year CV: 44.7%
[13:42:30] [WARNING]   → VARIABLE (CV ≥ 20%)
[13:42:30] [INFO] 
--- clock_drift/msc ---
[13:42:30] [INFO] Period       λ (km)       R²                Pairs
[13:42:30] [INFO] --------------------------------------------------
[13:42:30] [INFO] 2022         1244         0.978        12,121,314
[13:42:30] [INFO] 2023         1265         0.968        11,558,398
[13:42:30] [INFO] 2024         1163         0.975        11,448,211
[13:42:30] [INFO] all          1222         0.975        35,127,923
[13:42:30] [INFO]   Year-to-year CV: 3.6%
[13:42:30] [SUCCESS]   → STABLE (CV < 20%)
[13:42:30] [INFO] 
--- clock_drift/phase_alignment ---
[13:42:30] [INFO] Period       λ (km)       R²                Pairs
[13:42:30] [INFO] --------------------------------------------------
[13:42:30] [INFO] 2022         1188         0.869        12,121,314
[13:42:30] [INFO] 2023         1212         0.866        11,558,398
[13:42:30] [INFO] 2024         1178         0.832        11,448,211
[13:42:30] [INFO] all          1193         0.860        35,127,923
[13:42:30] [INFO]   Year-to-year CV: 1.2%
[13:42:30] [SUCCESS]   → STABLE (CV < 20%)
[13:42:30] [INFO] 
[13:42:30] [INFO] ================================================================================
[13:42:30] [INFO] TEMPORAL STABILITY SUMMARY
[13:42:30] [INFO] ================================================================================
[13:42:30] [INFO] 
[13:42:30] [INFO] Mode                           2022 λ     2023 λ     2024 λ     CV%     
[13:42:30] [INFO] ----------------------------------------------------------------------
[13:42:30] [INFO] clock_bias/msc                 1259       1249       1148       4.1     
[13:42:30] [INFO] clock_bias/phase_alignment     1764       1775       1761       0.4     
[13:42:30] [INFO] pos_jitter/msc                 1106       1636       1358       15.9    
[13:42:30] [INFO] pos_jitter/phase_alignment     2205       3598       6648       44.7    
[13:42:30] [INFO] clock_drift/msc                1244       1265       1163       3.6     
[13:42:30] [INFO] clock_drift/phase_alignment    1188       1212       1178       1.2     
[13:42:30] [SUCCESS]   Saved: step_2_3_temporal_analysis_dynamic_50__rerun_20251217_1329.json
[13:42:30] [SUCCESS] COMPLETE: 3 filters x 4 modes
