[09:14:39] [INFO] 
[09:14:39] [INFO] ================================================================================
[09:14:39] [INFO] TEP-GNSS-RINEX Analysis - STEP 2.1: Elevation Dependence
[09:14:39] [INFO] ================================================================================
[09:14:39] [INFO] 
[09:14:39] [INFO] Loaded 490 station coordinates
[09:14:39] [INFO]   Using filter: optimal_100_metadata.json
[09:14:39] [INFO]     Description: Optimal 100 stations for 3-year TEP analysis - Enhanced with IGS metadata
[09:14:39] [INFO]     Stations: 100
[09:14:39] [INFO] Elevation range: -83m to 3755m
[09:14:39] [PROCESS] [1/4] Loading processed data...
[09:14:40] [INFO] Found 29202 processed files
[09:14:44] [SUCCESS] Stations with sufficient data: 75
[09:14:44] [PROCESS] [2/4] Creating elevation quintiles...
[09:14:44] [INFO]   Q1: 15 stations, -3-62m
[09:14:44] [INFO]   Q2: 15 stations, 65-121m
[09:14:44] [INFO]   Q3: 15 stations, 126-532m
[09:14:44] [INFO]   Q4: 15 stations, 566-800m
[09:14:44] [INFO]   Q5: 15 stations, 956-2489m
[09:14:44] [PROCESS] [3/4] Computing correlations by quintile (CSD Coherence)...
[09:14:44] [INFO]   Processing Q1...
[09:14:44] [INFO]     Computing 68 pairs...
[09:14:45] [INFO]   Processing Q2...
[09:14:45] [INFO]     Computing 64 pairs...
[09:14:46] [INFO]   Processing Q3...
[09:14:46] [INFO]     Computing 89 pairs...
[09:14:47] [INFO]   Processing Q4...
[09:14:47] [INFO]     Computing 76 pairs...
[09:14:47] [INFO]   Processing Q5...
[09:14:47] [INFO]     Computing 100 pairs...
[09:14:48] [PROCESS] [4/4] Creating visualization...
[09:14:49] [SUCCESS] Figure saved: /home/matthewsmawfield/tep-gnss-rinex/results/figures/step_2_1_elevation_quintiles.png
[09:14:49] [INFO] 
[09:14:49] [INFO] ============================================================
[09:14:49] [INFO] ELEVATION ANALYSIS SUMMARY
[09:14:49] [INFO] ============================================================
[09:14:49] [SUCCESS] Results saved: /home/matthewsmawfield/tep-gnss-rinex/results/outputs/step_2_1_elevation_analysis.json
[09:14:49] [INFO] 
[09:14:49] [INFO] ================================================================================
[09:14:49] [INFO] Step 2.1 Complete
[09:14:49] [INFO] ================================================================================
