[14:20:05] [SUCCESS] 
======================================================================
[14:20:05] [SUCCESS] STEP 2.9 IMPROVED: SIGNAL + NOISE SIMULATION
[14:20:05] [SUCCESS] ======================================================================

[14:20:05] [INFO] PURPOSE: Inject KNOWN signal, add PDOP noise, measure distortion
[14:20:05] [INFO]   True λ = 1000.0 km
[14:20:05] [INFO]   True E-W/N-S ratio = 2.0
[14:20:05] [INFO]   PDOP noise scaling = True

[14:20:05] [SUCCESS] Using 200 stations
[14:20:05] [INFO] 
------------------------------------------------------------
[14:20:05] [INFO] PART 1: COMPUTING MEAN PDOP FOR EACH STATION
[14:20:05] [INFO] ------------------------------------------------------------
[14:20:05] [INFO]   Processing station 1/200
[14:20:05] [INFO]   Processing station 51/200
[14:20:06] [INFO]   Processing station 101/200
[14:20:06] [INFO]   Processing station 151/200
[14:20:07] [INFO]   Mean PDOP across stations: 2.00
[14:20:07] [INFO]   Mean HDOP_EW: 0.63
[14:20:07] [INFO]   Mean HDOP_NS: 0.69
[14:20:07] [INFO] 
------------------------------------------------------------
[14:20:07] [INFO] PART 2: GENERATING SYNTHETIC COHERENCE (SIGNAL + NOISE)
[14:20:07] [INFO] ------------------------------------------------------------
[14:20:07] [INFO]   Processing pairs for station 1/200
[14:20:07] [INFO]   Processing pairs for station 51/200
[14:20:07] [INFO]   Processing pairs for station 101/200
[14:20:07] [INFO]   Processing pairs for station 151/200
[14:20:07] [SUCCESS]   Generated 14086 station pairs
[14:20:07] [INFO] 
------------------------------------------------------------
[14:20:07] [INFO] PART 3: RECOVERING SIGNAL PARAMETERS
[14:20:07] [INFO] ------------------------------------------------------------
[14:20:07] [WARNING]   N: λ_true=707 km, λ_obs=611 km, R²=0.049, suppression=0.86
[14:20:07] [WARNING]   NE: λ_true=1000 km, λ_obs=900 km, R²=0.067, suppression=0.90
[14:20:07] [WARNING]   E: λ_true=1414 km, λ_obs=1589 km, R²=0.113, suppression=1.12
[14:20:07] [WARNING]   SE: λ_true=1000 km, λ_obs=1062 km, R²=0.069, suppression=1.06
[14:20:07] [WARNING]   S: λ_true=707 km, λ_obs=707 km, R²=0.021, suppression=1.00
[14:20:07] [WARNING]   SW: λ_true=1000 km, λ_obs=803 km, R²=0.088, suppression=0.80
[14:20:07] [WARNING]   W: λ_true=1414 km, λ_obs=1017 km, R²=0.145, suppression=0.72
[14:20:07] [WARNING]   NW: λ_true=1000 km, λ_obs=935 km, R²=0.060, suppression=0.93
[14:20:07] [INFO] 
------------------------------------------------------------
[14:20:07] [INFO] PART 4: COMPUTING E-W/N-S RATIO
[14:20:07] [INFO] ------------------------------------------------------------
[14:20:07] [SUCCESS] 
  TRUE (injected) E-W/N-S ratio: 2.000
[14:20:07] [SUCCESS]   OBSERVED (after noise) E-W/N-S ratio: 1.977
[14:20:07] [SUCCESS] 
  DISTORTION FACTOR: 0.989
[14:20:07] [INFO] 
  → PDOP has NO significant directional effect
[14:20:07] [SUCCESS] 
Results saved: /Users/matthewsmawfield/www/TEP-GNSS-RINEX/results/outputs/step_2_9_improved_simulation.json
