[22:48:05] [INFO] 
[22:48:05] [INFO] ================================================================================
[22:48:05] [INFO] STARTING MULTI-METRIC PLANETARY EVENT ANALYSIS
[22:48:05] [INFO] ================================================================================
[22:48:05] [INFO] 
[22:48:05] [INFO] 
[22:48:05] [INFO] ================================================================================
[22:48:05] [INFO] TEP-GNSS-RINEX Analysis - STEP 2.6: Planetary Event Analysis
[22:48:05] [INFO] ================================================================================
[22:48:05] [INFO] 
[22:48:05] [INFO] Mode: baseline | Metric: clock_bias, Coherence: msc
[22:48:05] [INFO] METHODOLOGY: CODE LONGSPAN (daily coherence + Gaussian pulse fitting)
[22:48:05] [INFO] CODE Longspan: 56/156 events significant, NO mass scaling
[22:48:05] [INFO] 
[22:48:05] [PROCESS] [1/5] Loading station data...
[22:48:05] [INFO]   Loaded 539 station coordinates
[22:48:05] [INFO]   Using filter: optimal_100_metadata.json
[22:48:05] [INFO]     Description: Optimal 100 stations for 3-year TEP analysis - Enhanced with IGS metadata
[22:48:05] [INFO]     Stations: 100
[22:48:09] [INFO]   Found data for 1096 unique dates, 82 stations
