[07:53:16] [INFO] 
[07:53:16] [INFO] ================================================================================
[07:53:16] [INFO] TEP-GNSS-RINEX - STEP 1.0: OPTIMIZED Batch Acquisition
[07:53:16] [INFO] ================================================================================
[07:53:16] [INFO] 
[07:53:16] [INFO]   Loaded 100 optimal stations
[07:53:16] [INFO]   Auth user: matthewsmawfield123
[07:53:16] [INFO]   Stations: ALL available (~300 per day)
[07:53:16] [INFO]   Date range: 2022-01-01 to 2024-12-31
[07:53:16] [INFO]   Years: [2022, 2023, 2024]
[07:53:16] [PROCESS] [1/3] Downloading navigation files (batch mode)...
[07:53:16] [INFO]   Navigation files ready: 1096 (1096 multi-GNSS, 0 GPS-only)
[07:53:16] [PROCESS] [2/4] Downloading SP3 precise orbit files...
[07:53:16] [INFO]   SP3 files ready: 1096
[07:53:16] [PROCESS] [3/4] Downloading & processing RINEX files (batch mode)...
[07:53:18] [INFO]   Download threads: 2
[07:53:18] [INFO]   DOY processors: 2 (each with 16 RTKLIB workers)
[07:53:18] [INFO]   Total CPU utilization: 32 workers
[07:53:19] [INFO]     [2022/002] PROCESSING: 0 RINEX files...
[07:53:19] [INFO]     [2022/001] PROCESSING: 0 RINEX files...
[07:53:20] [INFO]     [2022/004] PROCESSING: 0 RINEX files...
[07:53:20] [INFO]     [2022/003] PROCESSING: 0 RINEX files...
[07:53:21] [INFO]     [2022/005] PROCESSING: 0 RINEX files...
[07:53:21] [INFO]     [2022/006] PROCESSING: 0 RINEX files...
[07:53:22] [INFO]     [2022/007] PROCESSING: 0 RINEX files...
[07:53:22] [INFO]     [2022/008] PROCESSING: 0 RINEX files...
[07:53:22] [INFO]     [2022/009] PROCESSING: 0 RINEX files...
[07:53:23] [INFO]     [2022/010] PROCESSING: 0 RINEX files...
[07:53:23] [INFO]     [2022/011] PROCESSING: 0 RINEX files...
[07:53:24] [INFO]     [2022/012] PROCESSING: 0 RINEX files...
[07:53:24] [INFO]     [2022/013] PROCESSING: 0 RINEX files...
[07:53:25] [INFO]     [2022/014] PROCESSING: 0 RINEX files...
[07:53:25] [INFO]     [2022/015] PROCESSING: 0 RINEX files...
[07:53:25] [INFO]     [2022/016] PROCESSING: 0 RINEX files...
[07:53:26] [INFO]     [2022/017] PROCESSING: 0 RINEX files...
[07:53:26] [INFO]     [2022/018] PROCESSING: 0 RINEX files...
[07:53:27] [INFO]     [2022/019] PROCESSING: 0 RINEX files...
[07:53:27] [INFO]     [2022/020] PROCESSING: 0 RINEX files...
[07:53:28] [INFO]     [2022/021] PROCESSING: 0 RINEX files...
[07:53:28] [INFO]     [2022/022] PROCESSING: 0 RINEX files...
[07:53:29] [INFO]     [2022/023] PROCESSING: 0 RINEX files...
[07:53:29] [INFO]     [2022/024] PROCESSING: 0 RINEX files...
[07:53:29] [INFO]     [2022/025] PROCESSING: 0 RINEX files...
[07:53:30] [INFO]     [2022/026] PROCESSING: 0 RINEX files...
[07:53:30] [INFO]     [2022/027] PROCESSING: 0 RINEX files...
[07:53:30] [INFO]     [2022/028] PROCESSING: 0 RINEX files...
[07:53:31] [INFO]     [2022/029] PROCESSING: 0 RINEX files...
[07:53:31] [INFO]     [2022/030] PROCESSING: 0 RINEX files...
[07:53:32] [INFO]     [2022/031] PROCESSING: 0 RINEX files...
[07:53:32] [INFO]     [2022/032] PROCESSING: 0 RINEX files...
[07:53:33] [INFO]     [2022/033] PROCESSING: 0 RINEX files...
[07:53:33] [INFO]     [2022/034] PROCESSING: 0 RINEX files...
[07:53:33] [INFO]     [2022/035] PROCESSING: 0 RINEX files...
[07:53:34] [INFO]     [2022/036] PROCESSING: 0 RINEX files...
[07:53:34] [INFO]     [2022/037] PROCESSING: 0 RINEX files...
[07:53:34] [INFO]     [2022/038] PROCESSING: 0 RINEX files...
[07:53:35] [INFO]     [2022/039] PROCESSING: 0 RINEX files...
[07:53:35] [INFO]     [2022/040] PROCESSING: 0 RINEX files...
[07:53:35] [INFO]     [2022/041] PROCESSING: 0 RINEX files...
[07:53:36] [INFO]     [2022/043] PROCESSING: 0 RINEX files...
[07:53:36] [INFO]     [2022/044] PROCESSING: 0 RINEX files...
[07:53:37] [INFO]     [2022/045] PROCESSING: 0 RINEX files...
[07:53:37] [INFO]     [2022/046] PROCESSING: 0 RINEX files...
[07:53:38] [INFO]     [2022/047] PROCESSING: 0 RINEX files...
[07:53:38] [INFO]     [2022/048] PROCESSING: 0 RINEX files...
[07:53:39] [INFO]     [2022/049] PROCESSING: 0 RINEX files...
[07:53:39] [INFO]     [2022/050] PROCESSING: 0 RINEX files...
[07:53:39] [INFO]     [2022/051] PROCESSING: 0 RINEX files...
[07:53:40] [INFO]     [2022/052] PROCESSING: 0 RINEX files...
[07:53:40] [INFO]     [2022/053] PROCESSING: 0 RINEX files...
[07:53:41] [INFO]     [2022/054] PROCESSING: 0 RINEX files...
[07:53:41] [INFO]     [2022/055] PROCESSING: 0 RINEX files...
[07:53:41] [INFO]     [2022/056] PROCESSING: 0 RINEX files...
[07:53:42] [INFO]     [2022/057] PROCESSING: 0 RINEX files...
[07:53:42] [INFO]     [2022/058] PROCESSING: 0 RINEX files...
[07:53:43] [INFO]     [2022/059] PROCESSING: 0 RINEX files...
[07:53:43] [INFO]     [2022/060] PROCESSING: 0 RINEX files...
[07:53:44] [INFO]     [2022/061] PROCESSING: 0 RINEX files...
[07:53:44] [INFO]     [2022/062] PROCESSING: 0 RINEX files...
[07:53:44] [INFO]     [2022/063] PROCESSING: 0 RINEX files...
[07:53:45] [INFO]     [2022/064] PROCESSING: 0 RINEX files...
[07:53:45] [INFO]     [2022/065] PROCESSING: 0 RINEX files...
[07:53:46] [INFO]     [2022/066] PROCESSING: 0 RINEX files...
[07:53:46] [INFO]     [2022/067] PROCESSING: 0 RINEX files...
[07:53:46] [INFO]     [2022/068] PROCESSING: 0 RINEX files...
[07:53:47] [INFO]     [2022/069] PROCESSING: 0 RINEX files...
[07:53:47] [INFO]     [2022/070] PROCESSING: 0 RINEX files...
[07:53:48] [INFO]     [2022/071] PROCESSING: 0 RINEX files...
[07:53:48] [INFO]     [2022/072] PROCESSING: 0 RINEX files...
[07:53:49] [INFO]     [2022/073] PROCESSING: 0 RINEX files...
[07:53:49] [INFO]     [2022/074] PROCESSING: 0 RINEX files...
[07:53:49] [INFO]     [2022/075] PROCESSING: 0 RINEX files...
[07:53:50] [INFO]     [2022/076] PROCESSING: 0 RINEX files...
[07:53:50] [INFO]     [2022/077] PROCESSING: 0 RINEX files...
[07:53:51] [INFO]     [2022/078] PROCESSING: 0 RINEX files...
[07:53:51] [INFO]     [2022/079] PROCESSING: 0 RINEX files...
[07:53:51] [INFO]     [2022/080] PROCESSING: 0 RINEX files...
[07:53:52] [INFO]     [2022/081] PROCESSING: 0 RINEX files...
[07:53:52] [INFO]     [2022/082] PROCESSING: 0 RINEX files...
[07:53:53] [INFO]     [2022/083] PROCESSING: 0 RINEX files...
[07:53:53] [INFO]     [2022/084] PROCESSING: 0 RINEX files...
[07:53:54] [INFO]     [2022/085] PROCESSING: 0 RINEX files...
[07:53:54] [INFO]     [2022/086] PROCESSING: 0 RINEX files...
[07:53:54] [INFO]     [2022/087] PROCESSING: 0 RINEX files...
[07:53:55] [INFO]     [2022/088] PROCESSING: 0 RINEX files...
[07:53:55] [INFO]     [2022/089] PROCESSING: 0 RINEX files...
[07:53:56] [INFO]     [2022/090] PROCESSING: 0 RINEX files...
[07:53:56] [INFO]     [2022/091] PROCESSING: 0 RINEX files...
[07:53:56] [INFO]     [2022/092] PROCESSING: 0 RINEX files...
[07:53:57] [INFO]     [2022/093] PROCESSING: 0 RINEX files...
[07:53:57] [INFO]     [2022/094] PROCESSING: 0 RINEX files...
[07:53:58] [INFO]     [2022/095] PROCESSING: 0 RINEX files...
[07:53:58] [INFO]     [2022/096] PROCESSING: 0 RINEX files...
[07:53:59] [INFO]     [2022/097] PROCESSING: 0 RINEX files...
[07:53:59] [INFO]     [2022/098] PROCESSING: 0 RINEX files...
[07:54:00] [INFO]     [2022/099] PROCESSING: 0 RINEX files...
[07:54:00] [INFO]     [2022/100] PROCESSING: 0 RINEX files...
[07:54:01] [INFO]     [2022/101] PROCESSING: 0 RINEX files...
[07:54:01] [INFO]     [2022/102] PROCESSING: 0 RINEX files...
[07:54:01] [INFO]     [2022/103] PROCESSING: 0 RINEX files...
[07:54:02] [INFO]     [2022/104] PROCESSING: 0 RINEX files...
[07:54:02] [INFO]     [2022/105] PROCESSING: 0 RINEX files...
[07:54:03] [INFO]     [2022/106] PROCESSING: 0 RINEX files...
[07:54:03] [INFO]     [2022/107] PROCESSING: 0 RINEX files...
[07:54:04] [INFO]     [2022/108] PROCESSING: 0 RINEX files...
[07:54:04] [INFO]     [2022/109] PROCESSING: 0 RINEX files...
[07:54:04] [INFO]     [2022/110] PROCESSING: 0 RINEX files...
[07:54:05] [INFO]     [2022/111] PROCESSING: 0 RINEX files...
[07:54:05] [INFO]     [2022/112] PROCESSING: 0 RINEX files...
[07:54:06] [INFO]     [2022/113] PROCESSING: 0 RINEX files...
[07:54:06] [INFO]     [2022/114] PROCESSING: 0 RINEX files...
[07:54:06] [INFO]     [2022/115] PROCESSING: 0 RINEX files...
[07:54:07] [INFO]     [2022/116] PROCESSING: 0 RINEX files...
[07:54:07] [INFO]     [2022/117] PROCESSING: 0 RINEX files...
[07:54:08] [INFO]     [2022/118] PROCESSING: 0 RINEX files...
[07:54:08] [INFO]     [2022/119] PROCESSING: 0 RINEX files...
[07:54:08] [INFO]     [2022/120] PROCESSING: 0 RINEX files...
[07:54:09] [INFO]     [2022/121] PROCESSING: 0 RINEX files...
[07:54:09] [INFO]     [2022/122] PROCESSING: 0 RINEX files...
[07:54:10] [INFO]     [2022/123] PROCESSING: 0 RINEX files...
[07:54:10] [INFO]     [2022/124] PROCESSING: 0 RINEX files...
[07:54:11] [INFO]     [2022/125] PROCESSING: 0 RINEX files...
[07:54:11] [INFO]     [2022/126] PROCESSING: 0 RINEX files...
[07:54:11] [INFO]     [2022/127] PROCESSING: 0 RINEX files...
[07:54:12] [INFO]     [2022/128] PROCESSING: 0 RINEX files...
[07:54:12] [INFO]     [2022/129] PROCESSING: 0 RINEX files...
[07:54:13] [INFO]     [2022/130] PROCESSING: 0 RINEX files...
[07:54:13] [INFO]     [2022/042] PROCESSING: 331 RINEX files...
[07:54:13] [INFO]     [2022/131] PROCESSING: 0 RINEX files...
[07:54:14] [INFO]     [2022/133] PROCESSING: 0 RINEX files...
[07:54:14] [INFO]     [2022/132] PROCESSING: 0 RINEX files...
[07:54:15] [INFO]     [2022/134] PROCESSING: 0 RINEX files...
[07:54:15] [INFO]     [2022/135] PROCESSING: 0 RINEX files...
[07:54:16] [INFO]     [2022/137] PROCESSING: 0 RINEX files...
[07:54:16] [INFO]     [2022/136] PROCESSING: 0 RINEX files...
[07:54:16] [INFO]     [2022/138] PROCESSING: 0 RINEX files...
[07:54:17] [INFO]     [2022/139] PROCESSING: 0 RINEX files...
[07:54:17] [INFO]     [2022/141] PROCESSING: 0 RINEX files...
[07:54:17] [INFO]     [2022/140] PROCESSING: 0 RINEX files...
[07:54:18] [INFO]     [2022/143] PROCESSING: 0 RINEX files...
[07:54:18] [INFO]     [2022/142] PROCESSING: 0 RINEX files...
[07:54:19] [INFO]     [2022/145] PROCESSING: 0 RINEX files...
[07:54:19] [INFO]     [2022/144] PROCESSING: 0 RINEX files...
[07:54:20] [INFO]     [2022/146] PROCESSING: 0 RINEX files...
[07:54:20] [INFO]     [2022/147] PROCESSING: 0 RINEX files...
[07:54:20] [INFO]     [2022/149] PROCESSING: 0 RINEX files...
[07:54:20] [INFO]     [2022/148] PROCESSING: 0 RINEX files...
[07:54:21] [INFO]     [2022/150] PROCESSING: 0 RINEX files...
[07:54:21] [INFO]     [2022/151] PROCESSING: 0 RINEX files...
[07:54:22] [INFO]     [2022/153] PROCESSING: 0 RINEX files...
[07:54:22] [INFO]     [2022/152] PROCESSING: 0 RINEX files...
[07:54:22] [INFO]     [2022/155] PROCESSING: 0 RINEX files...
[07:54:23] [INFO]     [2022/154] PROCESSING: 0 RINEX files...
[07:54:23] [INFO]     [2022/156] PROCESSING: 0 RINEX files...
[07:54:23] [INFO]     [2022/157] PROCESSING: 0 RINEX files...
[07:54:24] [INFO]     [2022/158] PROCESSING: 0 RINEX files...
[07:54:24] [INFO]     [2022/160] PROCESSING: 0 RINEX files...
[07:54:25] [INFO]     [2022/161] PROCESSING: 0 RINEX files...
[07:54:25] [INFO]     [2022/162] PROCESSING: 0 RINEX files...
[07:54:26] [INFO]     [2022/163] PROCESSING: 0 RINEX files...
[07:54:26] [INFO]     [2022/164] PROCESSING: 0 RINEX files...
[07:54:26] [INFO]     [2022/165] PROCESSING: 0 RINEX files...
[07:54:27] [INFO]     [2022/166] PROCESSING: 0 RINEX files...
[07:54:27] [INFO]     [2022/167] PROCESSING: 0 RINEX files...
[07:54:28] [INFO]     [2022/168] PROCESSING: 0 RINEX files...
[07:54:28] [INFO]     [2022/169] PROCESSING: 0 RINEX files...
[07:54:29] [INFO]     [2022/170] PROCESSING: 0 RINEX files...
[07:54:29] [INFO]     [2022/171] PROCESSING: 0 RINEX files...
[07:54:29] [INFO]     [2022/172] PROCESSING: 0 RINEX files...
[07:54:30] [INFO]     [2022/173] PROCESSING: 0 RINEX files...
[07:54:30] [INFO]     [2022/174] PROCESSING: 0 RINEX files...
[07:54:31] [INFO]     [2022/175] PROCESSING: 0 RINEX files...
[07:54:31] [INFO]     [2022/176] PROCESSING: 0 RINEX files...
[07:54:31] [INFO]     [2022/177] PROCESSING: 0 RINEX files...
[07:54:32] [INFO]     [2022/178] PROCESSING: 0 RINEX files...
[07:54:32] [INFO]     [2022/179] PROCESSING: 0 RINEX files...
[07:54:33] [INFO]     [2022/180] PROCESSING: 0 RINEX files...
[07:54:33] [INFO]     [2022/181] PROCESSING: 0 RINEX files...
[07:54:33] [INFO]     [2022/182] PROCESSING: 0 RINEX files...
[07:54:34] [INFO]     [2022/183] PROCESSING: 0 RINEX files...
[07:54:34] [INFO]     [2022/184] PROCESSING: 0 RINEX files...
[07:54:35] [INFO]     [2022/185] PROCESSING: 0 RINEX files...
[07:54:35] [INFO]     [2022/186] PROCESSING: 0 RINEX files...
[07:54:35] [INFO]     [2022/187] PROCESSING: 0 RINEX files...
[07:54:36] [INFO]     [2022/188] PROCESSING: 0 RINEX files...
[07:54:36] [INFO]     [2022/189] PROCESSING: 0 RINEX files...
[07:54:37] [INFO]     [2022/190] PROCESSING: 0 RINEX files...
[07:54:37] [INFO]     [2022/191] PROCESSING: 0 RINEX files...
[07:54:37] [INFO]     [2022/192] PROCESSING: 0 RINEX files...
[07:54:38] [INFO]     [2022/193] PROCESSING: 0 RINEX files...
[07:54:38] [INFO]     [2022/194] PROCESSING: 0 RINEX files...
[07:54:39] [INFO]     [2022/195] PROCESSING: 0 RINEX files...
[07:54:39] [INFO]     [2022/196] PROCESSING: 0 RINEX files...
[07:54:40] [INFO]     [2022/197] PROCESSING: 0 RINEX files...
[07:54:40] [INFO]     [2022/198] PROCESSING: 0 RINEX files...
[07:54:40] [INFO]     [2022/199] PROCESSING: 0 RINEX files...
[07:54:41] [INFO]     [2022/200] PROCESSING: 0 RINEX files...
[07:54:41] [INFO]     [2022/201] PROCESSING: 0 RINEX files...
[07:54:42] [INFO]     [2022/202] PROCESSING: 0 RINEX files...
[07:54:42] [INFO]     [2022/203] PROCESSING: 0 RINEX files...
[07:54:42] [INFO]     [2022/204] PROCESSING: 0 RINEX files...
[07:54:43] [INFO]     [2022/205] PROCESSING: 0 RINEX files...
[07:54:43] [INFO]     [2022/206] PROCESSING: 0 RINEX files...
[07:54:44] [INFO]     [2022/207] PROCESSING: 0 RINEX files...
[07:54:44] [INFO]     [2022/208] PROCESSING: 0 RINEX files...
[07:54:44] [INFO]     [2022/209] PROCESSING: 0 RINEX files...
[07:54:45] [INFO]     [2022/210] PROCESSING: 0 RINEX files...
[07:54:45] [INFO]     [2022/211] PROCESSING: 0 RINEX files...
[07:54:46] [INFO]     [2022/212] PROCESSING: 0 RINEX files...
[07:54:46] [INFO]     [2022/213] PROCESSING: 0 RINEX files...
[07:54:46] [INFO]     [2022/214] PROCESSING: 0 RINEX files...
[07:54:47] [INFO]     [2022/215] PROCESSING: 0 RINEX files...
[07:54:47] [INFO]     [2022/216] PROCESSING: 0 RINEX files...
[07:54:48] [INFO]     [2022/217] PROCESSING: 0 RINEX files...
[07:54:48] [INFO]     [2022/218] PROCESSING: 0 RINEX files...
[07:54:48] [INFO]     [2022/219] PROCESSING: 0 RINEX files...
[07:54:49] [INFO]     [2022/220] PROCESSING: 0 RINEX files...
[07:54:49] [INFO]     [2022/221] PROCESSING: 0 RINEX files...
[07:54:50] [INFO]     [2022/222] PROCESSING: 0 RINEX files...
[07:54:50] [INFO]     [2022/223] PROCESSING: 0 RINEX files...
[07:54:50] [INFO]     [2022/224] PROCESSING: 0 RINEX files...
[07:54:51] [INFO]     [2022/225] PROCESSING: 0 RINEX files...
[07:54:51] [INFO]     [2022/226] PROCESSING: 0 RINEX files...
[07:54:52] [INFO]     [2022/227] PROCESSING: 0 RINEX files...
[07:54:52] [INFO]     [2022/228] PROCESSING: 0 RINEX files...
[07:54:52] [INFO]     [2022/229] PROCESSING: 0 RINEX files...
[07:54:53] [INFO]     [2022/230] PROCESSING: 0 RINEX files...
[07:54:53] [INFO]     [2022/231] PROCESSING: 0 RINEX files...
[07:54:54] [INFO]     [2022/232] PROCESSING: 0 RINEX files...
[07:54:54] [INFO]     [2022/233] PROCESSING: 0 RINEX files...
[07:54:54] [INFO]     [2022/234] PROCESSING: 0 RINEX files...
[07:54:55] [INFO]     [2022/235] PROCESSING: 0 RINEX files...
[07:54:55] [INFO]     [2022/236] PROCESSING: 0 RINEX files...
[07:54:56] [INFO]     [2022/237] PROCESSING: 0 RINEX files...
[07:54:56] [INFO]     [2022/238] PROCESSING: 0 RINEX files...
[07:54:57] [INFO]     [2022/239] PROCESSING: 0 RINEX files...
[07:54:57] [INFO]     [2022/240] PROCESSING: 0 RINEX files...
[07:54:57] [INFO]     [2022/241] PROCESSING: 0 RINEX files...
[07:54:58] [INFO]     [2022/242] PROCESSING: 0 RINEX files...
[07:54:58] [INFO]     [2022/243] PROCESSING: 0 RINEX files...
[07:54:59] [INFO]     [2022/244] PROCESSING: 0 RINEX files...
[07:54:59] [INFO]     [2022/245] PROCESSING: 0 RINEX files...
[07:54:59] [INFO]     [2022/246] PROCESSING: 0 RINEX files...
[07:55:00] [INFO]     [2022/247] PROCESSING: 0 RINEX files...
[07:55:00] [INFO]     [2022/248] PROCESSING: 0 RINEX files...
[07:55:10] [INFO]     [2022/159] PROCESSING: 363 RINEX files...
[07:57:14] [INFO]     [2022/159] PROCESSED: 363 new, 0 exist, 0 fail (123.6s)
[07:57:14] [INFO]     [2022/250] PROCESSING: 0 RINEX files...
[07:57:14] [INFO]     [2022/251] PROCESSING: 0 RINEX files...
[07:57:14] [INFO]     [2022/252] PROCESSING: 0 RINEX files...
[07:57:14] [INFO]     [2022/249] PROCESSING: 367 RINEX files...
[07:59:16] [INFO]     [2022/249] PROCESSED: 367 new, 0 exist, 0 fail (122.2s)
[07:59:16] [INFO]     [2022/253] PROCESSING: 0 RINEX files...
[07:59:16] [INFO]     [2022/254] PROCESSING: 0 RINEX files...
[07:59:16] [INFO]     [2022/255] PROCESSING: 0 RINEX files...
[07:59:16] [INFO]     [2022/256] PROCESSING: 0 RINEX files...
[07:59:17] [INFO]     [2022/258] PROCESSING: 0 RINEX files...
[07:59:17] [INFO]     [2022/257] PROCESSING: 0 RINEX files...
[07:59:18] [INFO]     [2022/259] PROCESSING: 0 RINEX files...
[07:59:18] [INFO]     [2022/260] PROCESSING: 0 RINEX files...
[07:59:18] [INFO]     [2022/261] PROCESSING: 0 RINEX files...
[07:59:18] [INFO]     [2022/262] PROCESSING: 0 RINEX files...
[07:59:19] [INFO]     [2022/263] PROCESSING: 0 RINEX files...
[07:59:19] [INFO]     [2022/264] PROCESSING: 0 RINEX files...
[07:59:20] [INFO]     [2022/265] PROCESSING: 0 RINEX files...
[07:59:20] [INFO]     [2022/266] PROCESSING: 0 RINEX files...
[07:59:20] [INFO]     [2022/267] PROCESSING: 0 RINEX files...
[07:59:20] [INFO]     [2022/268] PROCESSING: 0 RINEX files...
[07:59:21] [INFO]     [2022/269] PROCESSING: 0 RINEX files...
[07:59:21] [INFO]     [2022/270] PROCESSING: 0 RINEX files...
[07:59:22] [INFO]     [2022/271] PROCESSING: 0 RINEX files...
[07:59:22] [INFO]     [2022/272] PROCESSING: 0 RINEX files...
[07:59:22] [INFO]     [2022/273] PROCESSING: 0 RINEX files...
[07:59:23] [INFO]     [2022/274] PROCESSING: 0 RINEX files...
[07:59:23] [INFO]     [2022/275] PROCESSING: 0 RINEX files...
[07:59:23] [INFO]     [2022/276] PROCESSING: 0 RINEX files...
[07:59:24] [INFO]     [2022/277] PROCESSING: 0 RINEX files...
[07:59:24] [INFO]     [2022/278] PROCESSING: 0 RINEX files...
[07:59:24] [INFO]     [2022/279] PROCESSING: 0 RINEX files...
[07:59:25] [INFO]     [2022/280] PROCESSING: 0 RINEX files...
[07:59:25] [INFO]     [2022/281] PROCESSING: 0 RINEX files...
[07:59:25] [INFO]     [2022/282] PROCESSING: 0 RINEX files...
[07:59:26] [INFO]     [2022/283] PROCESSING: 0 RINEX files...
[07:59:26] [INFO]     [2022/284] PROCESSING: 0 RINEX files...
[07:59:26] [INFO]     [2022/285] PROCESSING: 0 RINEX files...
[07:59:27] [INFO]     [2022/286] PROCESSING: 0 RINEX files...
[07:59:27] [INFO]     [2022/287] PROCESSING: 0 RINEX files...
[07:59:27] [INFO]     [2022/288] PROCESSING: 0 RINEX files...
[07:59:28] [INFO]     [2022/289] PROCESSING: 0 RINEX files...
[07:59:28] [INFO]     [2022/290] PROCESSING: 0 RINEX files...
[07:59:29] [INFO]     [2022/291] PROCESSING: 0 RINEX files...
[07:59:29] [INFO]     [2022/292] PROCESSING: 0 RINEX files...
[07:59:29] [INFO]     [2022/293] PROCESSING: 0 RINEX files...
[07:59:29] [INFO]     [2022/294] PROCESSING: 0 RINEX files...
[07:59:30] [INFO]     [2022/295] PROCESSING: 0 RINEX files...
[07:59:30] [INFO]     [2022/296] PROCESSING: 0 RINEX files...
[07:59:31] [INFO]     [2022/297] PROCESSING: 0 RINEX files...
[07:59:31] [INFO]     [2022/298] PROCESSING: 0 RINEX files...
[07:59:31] [INFO]     [2022/299] PROCESSING: 0 RINEX files...
[07:59:31] [INFO]     [2022/300] PROCESSING: 0 RINEX files...
[07:59:32] [INFO]     [2022/301] PROCESSING: 0 RINEX files...
[07:59:32] [INFO]     [2022/302] PROCESSING: 0 RINEX files...
[07:59:33] [INFO]     [2022/303] PROCESSING: 0 RINEX files...
[07:59:33] [INFO]     [2022/304] PROCESSING: 0 RINEX files...
[07:59:33] [INFO]     [2022/305] PROCESSING: 0 RINEX files...
[07:59:34] [INFO]     [2022/306] PROCESSING: 0 RINEX files...
[07:59:34] [INFO]     [2022/307] PROCESSING: 0 RINEX files...
[07:59:34] [INFO]     [2022/308] PROCESSING: 0 RINEX files...
[07:59:35] [INFO]     [2022/309] PROCESSING: 0 RINEX files...
[07:59:35] [INFO]     [2022/310] PROCESSING: 0 RINEX files...
[07:59:35] [INFO]     [2022/311] PROCESSING: 0 RINEX files...
[07:59:36] [INFO]     [2022/312] PROCESSING: 0 RINEX files...
[07:59:36] [INFO]     [2022/313] PROCESSING: 0 RINEX files...
[07:59:36] [INFO]     [2022/314] PROCESSING: 0 RINEX files...
[07:59:37] [INFO]     [2022/315] PROCESSING: 0 RINEX files...
[07:59:37] [INFO]     [2022/316] PROCESSING: 0 RINEX files...
[07:59:37] [INFO]     [2022/317] PROCESSING: 0 RINEX files...
[07:59:38] [INFO]     [2022/318] PROCESSING: 0 RINEX files...
[07:59:38] [INFO]     [2022/319] PROCESSING: 0 RINEX files...
[07:59:38] [INFO]     [2022/320] PROCESSING: 0 RINEX files...
[07:59:39] [INFO]     [2022/322] PROCESSING: 0 RINEX files...
[07:59:39] [INFO]     [2022/321] PROCESSING: 0 RINEX files...
[07:59:40] [INFO]     [2022/324] PROCESSING: 0 RINEX files...
[07:59:40] [INFO]     [2022/323] PROCESSING: 0 RINEX files...
[07:59:40] [INFO]     [2022/326] PROCESSING: 0 RINEX files...
[07:59:40] [INFO]     [2022/325] PROCESSING: 0 RINEX files...
[07:59:41] [INFO]     [2022/327] PROCESSING: 0 RINEX files...
[07:59:41] [INFO]     [2022/328] PROCESSING: 0 RINEX files...
[07:59:42] [INFO]     [2022/329] PROCESSING: 0 RINEX files...
[07:59:42] [INFO]     [2022/330] PROCESSING: 0 RINEX files...
[07:59:42] [INFO]     [2022/331] PROCESSING: 0 RINEX files...
[07:59:43] [INFO]     [2022/332] PROCESSING: 0 RINEX files...
[07:59:43] [INFO]     [2022/333] PROCESSING: 0 RINEX files...
[07:59:43] [INFO]     [2022/334] PROCESSING: 0 RINEX files...
[07:59:44] [INFO]     [2022/335] PROCESSING: 0 RINEX files...
[07:59:44] [INFO]     [2022/336] PROCESSING: 0 RINEX files...
[07:59:44] [INFO]     [2022/337] PROCESSING: 0 RINEX files...
[07:59:45] [INFO]     [2022/338] PROCESSING: 0 RINEX files...
[07:59:45] [INFO]     [2022/339] PROCESSING: 0 RINEX files...
[07:59:45] [INFO]     [2022/340] PROCESSING: 0 RINEX files...
[07:59:46] [INFO]     [2022/341] PROCESSING: 0 RINEX files...
[07:59:46] [INFO]     [2022/342] PROCESSING: 0 RINEX files...
[07:59:47] [INFO]     [2022/343] PROCESSING: 0 RINEX files...
[07:59:47] [INFO]     [2022/345] PROCESSING: 0 RINEX files...
[07:59:48] [INFO]     [2022/346] PROCESSING: 0 RINEX files...
[07:59:48] [INFO]     [2022/347] PROCESSING: 0 RINEX files...
[07:59:48] [INFO]     [2022/348] PROCESSING: 0 RINEX files...
[07:59:49] [INFO]     [2022/349] PROCESSING: 0 RINEX files...
[07:59:49] [INFO]     [2022/350] PROCESSING: 0 RINEX files...
[07:59:50] [INFO]     [2022/351] PROCESSING: 0 RINEX files...
[07:59:50] [INFO]     [2022/352] PROCESSING: 0 RINEX files...
[07:59:50] [INFO]     [2022/353] PROCESSING: 0 RINEX files...
[07:59:51] [INFO]     [2022/354] PROCESSING: 0 RINEX files...
[07:59:51] [INFO]     [2022/355] PROCESSING: 0 RINEX files...
[07:59:52] [INFO]     [2022/356] PROCESSING: 0 RINEX files...
[07:59:52] [INFO]     [2022/357] PROCESSING: 0 RINEX files...
[07:59:53] [INFO]     [2022/358] PROCESSING: 0 RINEX files...
[07:59:53] [INFO]     [2022/359] PROCESSING: 0 RINEX files...
[07:59:53] [INFO]     [2022/360] PROCESSING: 0 RINEX files...
[07:59:54] [INFO]     [2022/361] PROCESSING: 0 RINEX files...
[07:59:54] [INFO]     [2022/362] PROCESSING: 0 RINEX files...
[07:59:55] [INFO]     [2022/363] PROCESSING: 0 RINEX files...
[08:00:44] [INFO]     [2022/344] PROCESSING: 360 RINEX files...
[08:02:48] [INFO]     [2022/344] PROCESSED: 358 new, 0 exist, 2 fail (123.2s)
[08:02:48] [WARNING]              Failures: rtklib_failed:2
[08:02:48] [INFO]     [2022/365] PROCESSING: 0 RINEX files...
[08:02:48] [INFO]     [2023/001] PROCESSING: 0 RINEX files...
[08:02:48] [INFO]     [2023/002] PROCESSING: 0 RINEX files...
[08:02:48] [INFO]     [2022/364] PROCESSING: 367 RINEX files...
[08:04:55] [INFO]     [2022/364] PROCESSED: 365 new, 0 exist, 2 fail (127.3s)
[08:04:55] [WARNING]              Failures: rtklib_failed:2
[08:04:55] [INFO]     [2023/004] PROCESSING: 0 RINEX files...
[08:04:55] [INFO]     [2023/003] PROCESSING: 0 RINEX files...
[08:04:55] [INFO]     [2023/005] PROCESSING: 0 RINEX files...
[08:04:55] [INFO]     [2023/006] PROCESSING: 0 RINEX files...
[08:04:56] [INFO]     [2023/008] PROCESSING: 0 RINEX files...
[08:04:56] [INFO]     [2023/007] PROCESSING: 0 RINEX files...
[08:04:57] [INFO]     [2023/009] PROCESSING: 0 RINEX files...
[08:04:57] [INFO]     [2023/010] PROCESSING: 0 RINEX files...
[08:04:57] [INFO]     [2023/011] PROCESSING: 0 RINEX files...
[08:04:58] [INFO]     [2023/012] PROCESSING: 0 RINEX files...
[08:04:58] [INFO]     [2023/013] PROCESSING: 0 RINEX files...
[08:04:58] [INFO]     [2023/014] PROCESSING: 0 RINEX files...
[08:04:59] [INFO]     [2023/016] PROCESSING: 0 RINEX files...
[08:04:59] [INFO]     [2023/015] PROCESSING: 0 RINEX files...
[08:05:00] [INFO]     [2023/017] PROCESSING: 0 RINEX files...
[08:05:00] [INFO]     [2023/018] PROCESSING: 0 RINEX files...
[08:05:00] [INFO]     [2023/019] PROCESSING: 0 RINEX files...
[08:05:00] [INFO]     [2023/020] PROCESSING: 0 RINEX files...
[08:05:01] [INFO]     [2023/021] PROCESSING: 0 RINEX files...
[08:05:01] [INFO]     [2023/022] PROCESSING: 0 RINEX files...
[08:05:02] [INFO]     [2023/023] PROCESSING: 0 RINEX files...
[08:05:02] [INFO]     [2023/024] PROCESSING: 0 RINEX files...
[08:05:02] [INFO]     [2023/025] PROCESSING: 0 RINEX files...
[08:05:02] [INFO]     [2023/026] PROCESSING: 0 RINEX files...
[08:05:03] [INFO]     [2023/028] PROCESSING: 0 RINEX files...
[08:05:03] [INFO]     [2023/027] PROCESSING: 0 RINEX files...
[08:05:04] [INFO]     [2023/029] PROCESSING: 0 RINEX files...
[08:05:04] [INFO]     [2023/030] PROCESSING: 0 RINEX files...
[08:05:04] [INFO]     [2023/031] PROCESSING: 0 RINEX files...
[08:05:05] [INFO]     [2023/032] PROCESSING: 0 RINEX files...
[08:05:05] [INFO]     [2023/034] PROCESSING: 0 RINEX files...
[08:05:05] [INFO]     [2023/033] PROCESSING: 0 RINEX files...
[08:05:06] [INFO]     [2023/035] PROCESSING: 0 RINEX files...
[08:05:06] [INFO]     [2023/036] PROCESSING: 0 RINEX files...
[08:05:06] [INFO]     [2023/037] PROCESSING: 0 RINEX files...
[08:05:07] [INFO]     [2023/038] PROCESSING: 0 RINEX files...
[08:05:07] [INFO]     [2023/039] PROCESSING: 0 RINEX files...
[08:05:07] [INFO]     [2023/040] PROCESSING: 0 RINEX files...
[08:05:08] [INFO]     [2023/041] PROCESSING: 0 RINEX files...
[08:05:08] [INFO]     [2023/042] PROCESSING: 0 RINEX files...
[08:05:09] [INFO]     [2023/043] PROCESSING: 0 RINEX files...
[08:05:09] [INFO]     [2023/044] PROCESSING: 0 RINEX files...
[08:05:09] [INFO]     [2023/045] PROCESSING: 0 RINEX files...
[08:05:09] [INFO]     [2023/046] PROCESSING: 0 RINEX files...
[08:05:10] [INFO]     [2023/047] PROCESSING: 0 RINEX files...
[08:05:10] [INFO]     [2023/048] PROCESSING: 0 RINEX files...
[08:05:11] [INFO]     [2023/049] PROCESSING: 0 RINEX files...
[08:05:11] [INFO]     [2023/050] PROCESSING: 0 RINEX files...
[08:05:11] [INFO]     [2023/051] PROCESSING: 0 RINEX files...
[08:05:12] [INFO]     [2023/052] PROCESSING: 0 RINEX files...
[08:05:12] [INFO]     [2023/054] PROCESSING: 0 RINEX files...
[08:05:12] [INFO]     [2023/053] PROCESSING: 0 RINEX files...
[08:05:13] [INFO]     [2023/055] PROCESSING: 0 RINEX files...
[08:05:13] [INFO]     [2023/056] PROCESSING: 0 RINEX files...
[08:05:13] [INFO]     [2023/057] PROCESSING: 0 RINEX files...
[08:05:14] [INFO]     [2023/058] PROCESSING: 0 RINEX files...
[08:05:14] [INFO]     [2023/059] PROCESSING: 0 RINEX files...
[08:05:14] [INFO]     [2023/060] PROCESSING: 0 RINEX files...
[08:05:15] [INFO]     [2023/061] PROCESSING: 0 RINEX files...
[08:05:15] [INFO]     [2023/062] PROCESSING: 0 RINEX files...
[08:05:16] [INFO]     [2023/064] PROCESSING: 0 RINEX files...
[08:05:16] [INFO]     [2023/063] PROCESSING: 0 RINEX files...
[08:05:16] [INFO]     [2023/065] PROCESSING: 0 RINEX files...
[08:05:16] [INFO]     [2023/066] PROCESSING: 0 RINEX files...
[08:05:17] [INFO]     [2023/067] PROCESSING: 0 RINEX files...
[08:05:17] [INFO]     [2023/068] PROCESSING: 0 RINEX files...
[08:05:18] [INFO]     [2023/069] PROCESSING: 0 RINEX files...
[08:05:18] [INFO]     [2023/070] PROCESSING: 0 RINEX files...
[08:05:18] [INFO]     [2023/071] PROCESSING: 0 RINEX files...
[08:05:19] [INFO]     [2023/072] PROCESSING: 0 RINEX files...
[08:05:19] [INFO]     [2023/073] PROCESSING: 0 RINEX files...
[08:05:19] [INFO]     [2023/074] PROCESSING: 0 RINEX files...
[08:05:20] [INFO]     [2023/075] PROCESSING: 0 RINEX files...
[08:05:20] [INFO]     [2023/076] PROCESSING: 0 RINEX files...
[08:05:20] [INFO]     [2023/077] PROCESSING: 0 RINEX files...
[08:05:21] [INFO]     [2023/078] PROCESSING: 0 RINEX files...
[08:05:21] [INFO]     [2023/079] PROCESSING: 0 RINEX files...
[08:05:21] [INFO]     [2023/080] PROCESSING: 0 RINEX files...
[08:05:22] [INFO]     [2023/081] PROCESSING: 0 RINEX files...
[08:05:22] [INFO]     [2023/082] PROCESSING: 0 RINEX files...
[08:05:23] [INFO]     [2023/083] PROCESSING: 0 RINEX files...
[08:05:23] [INFO]     [2023/084] PROCESSING: 0 RINEX files...
[08:05:23] [INFO]     [2023/085] PROCESSING: 0 RINEX files...
[08:05:23] [INFO]     [2023/086] PROCESSING: 0 RINEX files...
[08:05:24] [INFO]     [2023/087] PROCESSING: 0 RINEX files...
[08:05:24] [INFO]     [2023/088] PROCESSING: 0 RINEX files...
[08:05:25] [INFO]     [2023/089] PROCESSING: 0 RINEX files...
[08:05:25] [INFO]     [2023/090] PROCESSING: 0 RINEX files...
[08:05:25] [INFO]     [2023/091] PROCESSING: 0 RINEX files...
[08:05:26] [INFO]     [2023/092] PROCESSING: 0 RINEX files...
[08:05:26] [INFO]     [2023/093] PROCESSING: 0 RINEX files...
[08:05:26] [INFO]     [2023/094] PROCESSING: 0 RINEX files...
[08:05:27] [INFO]     [2023/095] PROCESSING: 0 RINEX files...
[08:05:27] [INFO]     [2023/096] PROCESSING: 0 RINEX files...
[08:05:27] [INFO]     [2023/097] PROCESSING: 0 RINEX files...
[08:05:28] [INFO]     [2023/098] PROCESSING: 0 RINEX files...
[08:05:28] [INFO]     [2023/099] PROCESSING: 0 RINEX files...
[08:05:28] [INFO]     [2023/100] PROCESSING: 0 RINEX files...
[08:05:29] [INFO]     [2023/101] PROCESSING: 0 RINEX files...
[08:05:29] [INFO]     [2023/102] PROCESSING: 0 RINEX files...
[08:05:29] [INFO]     [2023/103] PROCESSING: 0 RINEX files...
[08:05:30] [INFO]     [2023/104] PROCESSING: 0 RINEX files...
[08:05:30] [INFO]     [2023/105] PROCESSING: 0 RINEX files...
[08:05:30] [INFO]     [2023/106] PROCESSING: 0 RINEX files...
[08:05:31] [INFO]     [2023/107] PROCESSING: 0 RINEX files...
[08:05:31] [INFO]     [2023/108] PROCESSING: 0 RINEX files...
[08:05:31] [INFO]     [2023/109] PROCESSING: 0 RINEX files...
[08:05:32] [INFO]     [2023/110] PROCESSING: 0 RINEX files...
[08:05:32] [INFO]     [2023/111] PROCESSING: 0 RINEX files...
[08:05:32] [INFO]     [2023/112] PROCESSING: 0 RINEX files...
[08:05:33] [INFO]     [2023/113] PROCESSING: 0 RINEX files...
[08:05:33] [INFO]     [2023/114] PROCESSING: 0 RINEX files...
[08:05:33] [INFO]     [2023/115] PROCESSING: 0 RINEX files...
[08:05:34] [INFO]     [2023/116] PROCESSING: 0 RINEX files...
[08:05:34] [INFO]     [2023/117] PROCESSING: 0 RINEX files...
[08:05:34] [INFO]     [2023/118] PROCESSING: 0 RINEX files...
[08:05:35] [INFO]     [2023/119] PROCESSING: 0 RINEX files...
[08:05:35] [INFO]     [2023/120] PROCESSING: 0 RINEX files...
[08:05:36] [INFO]     [2023/121] PROCESSING: 0 RINEX files...
[08:05:36] [INFO]     [2023/122] PROCESSING: 0 RINEX files...
[08:05:36] [INFO]     [2023/123] PROCESSING: 0 RINEX files...
[08:05:36] [INFO]     [2023/124] PROCESSING: 0 RINEX files...
[08:05:37] [INFO]     [2023/125] PROCESSING: 0 RINEX files...
[08:05:37] [INFO]     [2023/126] PROCESSING: 0 RINEX files...
[08:05:37] [INFO]     [2023/127] PROCESSING: 0 RINEX files...
[08:05:38] [INFO]     [2023/128] PROCESSING: 0 RINEX files...
[08:05:38] [INFO]     [2023/129] PROCESSING: 0 RINEX files...
[08:05:38] [INFO]     [2023/130] PROCESSING: 0 RINEX files...
[08:05:39] [INFO]     [2023/131] PROCESSING: 0 RINEX files...
[08:05:39] [INFO]     [2023/132] PROCESSING: 0 RINEX files...
[08:05:39] [INFO]     [2023/133] PROCESSING: 0 RINEX files...
[08:05:40] [INFO]     [2023/134] PROCESSING: 0 RINEX files...
[08:05:40] [INFO]     [2023/135] PROCESSING: 0 RINEX files...
[08:05:40] [INFO]     [2023/136] PROCESSING: 0 RINEX files...
[08:05:41] [INFO]     [2023/137] PROCESSING: 0 RINEX files...
[08:05:41] [INFO]     [2023/138] PROCESSING: 0 RINEX files...
[08:05:41] [INFO]     [2023/139] PROCESSING: 0 RINEX files...
[08:05:41] [INFO]     [2023/140] PROCESSING: 0 RINEX files...
[08:05:42] [INFO]     [2023/141] PROCESSING: 0 RINEX files...
[08:05:42] [INFO]     [2023/142] PROCESSING: 0 RINEX files...
[08:05:42] [INFO]     [2023/143] PROCESSING: 0 RINEX files...
[08:05:43] [INFO]     [2023/144] PROCESSING: 0 RINEX files...
[08:05:43] [INFO]     [2023/145] PROCESSING: 0 RINEX files...
[08:05:43] [INFO]     [2023/146] PROCESSING: 0 RINEX files...
[08:05:44] [INFO]     [2023/147] PROCESSING: 0 RINEX files...
[08:05:44] [INFO]     [2023/148] PROCESSING: 0 RINEX files...
[08:05:44] [INFO]     [2023/149] PROCESSING: 0 RINEX files...
[08:05:45] [INFO]     [2023/150] PROCESSING: 0 RINEX files...
[08:05:45] [INFO]     [2023/151] PROCESSING: 0 RINEX files...
[08:05:45] [INFO]     [2023/152] PROCESSING: 0 RINEX files...
[08:05:46] [INFO]     [2023/153] PROCESSING: 0 RINEX files...
[08:05:46] [INFO]     [2023/154] PROCESSING: 0 RINEX files...
[08:05:46] [INFO]     [2023/155] PROCESSING: 0 RINEX files...
[08:05:47] [INFO]     [2023/156] PROCESSING: 0 RINEX files...
[08:05:47] [INFO]     [2023/157] PROCESSING: 0 RINEX files...
[08:05:47] [INFO]     [2023/158] PROCESSING: 0 RINEX files...
[08:05:48] [INFO]     [2023/159] PROCESSING: 0 RINEX files...
[08:05:48] [INFO]     [2023/160] PROCESSING: 0 RINEX files...
[08:05:48] [INFO]     [2023/161] PROCESSING: 0 RINEX files...
[08:05:49] [INFO]     [2023/162] PROCESSING: 0 RINEX files...
[08:05:49] [INFO]     [2023/163] PROCESSING: 0 RINEX files...
[08:05:49] [INFO]     [2023/164] PROCESSING: 0 RINEX files...
[08:05:50] [INFO]     [2023/165] PROCESSING: 0 RINEX files...
[08:05:50] [INFO]     [2023/166] PROCESSING: 0 RINEX files...
[08:05:50] [INFO]     [2023/167] PROCESSING: 0 RINEX files...
[08:05:51] [INFO]     [2023/169] PROCESSING: 0 RINEX files...
[08:05:51] [INFO]     [2023/170] PROCESSING: 0 RINEX files...
[08:05:52] [INFO]     [2023/171] PROCESSING: 0 RINEX files...
[08:05:52] [INFO]     [2023/172] PROCESSING: 0 RINEX files...
[08:05:52] [INFO]     [2023/173] PROCESSING: 0 RINEX files...
[08:05:53] [INFO]     [2023/174] PROCESSING: 0 RINEX files...
[08:05:53] [INFO]     [2023/175] PROCESSING: 0 RINEX files...
[08:05:54] [INFO]     [2023/176] PROCESSING: 0 RINEX files...
[08:05:54] [INFO]     [2023/177] PROCESSING: 0 RINEX files...
[08:05:55] [INFO]     [2023/178] PROCESSING: 0 RINEX files...
[08:05:55] [INFO]     [2023/179] PROCESSING: 0 RINEX files...
[08:05:55] [INFO]     [2023/180] PROCESSING: 0 RINEX files...
[08:05:56] [INFO]     [2023/181] PROCESSING: 0 RINEX files...
[08:05:56] [INFO]     [2023/182] PROCESSING: 0 RINEX files...
[08:05:57] [INFO]     [2023/183] PROCESSING: 0 RINEX files...
[08:05:57] [INFO]     [2023/184] PROCESSING: 0 RINEX files...
[08:05:57] [INFO]     [2023/185] PROCESSING: 0 RINEX files...
[08:05:58] [INFO]     [2023/186] PROCESSING: 0 RINEX files...
[08:05:58] [INFO]     [2023/187] PROCESSING: 0 RINEX files...
[08:05:59] [INFO]     [2023/188] PROCESSING: 0 RINEX files...
[08:05:59] [INFO]     [2023/189] PROCESSING: 0 RINEX files...
[08:06:00] [INFO]     [2023/190] PROCESSING: 0 RINEX files...
[08:06:00] [INFO]     [2023/191] PROCESSING: 0 RINEX files...
[08:06:00] [INFO]     [2023/192] PROCESSING: 0 RINEX files...
[08:06:01] [INFO]     [2023/193] PROCESSING: 0 RINEX files...
[08:06:01] [INFO]     [2023/194] PROCESSING: 0 RINEX files...
[08:06:02] [INFO]     [2023/195] PROCESSING: 0 RINEX files...
[08:06:02] [INFO]     [2023/196] PROCESSING: 0 RINEX files...
[08:06:02] [INFO]     [2023/197] PROCESSING: 0 RINEX files...
[08:06:03] [INFO]     [2023/198] PROCESSING: 0 RINEX files...
[08:06:03] [INFO]     [2023/199] PROCESSING: 0 RINEX files...
[08:06:04] [INFO]     [2023/200] PROCESSING: 0 RINEX files...
[08:06:04] [INFO]     [2023/201] PROCESSING: 0 RINEX files...
[08:06:04] [INFO]     [2023/202] PROCESSING: 0 RINEX files...
[08:06:05] [INFO]     [2023/203] PROCESSING: 0 RINEX files...
[08:06:05] [INFO]     [2023/204] PROCESSING: 0 RINEX files...
[08:06:06] [INFO]     [2023/205] PROCESSING: 0 RINEX files...
[08:06:06] [INFO]     [2023/206] PROCESSING: 0 RINEX files...
[08:06:07] [INFO]     [2023/207] PROCESSING: 0 RINEX files...
[08:06:07] [INFO]     [2023/208] PROCESSING: 0 RINEX files...
[08:06:07] [INFO]     [2023/209] PROCESSING: 0 RINEX files...
[08:06:08] [INFO]     [2023/210] PROCESSING: 0 RINEX files...
[08:06:08] [INFO]     [2023/211] PROCESSING: 0 RINEX files...
[08:06:09] [INFO]     [2023/212] PROCESSING: 0 RINEX files...
[08:06:09] [INFO]     [2023/213] PROCESSING: 0 RINEX files...
[08:06:09] [INFO]     [2023/214] PROCESSING: 0 RINEX files...
[08:06:10] [INFO]     [2023/215] PROCESSING: 0 RINEX files...
[08:06:10] [INFO]     [2023/216] PROCESSING: 0 RINEX files...
[08:06:11] [INFO]     [2023/217] PROCESSING: 0 RINEX files...
[08:06:11] [INFO]     [2023/218] PROCESSING: 0 RINEX files...
[08:06:11] [INFO]     [2023/219] PROCESSING: 0 RINEX files...
[08:06:12] [INFO]     [2023/220] PROCESSING: 0 RINEX files...
[08:06:12] [INFO]     [2023/221] PROCESSING: 0 RINEX files...
[08:06:13] [INFO]     [2023/222] PROCESSING: 0 RINEX files...
[08:06:13] [INFO]     [2023/223] PROCESSING: 0 RINEX files...
[08:06:14] [INFO]     [2023/224] PROCESSING: 0 RINEX files...
[08:06:14] [INFO]     [2023/225] PROCESSING: 0 RINEX files...
[08:06:14] [INFO]     [2023/226] PROCESSING: 0 RINEX files...
[08:06:15] [INFO]     [2023/227] PROCESSING: 0 RINEX files...
[08:06:15] [INFO]     [2023/228] PROCESSING: 0 RINEX files...
[08:06:16] [INFO]     [2023/229] PROCESSING: 0 RINEX files...
[08:06:16] [INFO]     [2023/230] PROCESSING: 0 RINEX files...
[08:06:16] [INFO]     [2023/231] PROCESSING: 0 RINEX files...
[08:06:17] [INFO]     [2023/232] PROCESSING: 0 RINEX files...
[08:06:17] [INFO]     [2023/233] PROCESSING: 0 RINEX files...
[08:06:18] [INFO]     [2023/234] PROCESSING: 0 RINEX files...
[08:06:18] [INFO]     [2023/235] PROCESSING: 0 RINEX files...
[08:06:18] [INFO]     [2023/236] PROCESSING: 0 RINEX files...
[08:06:19] [INFO]     [2023/237] PROCESSING: 0 RINEX files...
[08:06:19] [INFO]     [2023/238] PROCESSING: 0 RINEX files...
[08:06:20] [INFO]     [2023/239] PROCESSING: 0 RINEX files...
[08:06:20] [INFO]     [2023/240] PROCESSING: 0 RINEX files...
[08:06:21] [INFO]     [2023/241] PROCESSING: 0 RINEX files...
[08:06:21] [INFO]     [2023/242] PROCESSING: 0 RINEX files...
[08:06:21] [INFO]     [2023/243] PROCESSING: 0 RINEX files...
[08:06:22] [INFO]     [2023/244] PROCESSING: 0 RINEX files...
[08:06:22] [INFO]     [2023/245] PROCESSING: 0 RINEX files...
[08:06:23] [INFO]     [2023/246] PROCESSING: 0 RINEX files...
[08:06:23] [INFO]     [2023/247] PROCESSING: 0 RINEX files...
[08:06:23] [INFO]     [2023/248] PROCESSING: 0 RINEX files...
[08:06:24] [INFO]     [2023/249] PROCESSING: 0 RINEX files...
[08:06:24] [INFO]     [2023/250] PROCESSING: 0 RINEX files...
[08:06:25] [INFO]     [2023/251] PROCESSING: 0 RINEX files...
[08:06:25] [INFO]     [2023/252] PROCESSING: 0 RINEX files...
[08:06:26] [INFO]     [2023/253] PROCESSING: 0 RINEX files...
[08:06:26] [INFO]     [2023/254] PROCESSING: 0 RINEX files...
[08:06:26] [INFO]     [2023/255] PROCESSING: 0 RINEX files...
[08:06:27] [INFO]     [2023/256] PROCESSING: 0 RINEX files...
[08:06:27] [INFO]     [2023/257] PROCESSING: 0 RINEX files...
[08:06:28] [INFO]     [2023/258] PROCESSING: 0 RINEX files...
[08:06:28] [INFO]     [2023/259] PROCESSING: 0 RINEX files...
[08:06:28] [INFO]     [2023/260] PROCESSING: 0 RINEX files...
[08:06:29] [INFO]     [2023/261] PROCESSING: 0 RINEX files...
[08:06:29] [INFO]     [2023/262] PROCESSING: 0 RINEX files...
[08:06:30] [INFO]     [2023/263] PROCESSING: 0 RINEX files...
[08:06:30] [INFO]     [2023/264] PROCESSING: 0 RINEX files...
[08:06:31] [INFO]     [2023/265] PROCESSING: 0 RINEX files...
[08:06:31] [INFO]     [2023/266] PROCESSING: 0 RINEX files...
[08:06:40] [INFO]     [2023/168] PROCESSING: 379 RINEX files...
[08:08:55] [INFO]     [2023/168] PROCESSED: 379 new, 0 exist, 0 fail (134.8s)
[08:08:55] [INFO]     [2023/268] PROCESSING: 0 RINEX files...
[08:08:55] [INFO]     [2023/269] PROCESSING: 0 RINEX files...
[08:08:55] [INFO]     [2023/270] PROCESSING: 0 RINEX files...
[08:08:55] [INFO]     [2023/267] PROCESSING: 388 RINEX files...
[08:11:09] [INFO]     [2023/267] PROCESSED: 388 new, 0 exist, 0 fail (133.6s)
[08:11:09] [INFO]     [2023/272] PROCESSING: 0 RINEX files...
[08:11:09] [INFO]     [2023/271] PROCESSING: 0 RINEX files...
[08:11:09] [INFO]     [2023/273] PROCESSING: 0 RINEX files...
[08:11:09] [INFO]     [2023/274] PROCESSING: 0 RINEX files...
[08:11:10] [INFO]     [2023/275] PROCESSING: 0 RINEX files...
[08:11:10] [INFO]     [2023/276] PROCESSING: 0 RINEX files...
[08:11:11] [INFO]     [2023/277] PROCESSING: 0 RINEX files...
[08:11:11] [INFO]     [2023/279] PROCESSING: 0 RINEX files...
[08:11:12] [INFO]     [2023/280] PROCESSING: 0 RINEX files...
[08:11:12] [INFO]     [2023/281] PROCESSING: 0 RINEX files...
[08:11:12] [INFO]     [2023/282] PROCESSING: 0 RINEX files...
[08:11:13] [INFO]     [2023/283] PROCESSING: 0 RINEX files...
[08:11:13] [INFO]     [2023/284] PROCESSING: 0 RINEX files...
[08:11:14] [INFO]     [2023/285] PROCESSING: 0 RINEX files...
[08:11:14] [INFO]     [2023/286] PROCESSING: 0 RINEX files...
[08:11:14] [INFO]     [2023/287] PROCESSING: 0 RINEX files...
[08:11:15] [INFO]     [2023/288] PROCESSING: 0 RINEX files...
[08:11:15] [INFO]     [2023/289] PROCESSING: 0 RINEX files...
[08:11:16] [INFO]     [2023/290] PROCESSING: 0 RINEX files...
[08:11:16] [INFO]     [2023/291] PROCESSING: 0 RINEX files...
[08:11:17] [INFO]     [2023/292] PROCESSING: 0 RINEX files...
[08:11:17] [INFO]     [2023/293] PROCESSING: 0 RINEX files...
[08:11:17] [INFO]     [2023/294] PROCESSING: 0 RINEX files...
[08:11:18] [INFO]     [2023/295] PROCESSING: 0 RINEX files...
[08:11:18] [INFO]     [2023/296] PROCESSING: 0 RINEX files...
[08:11:19] [INFO]     [2023/297] PROCESSING: 0 RINEX files...
[08:11:19] [INFO]     [2023/298] PROCESSING: 0 RINEX files...
[08:11:19] [INFO]     [2023/299] PROCESSING: 0 RINEX files...
[08:11:55] [INFO]     [2023/278] PROCESSING: 392 RINEX files...
[08:14:07] [INFO]     [2023/278] PROCESSED: 392 new, 0 exist, 0 fail (132.3s)
[08:14:07] [INFO]     [2023/301] PROCESSING: 0 RINEX files...
[08:14:07] [INFO]     [2023/302] PROCESSING: 0 RINEX files...
[08:14:07] [INFO]     [2023/303] PROCESSING: 0 RINEX files...
[08:14:07] [INFO]     [2023/300] PROCESSING: 384 RINEX files...
[08:16:23] [INFO]     [2023/300] PROCESSED: 384 new, 0 exist, 0 fail (135.6s)
[08:16:23] [INFO]     [2023/304] PROCESSING: 0 RINEX files...
[08:16:23] [INFO]     [2023/305] PROCESSING: 0 RINEX files...
[08:16:23] [INFO]     [2023/306] PROCESSING: 0 RINEX files...
[08:16:23] [INFO]     [2023/307] PROCESSING: 0 RINEX files...
[08:16:24] [INFO]     [2023/309] PROCESSING: 0 RINEX files...
[08:16:24] [INFO]     [2023/308] PROCESSING: 0 RINEX files...
[08:16:25] [INFO]     [2023/310] PROCESSING: 0 RINEX files...
[08:16:25] [INFO]     [2023/311] PROCESSING: 0 RINEX files...
[08:16:25] [INFO]     [2023/313] PROCESSING: 0 RINEX files...
[08:16:25] [INFO]     [2023/312] PROCESSING: 0 RINEX files...
[08:16:26] [INFO]     [2023/314] PROCESSING: 0 RINEX files...
[08:16:26] [INFO]     [2023/315] PROCESSING: 0 RINEX files...
[08:16:27] [INFO]     [2023/316] PROCESSING: 0 RINEX files...
[08:16:27] [INFO]     [2023/317] PROCESSING: 0 RINEX files...
[08:16:27] [INFO]     [2023/318] PROCESSING: 0 RINEX files...
[08:16:27] [INFO]     [2023/319] PROCESSING: 0 RINEX files...
[08:16:28] [INFO]     [2023/320] PROCESSING: 0 RINEX files...
[08:16:28] [INFO]     [2023/321] PROCESSING: 0 RINEX files...
[08:16:29] [INFO]     [2023/322] PROCESSING: 0 RINEX files...
[08:16:29] [INFO]     [2023/323] PROCESSING: 0 RINEX files...
[08:16:30] [INFO]     [2023/324] PROCESSING: 0 RINEX files...
[08:16:30] [INFO]     [2023/325] PROCESSING: 0 RINEX files...
[08:16:30] [INFO]     [2023/326] PROCESSING: 0 RINEX files...
[08:16:30] [INFO]     [2023/327] PROCESSING: 0 RINEX files...
[08:16:31] [INFO]     [2023/329] PROCESSING: 0 RINEX files...
[08:16:31] [INFO]     [2023/328] PROCESSING: 0 RINEX files...
[08:16:32] [INFO]     [2023/330] PROCESSING: 0 RINEX files...
[08:16:32] [INFO]     [2023/331] PROCESSING: 0 RINEX files...
[08:16:32] [INFO]     [2023/332] PROCESSING: 0 RINEX files...
[08:16:32] [INFO]     [2023/333] PROCESSING: 0 RINEX files...
[08:16:33] [INFO]     [2023/334] PROCESSING: 0 RINEX files...
[08:16:33] [INFO]     [2023/335] PROCESSING: 0 RINEX files...
[08:16:34] [INFO]     [2023/336] PROCESSING: 0 RINEX files...
[08:16:34] [INFO]     [2023/337] PROCESSING: 0 RINEX files...
[08:16:34] [INFO]     [2023/339] PROCESSING: 0 RINEX files...
[08:16:35] [INFO]     [2023/338] PROCESSING: 0 RINEX files...
[08:16:35] [INFO]     [2023/340] PROCESSING: 0 RINEX files...
[08:16:35] [INFO]     [2023/341] PROCESSING: 0 RINEX files...
[08:16:36] [INFO]     [2023/342] PROCESSING: 0 RINEX files...
[08:16:36] [INFO]     [2023/343] PROCESSING: 0 RINEX files...
[08:16:36] [INFO]     [2023/344] PROCESSING: 0 RINEX files...
[08:16:37] [INFO]     [2023/345] PROCESSING: 0 RINEX files...
[08:16:37] [INFO]     [2023/346] PROCESSING: 0 RINEX files...
[08:16:37] [INFO]     [2023/347] PROCESSING: 0 RINEX files...
[08:16:38] [INFO]     [2023/348] PROCESSING: 0 RINEX files...
[08:16:38] [INFO]     [2023/349] PROCESSING: 0 RINEX files...
[08:16:39] [INFO]     [2023/350] PROCESSING: 0 RINEX files...
[08:16:39] [INFO]     [2023/351] PROCESSING: 0 RINEX files...
[08:16:39] [INFO]     [2023/352] PROCESSING: 0 RINEX files...
[08:16:39] [INFO]     [2023/353] PROCESSING: 0 RINEX files...
[08:16:40] [INFO]     [2023/354] PROCESSING: 0 RINEX files...
[08:16:40] [INFO]     [2023/355] PROCESSING: 0 RINEX files...
[08:16:41] [INFO]     [2023/356] PROCESSING: 0 RINEX files...
[08:16:41] [INFO]     [2023/357] PROCESSING: 0 RINEX files...
[08:16:41] [INFO]     [2023/358] PROCESSING: 0 RINEX files...
[08:16:41] [INFO]     [2023/359] PROCESSING: 0 RINEX files...
[08:16:42] [INFO]     [2023/360] PROCESSING: 0 RINEX files...
[08:16:42] [INFO]     [2023/361] PROCESSING: 0 RINEX files...
[08:16:43] [INFO]     [2023/363] PROCESSING: 0 RINEX files...
[08:16:43] [INFO]     [2023/362] PROCESSING: 0 RINEX files...
[08:16:43] [INFO]     [2023/364] PROCESSING: 0 RINEX files...
[08:16:44] [INFO]     [2023/365] PROCESSING: 0 RINEX files...
[08:16:44] [INFO]     [2024/001] PROCESSING: 0 RINEX files...
[08:16:44] [INFO]     [2024/002] PROCESSING: 0 RINEX files...
[08:16:45] [INFO]     [2024/003] PROCESSING: 0 RINEX files...
[08:16:45] [INFO]     [2024/004] PROCESSING: 0 RINEX files...
[08:16:46] [INFO]     [2024/005] PROCESSING: 0 RINEX files...
[08:16:46] [INFO]     [2024/006] PROCESSING: 0 RINEX files...
[08:16:46] [INFO]     [2024/007] PROCESSING: 0 RINEX files...
[08:16:46] [INFO]     [2024/008] PROCESSING: 0 RINEX files...
[08:16:47] [INFO]     [2024/009] PROCESSING: 0 RINEX files...
[08:16:47] [INFO]     [2024/010] PROCESSING: 0 RINEX files...
[08:16:48] [INFO]     [2024/011] PROCESSING: 0 RINEX files...
[08:16:48] [INFO]     [2024/012] PROCESSING: 0 RINEX files...
[08:16:48] [INFO]     [2024/013] PROCESSING: 0 RINEX files...
[08:16:48] [INFO]     [2024/014] PROCESSING: 0 RINEX files...
[08:16:49] [INFO]     [2024/015] PROCESSING: 0 RINEX files...
[08:16:49] [INFO]     [2024/016] PROCESSING: 0 RINEX files...
[08:16:50] [INFO]     [2024/017] PROCESSING: 0 RINEX files...
[08:16:50] [INFO]     [2024/018] PROCESSING: 0 RINEX files...
[08:16:50] [INFO]     [2024/019] PROCESSING: 0 RINEX files...
[08:16:51] [INFO]     [2024/020] PROCESSING: 0 RINEX files...
[08:16:51] [INFO]     [2024/021] PROCESSING: 0 RINEX files...
[08:16:51] [INFO]     [2024/022] PROCESSING: 0 RINEX files...
[08:16:52] [INFO]     [2024/023] PROCESSING: 0 RINEX files...
[08:16:52] [INFO]     [2024/024] PROCESSING: 0 RINEX files...
[08:16:53] [INFO]     [2024/025] PROCESSING: 0 RINEX files...
[08:16:53] [INFO]     [2024/026] PROCESSING: 0 RINEX files...
[08:16:53] [INFO]     [2024/027] PROCESSING: 0 RINEX files...
[08:16:53] [INFO]     [2024/028] PROCESSING: 0 RINEX files...
[08:16:54] [INFO]     [2024/029] PROCESSING: 0 RINEX files...
[08:16:54] [INFO]     [2024/030] PROCESSING: 0 RINEX files...
[08:16:55] [INFO]     [2024/031] PROCESSING: 0 RINEX files...
[08:16:55] [INFO]     [2024/032] PROCESSING: 0 RINEX files...
[08:16:55] [INFO]     [2024/033] PROCESSING: 0 RINEX files...
[08:16:55] [INFO]     [2024/034] PROCESSING: 0 RINEX files...
[08:16:56] [INFO]     [2024/036] PROCESSING: 0 RINEX files...
[08:16:56] [INFO]     [2024/035] PROCESSING: 0 RINEX files...
[08:16:57] [INFO]     [2024/038] PROCESSING: 0 RINEX files...
[08:16:57] [INFO]     [2024/037] PROCESSING: 0 RINEX files...
[08:16:57] [INFO]     [2024/040] PROCESSING: 0 RINEX files...
[08:16:58] [INFO]     [2024/039] PROCESSING: 0 RINEX files...
[08:16:58] [INFO]     [2024/041] PROCESSING: 0 RINEX files...
[08:16:58] [INFO]     [2024/042] PROCESSING: 0 RINEX files...
[08:16:59] [INFO]     [2024/043] PROCESSING: 0 RINEX files...
[08:16:59] [INFO]     [2024/044] PROCESSING: 0 RINEX files...
[08:17:00] [INFO]     [2024/046] PROCESSING: 0 RINEX files...
[08:17:00] [INFO]     [2024/045] PROCESSING: 0 RINEX files...
[08:17:00] [INFO]     [2024/047] PROCESSING: 0 RINEX files...
[08:17:01] [INFO]     [2024/048] PROCESSING: 0 RINEX files...
[08:17:01] [INFO]     [2024/049] PROCESSING: 0 RINEX files...
[08:17:01] [INFO]     [2024/050] PROCESSING: 0 RINEX files...
[08:17:02] [INFO]     [2024/051] PROCESSING: 0 RINEX files...
[08:17:02] [INFO]     [2024/052] PROCESSING: 0 RINEX files...
[08:17:03] [INFO]     [2024/054] PROCESSING: 0 RINEX files...
[08:17:03] [INFO]     [2024/053] PROCESSING: 0 RINEX files...
[08:17:03] [INFO]     [2024/055] PROCESSING: 0 RINEX files...
[08:17:03] [INFO]     [2024/056] PROCESSING: 0 RINEX files...
[08:17:04] [INFO]     [2024/057] PROCESSING: 0 RINEX files...
[08:17:04] [INFO]     [2024/058] PROCESSING: 0 RINEX files...
[08:17:05] [INFO]     [2024/059] PROCESSING: 0 RINEX files...
[08:17:05] [INFO]     [2024/060] PROCESSING: 0 RINEX files...
[08:17:05] [INFO]     [2024/061] PROCESSING: 0 RINEX files...
[08:17:06] [INFO]     [2024/062] PROCESSING: 0 RINEX files...
[08:17:06] [INFO]     [2024/063] PROCESSING: 0 RINEX files...
[08:17:06] [INFO]     [2024/064] PROCESSING: 0 RINEX files...
[08:17:07] [INFO]     [2024/065] PROCESSING: 0 RINEX files...
[08:17:07] [INFO]     [2024/066] PROCESSING: 0 RINEX files...
[08:17:07] [INFO]     [2024/067] PROCESSING: 0 RINEX files...
[08:17:08] [INFO]     [2024/068] PROCESSING: 0 RINEX files...
[08:17:08] [INFO]     [2024/069] PROCESSING: 0 RINEX files...
[08:17:08] [INFO]     [2024/070] PROCESSING: 0 RINEX files...
[08:17:09] [INFO]     [2024/071] PROCESSING: 0 RINEX files...
[08:17:09] [INFO]     [2024/072] PROCESSING: 0 RINEX files...
[08:17:09] [INFO]     [2024/073] PROCESSING: 0 RINEX files...
[08:17:10] [INFO]     [2024/074] PROCESSING: 0 RINEX files...
[08:17:10] [INFO]     [2024/075] PROCESSING: 0 RINEX files...
[08:17:10] [INFO]     [2024/076] PROCESSING: 0 RINEX files...
[08:17:11] [INFO]     [2024/077] PROCESSING: 0 RINEX files...
[08:17:11] [INFO]     [2024/078] PROCESSING: 0 RINEX files...
[08:17:11] [INFO]     [2024/079] PROCESSING: 0 RINEX files...
[08:17:11] [INFO]     [2024/080] PROCESSING: 0 RINEX files...
[08:17:12] [INFO]     [2024/081] PROCESSING: 0 RINEX files...
[08:17:12] [INFO]     [2024/082] PROCESSING: 0 RINEX files...
[08:17:13] [INFO]     [2024/083] PROCESSING: 0 RINEX files...
[08:17:13] [INFO]     [2024/084] PROCESSING: 0 RINEX files...
[08:17:13] [INFO]     [2024/085] PROCESSING: 0 RINEX files...
[08:17:13] [INFO]     [2024/086] PROCESSING: 0 RINEX files...
[08:17:14] [INFO]     [2024/087] PROCESSING: 0 RINEX files...
[08:17:14] [INFO]     [2024/088] PROCESSING: 0 RINEX files...
[08:17:14] [INFO]     [2024/089] PROCESSING: 0 RINEX files...
[08:17:15] [INFO]     [2024/090] PROCESSING: 0 RINEX files...
[08:17:15] [INFO]     [2024/091] PROCESSING: 0 RINEX files...
[08:17:15] [INFO]     [2024/092] PROCESSING: 0 RINEX files...
[08:17:16] [INFO]     [2024/093] PROCESSING: 0 RINEX files...
[08:17:16] [INFO]     [2024/094] PROCESSING: 0 RINEX files...
[08:17:16] [INFO]     [2024/095] PROCESSING: 0 RINEX files...
[08:17:17] [INFO]     [2024/096] PROCESSING: 0 RINEX files...
[08:17:17] [INFO]     [2024/097] PROCESSING: 0 RINEX files...
[08:17:17] [INFO]     [2024/098] PROCESSING: 0 RINEX files...
[08:17:18] [INFO]     [2024/099] PROCESSING: 0 RINEX files...
[08:17:18] [INFO]     [2024/100] PROCESSING: 0 RINEX files...
[08:17:18] [INFO]     [2024/101] PROCESSING: 0 RINEX files...
[08:17:19] [INFO]     [2024/102] PROCESSING: 0 RINEX files...
[08:17:19] [INFO]     [2024/103] PROCESSING: 0 RINEX files...
[08:17:19] [INFO]     [2024/104] PROCESSING: 0 RINEX files...
[08:17:20] [INFO]     [2024/105] PROCESSING: 0 RINEX files...
[08:17:20] [INFO]     [2024/106] PROCESSING: 0 RINEX files...
[08:17:20] [INFO]     [2024/107] PROCESSING: 0 RINEX files...
[08:17:21] [INFO]     [2024/108] PROCESSING: 0 RINEX files...
[08:17:21] [INFO]     [2024/109] PROCESSING: 0 RINEX files...
[08:17:22] [INFO]     [2024/111] PROCESSING: 0 RINEX files...
[08:17:22] [INFO]     [2024/112] PROCESSING: 0 RINEX files...
[08:17:22] [INFO]     [2024/113] PROCESSING: 0 RINEX files...
[08:17:23] [INFO]     [2024/114] PROCESSING: 0 RINEX files...
[08:17:23] [INFO]     [2024/115] PROCESSING: 0 RINEX files...
[08:17:24] [INFO]     [2024/116] PROCESSING: 0 RINEX files...
[08:17:24] [INFO]     [2024/117] PROCESSING: 0 RINEX files...
[08:17:25] [INFO]     [2024/118] PROCESSING: 0 RINEX files...
[08:17:25] [INFO]     [2024/119] PROCESSING: 0 RINEX files...
[08:17:25] [INFO]     [2024/120] PROCESSING: 0 RINEX files...
[08:17:26] [INFO]     [2024/121] PROCESSING: 0 RINEX files...
[08:17:26] [INFO]     [2024/122] PROCESSING: 0 RINEX files...
[08:17:27] [INFO]     [2024/123] PROCESSING: 0 RINEX files...
[08:17:27] [INFO]     [2024/124] PROCESSING: 0 RINEX files...
[08:17:28] [INFO]     [2024/125] PROCESSING: 0 RINEX files...
[08:18:09] [INFO]     [2024/110] PROCESSING: 386 RINEX files...
[08:20:21] [INFO]     [2024/110] PROCESSED: 386 new, 0 exist, 0 fail (132.5s)
[08:20:21] [INFO]     [2024/127] PROCESSING: 0 RINEX files...
[08:20:21] [INFO]     [2024/128] PROCESSING: 0 RINEX files...
[08:20:21] [INFO]     [2024/129] PROCESSING: 0 RINEX files...
[08:20:21] [INFO]     [2024/126] PROCESSING: 393 RINEX files...
[08:22:36] [INFO]     [2024/126] PROCESSED: 392 new, 0 exist, 1 fail (135.0s)
[08:22:36] [WARNING]              Failures: rtklib_failed:1
[08:22:37] [INFO]     [2024/130] PROCESSING: 0 RINEX files...
[08:22:37] [INFO]     [2024/131] PROCESSING: 0 RINEX files...
[08:22:37] [INFO]     [2024/132] PROCESSING: 0 RINEX files...
[08:22:37] [INFO]     [2024/133] PROCESSING: 0 RINEX files...
[08:22:37] [INFO]     [2024/134] PROCESSING: 0 RINEX files...
[08:22:37] [INFO]     [2024/135] PROCESSING: 0 RINEX files...
[08:22:38] [INFO]     [2024/136] PROCESSING: 0 RINEX files...
[08:22:38] [INFO]     [2024/137] PROCESSING: 0 RINEX files...
[08:22:39] [INFO]     [2024/138] PROCESSING: 0 RINEX files...
[08:22:39] [INFO]     [2024/139] PROCESSING: 0 RINEX files...
[08:22:39] [INFO]     [2024/140] PROCESSING: 0 RINEX files...
[08:22:39] [INFO]     [2024/141] PROCESSING: 0 RINEX files...
[08:22:40] [INFO]     [2024/142] PROCESSING: 0 RINEX files...
[08:22:40] [INFO]     [2024/143] PROCESSING: 0 RINEX files...
[08:22:41] [INFO]     [2024/144] PROCESSING: 0 RINEX files...
[08:22:41] [INFO]     [2024/145] PROCESSING: 0 RINEX files...
[08:22:41] [INFO]     [2024/146] PROCESSING: 0 RINEX files...
[08:22:42] [INFO]     [2024/147] PROCESSING: 0 RINEX files...
[08:22:42] [INFO]     [2024/148] PROCESSING: 0 RINEX files...
[08:22:42] [INFO]     [2024/149] PROCESSING: 0 RINEX files...
[08:22:43] [INFO]     [2024/150] PROCESSING: 0 RINEX files...
[08:22:43] [INFO]     [2024/151] PROCESSING: 0 RINEX files...
[08:22:44] [INFO]     [2024/153] PROCESSING: 0 RINEX files...
[08:22:44] [INFO]     [2024/154] PROCESSING: 0 RINEX files...
[08:22:45] [INFO]     [2024/155] PROCESSING: 0 RINEX files...
[08:22:45] [INFO]     [2024/156] PROCESSING: 0 RINEX files...
[08:22:45] [INFO]     [2024/157] PROCESSING: 0 RINEX files...
[08:22:46] [INFO]     [2024/158] PROCESSING: 0 RINEX files...
[08:22:46] [INFO]     [2024/159] PROCESSING: 0 RINEX files...
[08:22:47] [INFO]     [2024/160] PROCESSING: 0 RINEX files...
[08:22:47] [INFO]     [2024/161] PROCESSING: 0 RINEX files...
[08:22:48] [INFO]     [2024/162] PROCESSING: 0 RINEX files...
[08:22:48] [INFO]     [2024/163] PROCESSING: 0 RINEX files...
[08:22:48] [INFO]     [2024/164] PROCESSING: 0 RINEX files...
[08:22:49] [INFO]     [2024/165] PROCESSING: 0 RINEX files...
[08:22:49] [INFO]     [2024/166] PROCESSING: 0 RINEX files...
[08:22:50] [INFO]     [2024/167] PROCESSING: 0 RINEX files...
[08:22:50] [INFO]     [2024/168] PROCESSING: 0 RINEX files...
[08:22:51] [INFO]     [2024/169] PROCESSING: 0 RINEX files...
[08:22:51] [INFO]     [2024/170] PROCESSING: 0 RINEX files...
[08:22:51] [INFO]     [2024/171] PROCESSING: 0 RINEX files...
[08:22:52] [INFO]     [2024/172] PROCESSING: 0 RINEX files...
[08:22:52] [INFO]     [2024/173] PROCESSING: 0 RINEX files...
[08:22:53] [INFO]     [2024/174] PROCESSING: 0 RINEX files...
[08:22:53] [INFO]     [2024/175] PROCESSING: 0 RINEX files...
[08:22:54] [INFO]     [2024/176] PROCESSING: 0 RINEX files...
[08:22:54] [INFO]     [2024/177] PROCESSING: 0 RINEX files...
[08:22:54] [INFO]     [2024/178] PROCESSING: 0 RINEX files...
[08:22:55] [INFO]     [2024/179] PROCESSING: 0 RINEX files...
[08:22:55] [INFO]     [2024/180] PROCESSING: 0 RINEX files...
[08:22:56] [INFO]     [2024/181] PROCESSING: 0 RINEX files...
[08:22:56] [INFO]     [2024/182] PROCESSING: 0 RINEX files...
[08:22:57] [INFO]     [2024/183] PROCESSING: 0 RINEX files...
[08:22:57] [INFO]     [2024/184] PROCESSING: 0 RINEX files...
[08:22:57] [INFO]     [2024/185] PROCESSING: 0 RINEX files...
[08:22:58] [INFO]     [2024/186] PROCESSING: 0 RINEX files...
[08:22:58] [INFO]     [2024/187] PROCESSING: 0 RINEX files...
[08:23:23] [INFO]     [2024/152] PROCESSING: 371 RINEX files...
[08:25:29] [INFO]     [2024/152] PROCESSED: 371 new, 0 exist, 0 fail (126.2s)
[08:25:30] [INFO]     [2024/189] PROCESSING: 0 RINEX files...
[08:25:30] [INFO]     [2024/190] PROCESSING: 0 RINEX files...
[08:25:30] [INFO]     [2024/191] PROCESSING: 0 RINEX files...
[08:25:30] [INFO]     [2024/188] PROCESSING: 398 RINEX files...
[08:27:49] [INFO]     [2024/188] PROCESSED: 394 new, 0 exist, 4 fail (139.4s)
[08:27:49] [WARNING]              Failures: rtklib_failed:4
[08:27:49] [INFO]     [2024/192] PROCESSING: 0 RINEX files...
[08:27:49] [INFO]     [2024/193] PROCESSING: 0 RINEX files...
[08:27:49] [INFO]     [2024/194] PROCESSING: 0 RINEX files...
[08:27:49] [INFO]     [2024/195] PROCESSING: 0 RINEX files...
[08:27:50] [INFO]     [2024/197] PROCESSING: 0 RINEX files...
[08:27:50] [INFO]     [2024/196] PROCESSING: 0 RINEX files...
[08:27:50] [INFO]     [2024/199] PROCESSING: 0 RINEX files...
[08:27:51] [INFO]     [2024/198] PROCESSING: 0 RINEX files...
[08:27:51] [INFO]     [2024/200] PROCESSING: 0 RINEX files...
[08:27:51] [INFO]     [2024/201] PROCESSING: 0 RINEX files...
[08:27:52] [INFO]     [2024/202] PROCESSING: 0 RINEX files...
[08:27:52] [INFO]     [2024/203] PROCESSING: 0 RINEX files...
[08:27:53] [INFO]     [2024/204] PROCESSING: 0 RINEX files...
[08:27:53] [INFO]     [2024/205] PROCESSING: 0 RINEX files...
[08:27:53] [INFO]     [2024/206] PROCESSING: 0 RINEX files...
[08:27:53] [INFO]     [2024/207] PROCESSING: 0 RINEX files...
[08:27:54] [INFO]     [2024/208] PROCESSING: 0 RINEX files...
[08:27:54] [INFO]     [2024/209] PROCESSING: 0 RINEX files...
[08:27:55] [INFO]     [2024/210] PROCESSING: 0 RINEX files...
[08:27:55] [INFO]     [2024/211] PROCESSING: 0 RINEX files...
[08:27:55] [INFO]     [2024/212] PROCESSING: 0 RINEX files...
[08:27:56] [INFO]     [2024/213] PROCESSING: 0 RINEX files...
[08:27:56] [INFO]     [2024/214] PROCESSING: 0 RINEX files...
[08:27:56] [INFO]     [2024/215] PROCESSING: 0 RINEX files...
[08:27:57] [INFO]     [2024/216] PROCESSING: 0 RINEX files...
[08:27:57] [INFO]     [2024/217] PROCESSING: 0 RINEX files...
[08:27:58] [INFO]     [2024/218] PROCESSING: 0 RINEX files...
[08:27:58] [INFO]     [2024/219] PROCESSING: 0 RINEX files...
[08:27:58] [INFO]     [2024/220] PROCESSING: 0 RINEX files...
[08:27:58] [INFO]     [2024/221] PROCESSING: 0 RINEX files...
[08:27:59] [INFO]     [2024/222] PROCESSING: 0 RINEX files...
[08:27:59] [INFO]     [2024/223] PROCESSING: 0 RINEX files...
[08:28:00] [INFO]     [2024/224] PROCESSING: 0 RINEX files...
[08:28:00] [INFO]     [2024/225] PROCESSING: 0 RINEX files...
[08:28:00] [INFO]     [2024/226] PROCESSING: 0 RINEX files...
[08:28:01] [INFO]     [2024/227] PROCESSING: 0 RINEX files...
[08:28:01] [INFO]     [2024/228] PROCESSING: 0 RINEX files...
[08:28:01] [INFO]     [2024/229] PROCESSING: 0 RINEX files...
[08:28:02] [INFO]     [2024/230] PROCESSING: 0 RINEX files...
[08:28:02] [INFO]     [2024/231] PROCESSING: 0 RINEX files...
[08:28:03] [INFO]     [2024/233] PROCESSING: 0 RINEX files...
[08:28:03] [INFO]     [2024/232] PROCESSING: 0 RINEX files...
[08:28:03] [INFO]     [2024/235] PROCESSING: 0 RINEX files...
[08:28:03] [INFO]     [2024/234] PROCESSING: 0 RINEX files...
[08:28:04] [INFO]     [2024/236] PROCESSING: 0 RINEX files...
[08:28:04] [INFO]     [2024/237] PROCESSING: 0 RINEX files...
[08:28:04] [INFO]     [2024/238] PROCESSING: 0 RINEX files...
[08:28:05] [INFO]     [2024/239] PROCESSING: 0 RINEX files...
[08:28:05] [INFO]     [2024/240] PROCESSING: 0 RINEX files...
[08:28:05] [INFO]     [2024/241] PROCESSING: 0 RINEX files...
[08:28:06] [INFO]     [2024/242] PROCESSING: 0 RINEX files...
[08:28:06] [INFO]     [2024/243] PROCESSING: 0 RINEX files...
[08:28:07] [INFO]     [2024/244] PROCESSING: 0 RINEX files...
[08:28:07] [INFO]     [2024/245] PROCESSING: 0 RINEX files...
[08:28:07] [INFO]     [2024/246] PROCESSING: 0 RINEX files...
[08:28:07] [INFO]     [2024/247] PROCESSING: 0 RINEX files...
[08:28:08] [INFO]     [2024/249] PROCESSING: 0 RINEX files...
[08:28:08] [INFO]     [2024/248] PROCESSING: 0 RINEX files...
[08:28:09] [INFO]     [2024/251] PROCESSING: 0 RINEX files...
[08:28:09] [INFO]     [2024/250] PROCESSING: 0 RINEX files...
[08:28:09] [INFO]     [2024/252] PROCESSING: 0 RINEX files...
[08:28:10] [INFO]     [2024/253] PROCESSING: 0 RINEX files...
[08:28:10] [INFO]     [2024/254] PROCESSING: 0 RINEX files...
[08:28:10] [INFO]     [2024/255] PROCESSING: 0 RINEX files...
[08:28:11] [INFO]     [2024/256] PROCESSING: 0 RINEX files...
[08:28:11] [INFO]     [2024/257] PROCESSING: 0 RINEX files...
[08:28:12] [INFO]     [2024/258] PROCESSING: 0 RINEX files...
[08:28:12] [INFO]     [2024/259] PROCESSING: 0 RINEX files...
[08:28:12] [INFO]     [2024/260] PROCESSING: 0 RINEX files...
[08:28:12] [INFO]     [2024/261] PROCESSING: 0 RINEX files...
[08:28:13] [INFO]     [2024/262] PROCESSING: 0 RINEX files...
[08:28:13] [INFO]     [2024/263] PROCESSING: 0 RINEX files...
[08:28:14] [INFO]     [2024/264] PROCESSING: 0 RINEX files...
[08:28:14] [INFO]     [2024/265] PROCESSING: 0 RINEX files...
[08:28:14] [INFO]     [2024/266] PROCESSING: 0 RINEX files...
[08:28:14] [INFO]     [2024/267] PROCESSING: 0 RINEX files...
[08:28:15] [INFO]     [2024/268] PROCESSING: 0 RINEX files...
[08:28:15] [INFO]     [2024/269] PROCESSING: 0 RINEX files...
[08:28:16] [INFO]     [2024/271] PROCESSING: 0 RINEX files...
[08:28:16] [INFO]     [2024/270] PROCESSING: 0 RINEX files...
[08:28:16] [INFO]     [2024/273] PROCESSING: 0 RINEX files...
[08:28:17] [INFO]     [2024/272] PROCESSING: 0 RINEX files...
[08:28:17] [INFO]     [2024/274] PROCESSING: 0 RINEX files...
[08:28:17] [INFO]     [2024/275] PROCESSING: 0 RINEX files...
[08:28:18] [INFO]     [2024/276] PROCESSING: 0 RINEX files...
[08:28:18] [INFO]     [2024/277] PROCESSING: 0 RINEX files...
[08:28:19] [INFO]     [2024/278] PROCESSING: 0 RINEX files...
[08:28:19] [INFO]     [2024/279] PROCESSING: 0 RINEX files...
[08:28:19] [INFO]     [2024/280] PROCESSING: 0 RINEX files...
[08:28:19] [INFO]     [2024/281] PROCESSING: 0 RINEX files...
[08:28:20] [INFO]     [2024/282] PROCESSING: 0 RINEX files...
[08:28:20] [INFO]     [2024/283] PROCESSING: 0 RINEX files...
[08:28:21] [INFO]     [2024/284] PROCESSING: 0 RINEX files...
[08:28:21] [INFO]     [2024/285] PROCESSING: 0 RINEX files...
[08:28:21] [INFO]     [2024/286] PROCESSING: 0 RINEX files...
[08:28:22] [INFO]     [2024/287] PROCESSING: 0 RINEX files...
[08:28:22] [INFO]     [2024/288] PROCESSING: 0 RINEX files...
[08:28:22] [INFO]     [2024/289] PROCESSING: 0 RINEX files...
[08:28:23] [INFO]     [2024/291] PROCESSING: 0 RINEX files...
[08:28:23] [INFO]     [2024/290] PROCESSING: 0 RINEX files...
[08:28:23] [INFO]     [2024/293] PROCESSING: 0 RINEX files...
[08:28:24] [INFO]     [2024/292] PROCESSING: 0 RINEX files...
[08:28:24] [INFO]     [2024/294] PROCESSING: 0 RINEX files...
[08:28:24] [INFO]     [2024/295] PROCESSING: 0 RINEX files...
[08:28:25] [INFO]     [2024/296] PROCESSING: 0 RINEX files...
[08:28:25] [INFO]     [2024/297] PROCESSING: 0 RINEX files...
[08:28:26] [INFO]     [2024/298] PROCESSING: 0 RINEX files...
[08:28:26] [INFO]     [2024/299] PROCESSING: 0 RINEX files...
[08:28:26] [INFO]     [2024/300] PROCESSING: 0 RINEX files...
[08:28:26] [INFO]     [2024/301] PROCESSING: 0 RINEX files...
[08:28:27] [INFO]     [2024/302] PROCESSING: 0 RINEX files...
[08:28:27] [INFO]     [2024/303] PROCESSING: 0 RINEX files...
[08:28:28] [INFO]     [2024/304] PROCESSING: 0 RINEX files...
[08:28:28] [INFO]     [2024/305] PROCESSING: 0 RINEX files...
[08:28:28] [INFO]     [2024/306] PROCESSING: 0 RINEX files...
[08:28:29] [INFO]     [2024/307] PROCESSING: 0 RINEX files...
[08:28:29] [INFO]     [2024/308] PROCESSING: 0 RINEX files...
[08:28:29] [INFO]     [2024/309] PROCESSING: 0 RINEX files...
[08:28:30] [INFO]     [2024/310] PROCESSING: 0 RINEX files...
[08:28:30] [INFO]     [2024/311] PROCESSING: 0 RINEX files...
[08:28:31] [INFO]     [2024/312] PROCESSING: 0 RINEX files...
[08:28:31] [INFO]     [2024/313] PROCESSING: 0 RINEX files...
[08:28:31] [INFO]     [2024/315] PROCESSING: 0 RINEX files...
[08:28:31] [INFO]     [2024/314] PROCESSING: 0 RINEX files...
[08:28:32] [INFO]     [2024/316] PROCESSING: 0 RINEX files...
[08:28:32] [INFO]     [2024/317] PROCESSING: 0 RINEX files...
[08:28:33] [INFO]     [2024/318] PROCESSING: 0 RINEX files...
[08:28:33] [INFO]     [2024/319] PROCESSING: 0 RINEX files...
[08:28:33] [INFO]     [2024/320] PROCESSING: 0 RINEX files...
[08:28:34] [INFO]     [2024/321] PROCESSING: 0 RINEX files...
[08:28:34] [INFO]     [2024/323] PROCESSING: 0 RINEX files...
[08:28:34] [INFO]     [2024/322] PROCESSING: 0 RINEX files...
[08:28:35] [INFO]     [2024/324] PROCESSING: 0 RINEX files...
[08:28:35] [INFO]     [2024/325] PROCESSING: 0 RINEX files...
[08:28:36] [INFO]     [2024/326] PROCESSING: 0 RINEX files...
[08:28:36] [INFO]     [2024/327] PROCESSING: 0 RINEX files...
[08:28:36] [INFO]     [2024/328] PROCESSING: 0 RINEX files...
[08:28:36] [INFO]     [2024/329] PROCESSING: 0 RINEX files...
[08:28:37] [INFO]     [2024/330] PROCESSING: 0 RINEX files...
[08:28:37] [INFO]     [2024/331] PROCESSING: 0 RINEX files...
[08:28:38] [INFO]     [2024/332] PROCESSING: 0 RINEX files...
[08:28:38] [INFO]     [2024/333] PROCESSING: 0 RINEX files...
[08:28:38] [INFO]     [2024/334] PROCESSING: 0 RINEX files...
[08:28:38] [INFO]     [2024/335] PROCESSING: 0 RINEX files...
[08:28:39] [INFO]     [2024/336] PROCESSING: 0 RINEX files...
[08:28:39] [INFO]     [2024/337] PROCESSING: 0 RINEX files...
[08:28:40] [INFO]     [2024/338] PROCESSING: 0 RINEX files...
[08:28:40] [INFO]     [2024/339] PROCESSING: 0 RINEX files...
[08:28:40] [INFO]     [2024/340] PROCESSING: 0 RINEX files...
[08:28:41] [INFO]     [2024/341] PROCESSING: 0 RINEX files...
[08:28:41] [INFO]     [2024/342] PROCESSING: 0 RINEX files...
[08:28:41] [INFO]     [2024/343] PROCESSING: 0 RINEX files...
[08:28:42] [INFO]     [2024/344] PROCESSING: 0 RINEX files...
[08:28:42] [INFO]     [2024/345] PROCESSING: 0 RINEX files...
[08:28:42] [INFO]     [2024/346] PROCESSING: 0 RINEX files...
[08:28:43] [INFO]     [2024/347] PROCESSING: 0 RINEX files...
[08:28:43] [INFO]     [2024/348] PROCESSING: 0 RINEX files...
[08:28:43] [INFO]     [2024/349] PROCESSING: 0 RINEX files...
[08:28:44] [INFO]     [2024/350] PROCESSING: 0 RINEX files...
[08:28:44] [INFO]     [2024/351] PROCESSING: 0 RINEX files...
[08:28:45] [INFO]     [2024/352] PROCESSING: 0 RINEX files...
[08:28:45] [INFO]     [2024/353] PROCESSING: 0 RINEX files...
[08:28:45] [INFO]     [2024/354] PROCESSING: 0 RINEX files...
[08:28:46] [INFO]     [2024/355] PROCESSING: 0 RINEX files...
[08:28:46] [INFO]     [2024/356] PROCESSING: 0 RINEX files...
[08:28:46] [INFO]     [2024/357] PROCESSING: 0 RINEX files...
[08:28:47] [INFO]     [2024/358] PROCESSING: 0 RINEX files...
[08:28:47] [INFO]     [2024/359] PROCESSING: 0 RINEX files...
[08:28:47] [INFO]     [2024/360] PROCESSING: 0 RINEX files...
[08:28:48] [INFO]     [2024/361] PROCESSING: 0 RINEX files...
[08:28:48] [INFO]     [2024/362] PROCESSING: 0 RINEX files...
[08:28:48] [INFO]     [2024/363] PROCESSING: 0 RINEX files...
[08:28:49] [INFO]     [2024/364] PROCESSING: 0 RINEX files...
[08:28:49] [INFO]     [2024/365] PROCESSING: 0 RINEX files...
