[05:33:22] [INFO]   Day 884/1096 complete: +1516059 pairs (total: 1516059)
[05:34:00] [INFO]   Day 888/1096 complete: +1588623 pairs (total: 3104682)
[05:34:14] [INFO]   Day 892/1096 complete: +1613592 pairs (total: 4718274)
[05:34:25] [INFO]   Day 896/1096 complete: +1646862 pairs (total: 6365136)
[05:35:04] [INFO]   Day 900/1096 complete: +1721841 pairs (total: 8086977)
[05:35:50] [INFO]   Day 904/1096 complete: +1796574 pairs (total: 9883551)
[05:46:53] [INFO]   Day 908/1096 complete: +1657851 pairs (total: 11541402)
[05:46:59] [INFO]   Day 912/1096 complete: +1759734 pairs (total: 13301136)
[05:48:11] [INFO]   Day 916/1096 complete: +1785213 pairs (total: 15086349)
[05:48:26] [INFO]   Day 920/1096 complete: +1815990 pairs (total: 16902339)
[05:49:08] [INFO]   Day 924/1096 complete: +1805742 pairs (total: 18708081)
[05:50:17] [INFO]   Day 928/1096 complete: +1831563 pairs (total: 20539644)
[06:00:39] [INFO]   Day 932/1096 complete: +1742847 pairs (total: 22282491)
[06:00:59] [INFO]   Day 936/1096 complete: +1778886 pairs (total: 24061377)
[06:01:39] [INFO]   Day 940/1096 complete: +1685037 pairs (total: 25746414)
[06:02:00] [INFO]   Day 944/1096 complete: +1635039 pairs (total: 27381453)
[06:02:16] [INFO]   Day 948/1096 complete: +1780959 pairs (total: 29162412)
[06:03:52] [INFO]   Day 952/1096 complete: +1700937 pairs (total: 30863349)
[06:12:28] [INFO]   Day 956/1096 complete: +1470834 pairs (total: 32334183)
[06:12:51] [INFO]   Day 960/1096 complete: +1552590 pairs (total: 33886773)
[06:13:20] [INFO]   Day 964/1096 complete: +1496397 pairs (total: 35383170)
[06:14:33] [INFO]   Day 968/1096 complete: +1562094 pairs (total: 36945264)
[06:14:55] [INFO]   Day 972/1096 complete: +1642293 pairs (total: 38587557)
[06:16:02] [INFO]   Day 976/1096 complete: +1529784 pairs (total: 40117341)
[06:23:51] [INFO]   Day 980/1096 complete: +1445538 pairs (total: 41562879)
[06:24:10] [INFO]   Day 984/1096 complete: +1377549 pairs (total: 42940428)
[06:24:29] [INFO]   Day 988/1096 complete: +1471710 pairs (total: 44412138)
[06:26:13] [INFO]   Day 992/1096 complete: +1469577 pairs (total: 45881715)
[06:26:56] [INFO]   Day 996/1096 complete: +1524822 pairs (total: 47406537)
[06:28:18] [INFO]   Day 1000/1096 complete: +1532319 pairs (total: 48938856)
[06:34:21] [INFO]   Day 1004/1096 complete: +1249791 pairs (total: 50188647)
[06:34:53] [INFO]   Day 1008/1096 complete: +1364694 pairs (total: 51553341)
[06:34:57] [INFO]   Day 1012/1096 complete: +1407105 pairs (total: 52960446)
[06:35:02] [INFO]   Day 1016/1096 complete: +1110123 pairs (total: 54070569)
[06:37:15] [INFO]   Day 1020/1096 complete: +1306884 pairs (total: 55377453)
[06:40:14] [INFO]   Day 1024/1096 complete: +1488618 pairs (total: 56866071)
[06:43:30] [INFO]   Day 1028/1096 complete: +1063344 pairs (total: 57929415)
[06:44:03] [INFO]   Day 1032/1096 complete: +1145889 pairs (total: 59075304)
[06:44:43] [INFO]   Day 1036/1096 complete: +1301367 pairs (total: 60376671)
[06:44:55] [INFO]   Day 1040/1096 complete: +963978 pairs (total: 61340649)
[06:45:12] [INFO]   Day 1044/1096 complete: +1308408 pairs (total: 62649057)
[06:48:13] [INFO]   Day 1048/1096 complete: +994932 pairs (total: 63643989)
[06:52:36] [INFO]   Day 1052/1096 complete: +968898 pairs (total: 64612887)
[06:54:03] [INFO]   Day 1056/1096 complete: +1329495 pairs (total: 65942382)
[06:54:19] [INFO]   Day 1060/1096 complete: +1214301 pairs (total: 67156683)
[06:55:26] [INFO]   Day 1064/1096 complete: +1446546 pairs (total: 68603229)
[06:55:40] [INFO]   Day 1068/1096 complete: +1328970 pairs (total: 69932199)
[07:00:44] [INFO]   Day 1072/1096 complete: +1557204 pairs (total: 71489403)
[07:03:47] [INFO]   Day 1076/1096 complete: +1035510 pairs (total: 72524913)
[07:05:22] [INFO]   Day 1080/1096 complete: +1626234 pairs (total: 74151147)
[07:06:43] [INFO]   Day 1084/1096 complete: +1625607 pairs (total: 75776754)
[07:07:27] [INFO]   Day 1088/1096 complete: +1702164 pairs (total: 77478918)
[07:07:53] [INFO]   Day 1092/1096 complete: +1637304 pairs (total: 79116222)
[07:10:16] [INFO]   Day 1096/1096 complete: +1301151 pairs (total: 80417373)
[07:10:18] [SUCCESS]   Final checkpoint saved: 1096 days
[07:10:35] [INFO]     [BASELINE] clock_bias: 6,912,495 pairs written to CSV
[07:10:35] [INFO]     [BASELINE] pos_jitter: 6,912,495 pairs written to CSV
[07:10:35] [INFO]     [BASELINE] clock_drift: 6,912,495 pairs written to CSV
[07:10:35] [INFO]     [IONOFREE] ionofree_clock_bias: 6,660,926 pairs written to CSV
[07:10:35] [INFO]     [IONOFREE] ionofree_pos_jitter: 6,660,926 pairs written to CSV
[07:10:35] [INFO]     [IONOFREE] ionofree_clock_drift: 6,660,926 pairs written to CSV
[07:10:35] [INFO]     [MULTI_GNSS] mgex_clock_bias: 6,598,557 pairs written to CSV
[07:10:35] [INFO]     [MULTI_GNSS] mgex_pos_jitter: 6,598,557 pairs written to CSV
[07:10:35] [INFO]     [MULTI_GNSS] mgex_clock_drift: 6,598,557 pairs written to CSV
[07:10:35] [INFO]     [PRECISE] precise_clock_bias: 6,633,813 pairs written to CSV
[07:10:35] [INFO]     [PRECISE] precise_pos_jitter: 6,633,813 pairs written to CSV
[07:10:35] [INFO]     [PRECISE] precise_clock_drift: 6,633,813 pairs written to CSV
[07:10:35] [PROCESS] Loading data from CSV for fitting (STREAMING LOG BINNED)...
[07:10:35] [INFO]   Streaming step_2_0_pairs_baseline_dynamic_50.csv...
[07:11:04] [INFO]     Processed 10M rows...
[07:11:32] [INFO]     Processed 20M rows...
[07:12:01] [INFO]     Processed 30M rows...
[07:12:29] [INFO]     Processed 40M rows...
[07:12:58] [INFO]     Processed 50M rows...
[07:13:26] [INFO]     Processed 60M rows...
[07:13:55] [INFO]     Processed 70M rows...
[07:14:24] [INFO]     Processed 80M rows...
[07:14:52] [INFO]     Processed 90M rows...
[07:15:21] [INFO]     Processed 100M rows...
[07:15:49] [INFO]   Streaming step_2_0_pairs_ionofree_dynamic_50.csv...
[07:15:50] [INFO]     Processed 110M rows...
[07:16:19] [INFO]     Processed 120M rows...
[07:16:48] [INFO]     Processed 130M rows...
[07:17:17] [INFO]     Processed 140M rows...
[07:17:46] [INFO]     Processed 150M rows...
[07:18:15] [INFO]     Processed 160M rows...
[07:18:44] [INFO]     Processed 170M rows...
[07:19:14] [INFO]     Processed 180M rows...
[07:19:43] [INFO]     Processed 190M rows...
[07:20:12] [INFO]     Processed 200M rows...
[07:20:42] [INFO]     Processed 210M rows...
[07:21:00] [INFO]   Streaming step_2_0_pairs_multi_gnss_dynamic_50.csv...
[07:21:11] [INFO]     Processed 220M rows...
[07:21:40] [INFO]     Processed 230M rows...
[07:22:09] [INFO]     Processed 240M rows...
[07:22:38] [INFO]     Processed 250M rows...
[07:23:07] [INFO]     Processed 260M rows...
[07:23:36] [INFO]     Processed 270M rows...
[07:24:05] [INFO]     Processed 280M rows...
[07:24:34] [INFO]     Processed 290M rows...
[07:25:03] [INFO]     Processed 300M rows...
[07:25:32] [INFO]     Processed 310M rows...
[07:26:01] [INFO]     Processed 320M rows...
[07:26:02] [INFO]   Streaming step_2_0_pairs_precise_dynamic_50.csv...
[07:26:29] [INFO]     Processed 330M rows...
[07:26:58] [INFO]     Processed 340M rows...
[07:27:27] [INFO]     Processed 350M rows...
[07:27:55] [INFO]     Processed 360M rows...
[07:28:23] [INFO]     Processed 370M rows...
[07:28:52] [INFO]     Processed 380M rows...
[07:29:21] [INFO]     Processed 390M rows...
[07:29:49] [INFO]     Processed 400M rows...
[07:30:18] [INFO]     Processed 410M rows...
[07:30:46] [INFO]     Processed 420M rows...
[07:31:03] [SUCCESS]   Streamed 425,758,551 rows into 40 log-spaced bins (50-13000 km)
[07:31:03] [INFO] 
[07:31:03] [PROCESS] FITTING RESULTS - Exponential Decay Model
[07:31:03] [INFO]   Model: C(r) = A·exp(-r/λ) + C₀
[07:31:03] [INFO]   TEP Criterion: 500 < λ < 10,000 km AND R² > 0.5
[07:31:03] [INFO] 
[07:31:03] [SUCCESS]     [BASELINE] clock_bias (MSC): λ=766km, R²=0.990, N=36,654,612, TEP=YES
[07:31:03] [SUCCESS]     [BASELINE] clock_bias (Phase): λ=1789km, R²=0.906, N=36,654,612, TEP=YES
[07:31:03] [SUCCESS]     [BASELINE] pos_jitter (MSC): λ=898km, R²=0.976, N=36,654,612, TEP=YES
[07:31:03] [SUCCESS]     [BASELINE] pos_jitter (Phase): λ=2070km, R²=0.850, N=36,654,612, TEP=YES
[07:31:03] [SUCCESS]     [BASELINE] clock_drift (MSC): λ=747km, R²=0.989, N=36,654,612, TEP=YES
[07:31:03] [SUCCESS]     [BASELINE] clock_drift (Phase): λ=1032km, R²=0.945, N=36,654,612, TEP=YES
[07:31:03] [SUCCESS]     [IONOFREE] ionofree_clock_bias (MSC): λ=1084km, R²=0.988, N=35,500,722, TEP=YES
[07:31:03] [SUCCESS]     [IONOFREE] ionofree_clock_bias (Phase): λ=1849km, R²=0.730, N=35,500,722, TEP=YES
[07:31:03] [SUCCESS]     [IONOFREE] ionofree_pos_jitter (MSC): λ=1170km, R²=0.979, N=35,500,722, TEP=YES
[07:31:03] [SUCCESS]     [IONOFREE] ionofree_pos_jitter (Phase): λ=3341km, R²=0.973, N=35,500,722, TEP=YES
[07:31:03] [SUCCESS]     [IONOFREE] ionofree_clock_drift (MSC): λ=1088km, R²=0.985, N=35,500,722, TEP=YES
[07:31:03] [SUCCESS]     [IONOFREE] ionofree_clock_drift (Phase): λ=1129km, R²=0.934, N=35,500,722, TEP=YES
[07:31:03] [SUCCESS]     [MULTI_GNSS] mgex_clock_bias (MSC): λ=834km, R²=0.979, N=34,680,321, TEP=YES
[07:31:03] [SUCCESS]     [MULTI_GNSS] mgex_clock_bias (Phase): λ=1749km, R²=0.981, N=34,680,321, TEP=YES
[07:31:03] [SUCCESS]     [MULTI_GNSS] mgex_pos_jitter (MSC): λ=907km, R²=0.993, N=34,680,321, TEP=YES
[07:31:03] [SUCCESS]     [MULTI_GNSS] mgex_pos_jitter (Phase): λ=1810km, R²=0.868, N=34,680,321, TEP=YES
[07:31:03] [SUCCESS]     [MULTI_GNSS] mgex_clock_drift (MSC): λ=796km, R²=0.981, N=34,548,138, TEP=YES
[07:31:03] [SUCCESS]     [MULTI_GNSS] mgex_clock_drift (Phase): λ=994km, R²=0.959, N=34,548,138, TEP=YES
[07:31:03] [SUCCESS]     [PRECISE] precise_clock_bias (MSC): λ=1214km, R²=0.980, N=35,127,923, TEP=YES
[07:31:03] [SUCCESS]     [PRECISE] precise_clock_bias (Phase): λ=1766km, R²=0.666, N=35,127,923, TEP=YES
[07:31:03] [SUCCESS]     [PRECISE] precise_pos_jitter (MSC): λ=1336km, R²=0.972, N=35,127,923, TEP=YES
[07:31:03] [SUCCESS]     [PRECISE] precise_pos_jitter (Phase): λ=3447km, R²=0.979, N=35,127,923, TEP=YES
[07:31:03] [SUCCESS]     [PRECISE] precise_clock_drift (MSC): λ=1219km, R²=0.974, N=35,127,923, TEP=YES
[07:31:03] [SUCCESS]     [PRECISE] precise_clock_drift (Phase): λ=1190km, R²=0.893, N=35,127,923, TEP=YES
[07:31:03] [SUCCESS] Results saved: /Users/matthewsmawfield/www/TEP-GNSS-RINEX/results/outputs/step_2_0_raw_spp_analysis_dynamic_50.json
[07:31:03] [INFO] 
[07:31:03] [INFO] ================================================================================
[07:31:03] [INFO] 
[07:31:03] [INFO] ================================================================================
[07:31:03] [INFO] ANALYSIS SUMMARY: DYNAMIC 50
[07:31:03] [INFO] ================================================================================
[07:31:03] [INFO] 
[07:31:03] [INFO] ================================================================================
[07:31:03] [INFO] 
[07:31:03] [INFO]   Dataset: DYNAMIC 50
[07:31:03] [INFO]   Stations: 539
[07:31:03] [INFO]   Total Pairs: 425,758,551
[07:31:03] [INFO]   Binning: 40 log-spaced bins (50-13000 km)
[07:31:03] [INFO] 
[07:31:03] [INFO]   MSC Metrics:   λ = 1005 ± 195 km (n=12)
[07:31:03] [INFO]   Phase Metrics: λ = 1847 ± 775 km (n=12)
[07:31:03] [INFO] 
[07:31:03] [INFO]   Mode         Metric                               λ (km)       R²    TEP
[07:31:03] [INFO]   ------------ -------------------------------- ---------- -------- ------
[07:31:03] [SUCCESS]   baseline     clock_bias                              766    0.990    YES
[07:31:03] [SUCCESS]   baseline     clock_bias_phase_alignment             1789    0.906    YES
[07:31:03] [SUCCESS]   baseline     pos_jitter                              898    0.976    YES
[07:31:03] [SUCCESS]   baseline     pos_jitter_phase_alignment             2070    0.850    YES
[07:31:03] [SUCCESS]   baseline     clock_drift                             747    0.989    YES
[07:31:03] [SUCCESS]   baseline     clock_drift_phase_alignment            1032    0.945    YES
[07:31:03] [SUCCESS]   ionofree     ionofree_clock_bias                    1084    0.988    YES
[07:31:03] [SUCCESS]   ionofree     ionofree_clock_bias_phase_alignment       1849    0.730    YES
[07:31:03] [SUCCESS]   ionofree     ionofree_pos_jitter                    1170    0.979    YES
[07:31:03] [SUCCESS]   ionofree     ionofree_pos_jitter_phase_alignment       3341    0.973    YES
[07:31:03] [SUCCESS]   ionofree     ionofree_clock_drift                   1088    0.985    YES
[07:31:03] [SUCCESS]   ionofree     ionofree_clock_drift_phase_alignment       1129    0.934    YES
[07:31:03] [SUCCESS]   multi_gnss   mgex_clock_bias                         834    0.979    YES
[07:31:03] [SUCCESS]   multi_gnss   mgex_clock_bias_phase_alignment        1749    0.981    YES
[07:31:03] [SUCCESS]   multi_gnss   mgex_pos_jitter                         907    0.993    YES
[07:31:03] [SUCCESS]   multi_gnss   mgex_pos_jitter_phase_alignment        1810    0.868    YES
[07:31:03] [SUCCESS]   multi_gnss   mgex_clock_drift                        796    0.981    YES
[07:31:03] [SUCCESS]   multi_gnss   mgex_clock_drift_phase_alignment        994    0.959    YES
[07:31:03] [SUCCESS]   precise      precise_clock_bias                     1214    0.980    YES
[07:31:03] [SUCCESS]   precise      precise_clock_bias_phase_alignment       1766    0.666    YES
[07:31:03] [SUCCESS]   precise      precise_pos_jitter                     1336    0.972    YES
[07:31:03] [SUCCESS]   precise      precise_pos_jitter_phase_alignment       3447    0.979    YES
[07:31:03] [SUCCESS]   precise      precise_clock_drift                    1219    0.974    YES
[07:31:03] [SUCCESS]   precise      precise_clock_drift_phase_alignment       1190    0.893    YES
[07:31:03] [INFO] 
[07:31:03] [INFO] ================================================================================
[07:31:03] [SUCCESS]   ✓ TEP CONFIRMED: 24/24 metrics show TEP signature (100%)
[07:31:03] [INFO] ================================================================================
[07:31:04] [SUCCESS] MULTI-FILTER PIPELINE COMPLETE
