[22:05:54] [INFO] 
[22:05:54] [INFO] ================================================================================
[22:05:54] [INFO] 
[22:05:54] [INFO] ================================================================================
[22:05:54] [INFO] STEP 2.5: ORBITAL COUPLING - COMPREHENSIVE ANALYSIS
[22:05:54] [INFO] ================================================================================
[22:05:54] [INFO] 
[22:05:54] [INFO] ================================================================================
[22:05:54] [INFO] Analyzing: station filters × modes × metrics × coherence types
[22:05:54] [INFO] ================================================================================
[22:05:54] [INFO] 
============================================================
[22:05:54] [INFO] 
[22:05:54] [INFO] ================================================================================
[22:05:54] [INFO] Filter: DYNAMIC_50_NORTH | Mode: multi_gnss
[22:05:54] [INFO] ================================================================================
[22:05:54] [INFO] 
[22:05:54] [INFO] ============================================================
[22:05:54] [INFO] Stations in filter: 290
[22:05:54] [INFO] Hemisphere balance: 290:0
[22:05:54] [PROCESS] 
Processing metric: clock_bias...
[22:06:50] [INFO]   Total pairs processed: 22,121,289
[22:06:51] [SUCCESS]   msc: r=-0.641, p=2.49e-05, σ=4.2 (36 months)
[22:06:51] [SUCCESS]   SEASONAL SIGNAL: Equinox/Solstice Ratio = 1.38
[22:06:52] [SUCCESS]   phase_alignment: r=-0.501, p=1.88e-03, σ=3.1 (36 months)
[22:06:52] [PROCESS] 
Processing metric: pos_jitter...
[22:07:47] [INFO]   Total pairs processed: 22,121,289
[22:07:47] [SUCCESS]   msc: r=-0.754, p=1.10e-07, σ=5.3 (36 months)
[22:07:47] [SUCCESS]   SEASONAL SIGNAL: Equinox/Solstice Ratio = 1.24
[22:07:48] [SUCCESS]   phase_alignment: r=-0.450, p=5.93e-03, σ=2.8 (36 months)
[22:07:48] [PROCESS] 
Processing metric: clock_drift...
[22:08:44] [INFO]   Total pairs processed: 22,035,569
[22:08:44] [SUCCESS]   msc: r=-0.518, p=1.22e-03, σ=3.2 (36 months)
[22:08:44] [SUCCESS]   SEASONAL SIGNAL: Equinox/Solstice Ratio = 1.31
[22:08:45] [SUCCESS]   phase_alignment: r=-0.058, p=7.38e-01, σ=0.3 (36 months)
[22:08:45] [SUCCESS] Saved: step_2_5_orbital_coupling_dynamic_50_north_multi_gnss.json
[22:08:45] [INFO] 
============================================================
[22:08:45] [INFO] 
[22:08:45] [INFO] ================================================================================
[22:08:45] [INFO] Filter: DYNAMIC_50_SOUTH | Mode: multi_gnss
[22:08:45] [INFO] ================================================================================
[22:08:45] [INFO] 
[22:08:45] [INFO] ============================================================
[22:08:45] [INFO] Stations in filter: 110
[22:08:45] [INFO] Hemisphere balance: 0:110
[22:08:45] [PROCESS] 
Processing metric: clock_bias...
[22:09:31] [INFO]   Total pairs processed: 2,781,481
[22:09:31] [SUCCESS]   msc: r=-0.076, p=6.59e-01, σ=0.4 (36 months)
[22:09:32] [SUCCESS]   phase_alignment: r=-0.004, p=9.80e-01, σ=0.0 (36 months)
[22:09:32] [SUCCESS]   SEASONAL SIGNAL: Equinox/Solstice Ratio = 1.26
[22:09:32] [PROCESS] 
Processing metric: pos_jitter...
[22:10:19] [INFO]   Total pairs processed: 2,781,481
[22:10:20] [SUCCESS]   msc: r=-0.301, p=7.47e-02, σ=1.8 (36 months)
[22:10:20] [SUCCESS]   SEASONAL SIGNAL: Equinox/Solstice Ratio = 1.34
[22:10:20] [SUCCESS]   phase_alignment: r=-0.678, p=5.51e-06, σ=4.5 (36 months)
[22:10:20] [PROCESS] 
Processing metric: clock_drift...
[22:11:07] [INFO]   Total pairs processed: 2,771,923
[22:11:08] [SUCCESS]   msc: r=-0.200, p=2.42e-01, σ=1.2 (36 months)
[22:11:08] [SUCCESS]   phase_alignment: r=-0.031, p=8.59e-01, σ=0.2 (36 months)
[22:11:08] [SUCCESS] Saved: step_2_5_orbital_coupling_dynamic_50_south_multi_gnss.json
[22:11:08] [INFO] 
============================================================
[22:11:08] [INFO] 
[22:11:08] [INFO] ================================================================================
[22:11:08] [INFO] Filter: DYNAMIC_50_BALANCED | Mode: multi_gnss
[22:11:08] [INFO] ================================================================================
[22:11:08] [INFO] 
[22:11:08] [INFO] ============================================================
[22:11:08] [INFO] Stations in filter: 220
[22:11:08] [INFO] Hemisphere balance: 110:110
[22:11:08] [PROCESS] 
Processing metric: clock_bias...
[22:11:58] [INFO]   Total pairs processed: 9,816,270
[22:11:59] [SUCCESS]   msc: r=0.079, p=6.47e-01, σ=0.5 (36 months)
[22:11:59] [SUCCESS]   SEASONAL SIGNAL: Equinox/Solstice Ratio = 1.52
[22:12:00] [SUCCESS]   phase_alignment: r=-0.100, p=5.61e-01, σ=0.6 (36 months)
[22:12:00] [PROCESS] 
Processing metric: pos_jitter...
[22:12:50] [INFO]   Total pairs processed: 9,816,270
[22:12:51] [SUCCESS]   msc: r=-0.300, p=7.54e-02, σ=1.8 (36 months)
[22:12:51] [SUCCESS]   SEASONAL SIGNAL: Equinox/Solstice Ratio = 1.86
[22:12:51] [SUCCESS]   phase_alignment: r=-0.864, p=1.11e-11, σ=6.8 (36 months)
[22:12:51] [PROCESS] 
Processing metric: clock_drift...
[22:13:40] [INFO]   Total pairs processed: 9,779,923
[22:13:40] [SUCCESS]   msc: r=0.041, p=8.13e-01, σ=0.2 (36 months)
[22:13:40] [SUCCESS]   SEASONAL SIGNAL: Equinox/Solstice Ratio = 1.59
[22:13:41] [SUCCESS]   phase_alignment: r=0.027, p=8.74e-01, σ=0.2 (36 months)
[22:13:41] [SUCCESS] Saved: step_2_5_orbital_coupling_dynamic_50_balanced_multi_gnss.json
[22:13:41] [INFO] 
================================================================================
[22:13:41] [INFO] 
[22:13:41] [INFO] ================================================================================
[22:13:41] [INFO] SUMMARY: Best correlation per filter/mode
[22:13:41] [INFO] ================================================================================
[22:13:41] [INFO] 
[22:13:41] [INFO] ================================================================================
[22:13:41] [INFO] Filter               Mode         Metric              r      σ SeasContrast
[22:13:41] [INFO] --------------------------------------------------------------------------------
[22:13:41] [INFO] dynamic_50_north     multi_gnss   pos_jitter     -0.754    5.3        1.24x
[22:13:41] [INFO] dynamic_50_south     multi_gnss   pos_jitter     -0.678    4.5        0.85x
[22:13:41] [INFO] dynamic_50_balanced  multi_gnss   pos_jitter     -0.864    6.8        0.93x
[22:13:41] [INFO] --------------------------------------------------------------------------------
[22:13:41] [INFO] CODE Reference: r=-0.888, σ=5.1, 300 months
[22:13:41] [INFO] 
[22:13:41] [SUCCESS] BEST: dynamic_50_balanced/multi_gnss r=-0.864 σ=6.8
[22:13:41] [SUCCESS] 
Saved summary: step_2_5_orbital_coupling_summary_dynamic_50_metadata_multi_gnss_hemi_all.json
[22:13:41] [INFO] ================================================================================
[22:13:41] [SUCCESS] STEP 2.5 COMPLETE
[22:13:41] [INFO] ================================================================================
