[00:15:11] [INFO] 
[00:15:11] [INFO] ================================================================================
[00:15:11] [INFO] 
[00:15:11] [INFO] ================================================================================
[00:15:11] [INFO] STARTING CMB FRAME ANALYSIS - ALL 18 COMBINATIONS
[00:15:11] [INFO] ================================================================================
[00:15:11] [INFO] 
[00:15:11] [INFO] ================================================================================
[00:15:11] [INFO] Found 72 step_2_5 result files
[00:15:11] [PROCESS] 
[1/72] Analyzing all_stations/baseline/clock_bias/msc...
[00:15:11] [PROCESS] Grid searching background directions (1° resolution, 20 km/s fixed - matches CODE)...
[00:15:35] [PROCESS]   Computing bootstrap confidence intervals...
[00:17:10] [PROCESS]   Estimating global p-value (MC, N=1000, step=5°)...
[00:17:10] [INFO]   Best: RA=168°, Dec=35°, r=0.514, CMB sep=41.9°
[00:17:10] [PROCESS] 
[2/72] Analyzing all_stations/baseline/clock_bias/phase_alignment...
[00:17:10] [PROCESS] Grid searching background directions (1° resolution, 20 km/s fixed - matches CODE)...
[00:17:35] [PROCESS]   Computing bootstrap confidence intervals...
[00:19:13] [PROCESS]   Estimating global p-value (MC, N=1000, step=5°)...
[00:19:13] [INFO]   Best: RA=172°, Dec=28°, r=0.519, CMB sep=35.2°
[00:19:13] [PROCESS] 
[3/72] Analyzing all_stations/baseline/pos_jitter/msc...
[00:19:13] [PROCESS] Grid searching background directions (1° resolution, 20 km/s fixed - matches CODE)...
[00:19:39] [PROCESS]   Computing bootstrap confidence intervals...
[00:21:12] [PROCESS]   Estimating global p-value (MC, N=1000, step=5°)...
[00:21:12] [INFO]   Best: RA=173°, Dec=31°, r=0.572, CMB sep=38.2°
[00:21:12] [PROCESS] 
[4/72] Analyzing all_stations/baseline/pos_jitter/phase_alignment...
[00:21:12] [PROCESS] Grid searching background directions (1° resolution, 20 km/s fixed - matches CODE)...
[00:21:36] [PROCESS]   Computing bootstrap confidence intervals...
[00:23:07] [PROCESS]   Estimating global p-value (MC, N=1000, step=5°)...
[00:23:07] [INFO]   Best: RA=150°, Dec=46°, r=0.468, CMB sep=55.3°
[00:23:07] [PROCESS] 
[5/72] Analyzing all_stations/baseline/clock_drift/msc...
[00:23:07] [PROCESS] Grid searching background directions (1° resolution, 20 km/s fixed - matches CODE)...
[00:23:30] [PROCESS]   Computing bootstrap confidence intervals...
[00:25:00] [PROCESS]   Estimating global p-value (MC, N=1000, step=5°)...
[00:25:00] [INFO]   Best: RA=170°, Dec=34°, r=0.491, CMB sep=41.0°
[00:25:00] [PROCESS] 
[6/72] Analyzing all_stations/baseline/clock_drift/phase_alignment...
[00:25:00] [PROCESS] Grid searching background directions (1° resolution, 20 km/s fixed - matches CODE)...
[00:25:23] [PROCESS]   Computing bootstrap confidence intervals...
[00:26:53] [PROCESS]   Estimating global p-value (MC, N=1000, step=5°)...
[00:26:53] [INFO]   Best: RA=183°, Dec=30°, r=0.298, CMB sep=39.7°
[00:26:53] [PROCESS] 
[7/72] Analyzing all_stations/precise/clock_bias/msc...
[00:26:53] [PROCESS] Grid searching background directions (1° resolution, 20 km/s fixed - matches CODE)...
[00:27:16] [PROCESS]   Computing bootstrap confidence intervals...
[00:28:44] [PROCESS]   Estimating global p-value (MC, N=1000, step=5°)...
[00:28:44] [INFO]   Best: RA=200°, Dec=-5°, r=0.325, CMB sep=31.9°
[00:28:44] [PROCESS] 
[8/72] Analyzing all_stations/precise/clock_bias/phase_alignment...
[00:28:44] [PROCESS] Grid searching background directions (1° resolution, 20 km/s fixed - matches CODE)...
[00:29:07] [PROCESS]   Computing bootstrap confidence intervals...
[00:30:35] [PROCESS]   Estimating global p-value (MC, N=1000, step=5°)...
[00:30:35] [INFO]   Best: RA=311°, Dec=-13°, r=0.188, CMB sep=138.2°
[00:30:35] [PROCESS] 
[9/72] Analyzing all_stations/precise/pos_jitter/msc...
[00:30:35] [PROCESS] Grid searching background directions (1° resolution, 20 km/s fixed - matches CODE)...
[00:30:58] [PROCESS]   Computing bootstrap confidence intervals...
[00:32:25] [PROCESS]   Estimating global p-value (MC, N=1000, step=5°)...
[00:32:25] [INFO]   Best: RA=170°, Dec=38°, r=0.502, CMB sep=45.0°
[00:32:25] [PROCESS] 
[10/72] Analyzing all_stations/precise/pos_jitter/phase_alignment...
[00:32:25] [PROCESS] Grid searching background directions (1° resolution, 20 km/s fixed - matches CODE)...
[00:32:48] [PROCESS]   Computing bootstrap confidence intervals...
[00:34:15] [PROCESS]   Estimating global p-value (MC, N=1000, step=5°)...
[00:34:15] [INFO]   Best: RA=173°, Dec=36°, r=0.400, CMB sep=43.2°
[00:34:15] [PROCESS] 
[11/72] Analyzing all_stations/precise/clock_drift/msc...
[00:34:15] [PROCESS] Grid searching background directions (1° resolution, 20 km/s fixed - matches CODE)...
[00:34:37] [PROCESS]   Computing bootstrap confidence intervals...
[00:36:01] [PROCESS]   Estimating global p-value (MC, N=1000, step=5°)...
[00:36:01] [INFO]   Best: RA=134°, Dec=14°, r=0.325, CMB sep=39.7°
[00:36:01] [PROCESS] 
[12/72] Analyzing all_stations/precise/clock_drift/phase_alignment...
[00:36:01] [PROCESS] Grid searching background directions (1° resolution, 20 km/s fixed - matches CODE)...
[00:36:23] [PROCESS]   Computing bootstrap confidence intervals...
[00:37:48] [PROCESS]   Estimating global p-value (MC, N=1000, step=5°)...
[00:37:48] [INFO]   Best: RA=357°, Dec=26°, r=0.462, CMB sep=159.1°
[00:37:48] [PROCESS] 
[13/72] Analyzing all_stations/ionofree/clock_bias/msc...
[00:37:48] [PROCESS] Grid searching background directions (1° resolution, 20 km/s fixed - matches CODE)...
[00:38:11] [PROCESS]   Computing bootstrap confidence intervals...
[00:39:36] [PROCESS]   Estimating global p-value (MC, N=1000, step=5°)...
[00:39:36] [INFO]   Best: RA=212°, Dec=-46°, r=0.278, CMB sep=54.4°
[00:39:36] [PROCESS] 
[14/72] Analyzing all_stations/ionofree/clock_bias/phase_alignment...
[00:39:36] [PROCESS] Grid searching background directions (1° resolution, 20 km/s fixed - matches CODE)...
[00:39:57] [PROCESS]   Computing bootstrap confidence intervals...
[00:41:22] [PROCESS]   Estimating global p-value (MC, N=1000, step=5°)...
[00:41:22] [INFO]   Best: RA=313°, Dec=-8°, r=0.138, CMB sep=142.1°
[00:41:22] [PROCESS] 
[15/72] Analyzing all_stations/ionofree/pos_jitter/msc...
[00:41:22] [PROCESS] Grid searching background directions (1° resolution, 20 km/s fixed - matches CODE)...
[00:41:43] [PROCESS]   Computing bootstrap confidence intervals...
[00:43:09] [PROCESS]   Estimating global p-value (MC, N=1000, step=5°)...
[00:43:09] [INFO]   Best: RA=217°, Dec=-47°, r=0.471, CMB sep=57.9°
[00:43:09] [PROCESS] 
[16/72] Analyzing all_stations/ionofree/pos_jitter/phase_alignment...
[00:43:09] [PROCESS] Grid searching background directions (1° resolution, 20 km/s fixed - matches CODE)...
[00:43:30] [PROCESS]   Computing bootstrap confidence intervals...
[00:44:54] [PROCESS]   Estimating global p-value (MC, N=1000, step=5°)...
[00:44:54] [INFO]   Best: RA=12°, Dec=34°, r=0.207, CMB sep=145.0°
[00:44:54] [PROCESS] 
[17/72] Analyzing all_stations/ionofree/clock_drift/msc...
[00:44:54] [PROCESS] Grid searching background directions (1° resolution, 20 km/s fixed - matches CODE)...
[00:45:17] [PROCESS]   Computing bootstrap confidence intervals...
[00:46:42] [PROCESS]   Estimating global p-value (MC, N=1000, step=5°)...
[00:46:42] [INFO]   Best: RA=177°, Dec=28°, r=0.241, CMB sep=36.0°
[00:46:42] [PROCESS] 
[18/72] Analyzing all_stations/ionofree/clock_drift/phase_alignment...
[00:46:42] [PROCESS] Grid searching background directions (1° resolution, 20 km/s fixed - matches CODE)...
[00:47:04] [PROCESS]   Computing bootstrap confidence intervals...
[00:48:28] [PROCESS]   Estimating global p-value (MC, N=1000, step=5°)...
[00:48:28] [INFO]   Best: RA=95°, Dec=32°, r=0.416, CMB sep=79.5°
[00:48:28] [PROCESS] 
[19/72] Analyzing all_stations/multi_gnss/clock_bias/msc...
[00:48:28] [PROCESS] Grid searching background directions (1° resolution, 20 km/s fixed - matches CODE)...
[00:48:49] [PROCESS]   Computing bootstrap confidence intervals...
[00:50:10] [PROCESS]   Estimating global p-value (MC, N=1000, step=5°)...
[00:50:10] [INFO]   Best: RA=171°, Dec=33°, r=0.433, CMB sep=40.0°
[00:50:10] [PROCESS] 
[20/72] Analyzing all_stations/multi_gnss/clock_bias/phase_alignment...
[00:50:10] [PROCESS] Grid searching background directions (1° resolution, 20 km/s fixed - matches CODE)...
[00:50:31] [PROCESS]   Computing bootstrap confidence intervals...
[00:51:53] [PROCESS]   Estimating global p-value (MC, N=1000, step=5°)...
[00:51:53] [INFO]   Best: RA=168°, Dec=30°, r=0.401, CMB sep=36.9°
[00:51:53] [PROCESS] 
[21/72] Analyzing all_stations/multi_gnss/pos_jitter/msc...
[00:51:53] [PROCESS] Grid searching background directions (1° resolution, 20 km/s fixed - matches CODE)...
[00:52:15] [PROCESS]   Computing bootstrap confidence intervals...
[00:53:41] [PROCESS]   Estimating global p-value (MC, N=1000, step=5°)...
[00:53:41] [INFO]   Best: RA=173°, Dec=31°, r=0.527, CMB sep=38.2°
[00:53:41] [PROCESS] 
[22/72] Analyzing all_stations/multi_gnss/pos_jitter/phase_alignment...
[00:53:41] [PROCESS] Grid searching background directions (1° resolution, 20 km/s fixed - matches CODE)...
[00:54:03] [PROCESS]   Computing bootstrap confidence intervals...
[00:55:37] [PROCESS]   Estimating global p-value (MC, N=1000, step=5°)...
[00:55:37] [INFO]   Best: RA=188°, Dec=-5°, r=0.501, CMB sep=20.0°
[00:55:37] [PROCESS] 
[23/72] Analyzing all_stations/multi_gnss/clock_drift/msc...
[00:55:37] [PROCESS] Grid searching background directions (1° resolution, 20 km/s fixed - matches CODE)...
[00:56:00] [PROCESS]   Computing bootstrap confidence intervals...
[00:57:29] [PROCESS]   Estimating global p-value (MC, N=1000, step=5°)...
[00:57:29] [INFO]   Best: RA=171°, Dec=32°, r=0.446, CMB sep=39.0°
[00:57:29] [PROCESS] 
[24/72] Analyzing all_stations/multi_gnss/clock_drift/phase_alignment...
[00:57:29] [PROCESS] Grid searching background directions (1° resolution, 20 km/s fixed - matches CODE)...
[00:57:52] [PROCESS]   Computing bootstrap confidence intervals...
[00:59:21] [PROCESS]   Estimating global p-value (MC, N=1000, step=5°)...
[00:59:21] [INFO]   Best: RA=184°, Dec=27°, r=0.248, CMB sep=37.3°
[00:59:21] [PROCESS] 
[25/72] Analyzing optimal_100/baseline/clock_bias/msc...
[00:59:21] [PROCESS] Grid searching background directions (1° resolution, 20 km/s fixed - matches CODE)...
[00:59:44] [PROCESS]   Computing bootstrap confidence intervals...
[01:01:12] [PROCESS]   Estimating global p-value (MC, N=1000, step=5°)...
[01:01:12] [INFO]   Best: RA=173°, Dec=33°, r=0.372, CMB sep=40.2°
[01:01:12] [PROCESS] 
[26/72] Analyzing optimal_100/baseline/clock_bias/phase_alignment...
[01:01:12] [PROCESS] Grid searching background directions (1° resolution, 20 km/s fixed - matches CODE)...
[01:01:35] [PROCESS]   Computing bootstrap confidence intervals...
[01:03:02] [PROCESS]   Estimating global p-value (MC, N=1000, step=5°)...
[01:03:02] [INFO]   Best: RA=165°, Dec=36°, r=0.344, CMB sep=43.0°
[01:03:02] [PROCESS] 
[27/72] Analyzing optimal_100/baseline/pos_jitter/msc...
[01:03:02] [PROCESS] Grid searching background directions (1° resolution, 20 km/s fixed - matches CODE)...
[01:03:25] [PROCESS]   Computing bootstrap confidence intervals...
[01:04:50] [PROCESS]   Estimating global p-value (MC, N=1000, step=5°)...
[01:04:50] [INFO]   Best: RA=170°, Dec=37°, r=0.455, CMB sep=44.0°
[01:04:50] [PROCESS] 
[28/72] Analyzing optimal_100/baseline/pos_jitter/phase_alignment...
[01:04:50] [PROCESS] Grid searching background directions (1° resolution, 20 km/s fixed - matches CODE)...
[01:05:12] [PROCESS]   Computing bootstrap confidence intervals...
[01:06:40] [PROCESS]   Estimating global p-value (MC, N=1000, step=5°)...
[01:06:40] [INFO]   Best: RA=163°, Dec=35°, r=0.478, CMB sep=42.2°
[01:06:40] [PROCESS] 
[29/72] Analyzing optimal_100/baseline/clock_drift/msc...
[01:06:40] [PROCESS] Grid searching background directions (1° resolution, 20 km/s fixed - matches CODE)...
[01:07:03] [PROCESS]   Computing bootstrap confidence intervals...
[01:08:30] [PROCESS]   Estimating global p-value (MC, N=1000, step=5°)...
[01:08:30] [INFO]   Best: RA=172°, Dec=34°, r=0.363, CMB sep=41.1°
[01:08:30] [PROCESS] 
[30/72] Analyzing optimal_100/baseline/clock_drift/phase_alignment...
[01:08:30] [PROCESS] Grid searching background directions (1° resolution, 20 km/s fixed - matches CODE)...
[01:08:53] [PROCESS]   Computing bootstrap confidence intervals...
[01:10:22] [PROCESS]   Estimating global p-value (MC, N=1000, step=5°)...
[01:10:22] [INFO]   Best: RA=100°, Dec=43°, r=0.444, CMB sep=79.0°
[01:10:22] [PROCESS] 
[31/72] Analyzing optimal_100/precise/clock_bias/msc...
[01:10:22] [PROCESS] Grid searching background directions (1° resolution, 20 km/s fixed - matches CODE)...
[01:10:43] [PROCESS]   Computing bootstrap confidence intervals...
[01:12:11] [PROCESS]   Estimating global p-value (MC, N=1000, step=5°)...
[01:12:11] [INFO]   Best: RA=159°, Dec=11°, r=0.393, CMB sep=20.0°
[01:12:11] [PROCESS] 
[32/72] Analyzing optimal_100/precise/clock_bias/phase_alignment...
[01:12:11] [PROCESS] Grid searching background directions (1° resolution, 20 km/s fixed - matches CODE)...
[01:12:34] [PROCESS]   Computing bootstrap confidence intervals...
[01:13:59] [PROCESS]   Estimating global p-value (MC, N=1000, step=5°)...
[01:13:59] [INFO]   Best: RA=359°, Dec=7°, r=0.349, CMB sep=169.0°
[01:13:59] [PROCESS] 
[33/72] Analyzing optimal_100/precise/pos_jitter/msc...
[01:13:59] [PROCESS] Grid searching background directions (1° resolution, 20 km/s fixed - matches CODE)...
[01:14:20] [PROCESS]   Computing bootstrap confidence intervals...
[01:15:41] [PROCESS]   Estimating global p-value (MC, N=1000, step=5°)...
[01:15:41] [INFO]   Best: RA=155°, Dec=13°, r=0.299, CMB sep=23.7°
[01:15:41] [PROCESS] 
[34/72] Analyzing optimal_100/precise/pos_jitter/phase_alignment...
[01:15:41] [PROCESS] Grid searching background directions (1° resolution, 20 km/s fixed - matches CODE)...
[01:16:02] [PROCESS]   Computing bootstrap confidence intervals...
[01:17:19] [PROCESS]   Estimating global p-value (MC, N=1000, step=5°)...
[01:17:19] [INFO]   Best: RA=150°, Dec=44°, r=0.382, CMB sep=53.5°
[01:17:19] [PROCESS] 
[35/72] Analyzing optimal_100/precise/clock_drift/msc...
[01:17:19] [PROCESS] Grid searching background directions (1° resolution, 20 km/s fixed - matches CODE)...
[01:17:41] [PROCESS]   Computing bootstrap confidence intervals...
[01:19:04] [PROCESS]   Estimating global p-value (MC, N=1000, step=5°)...
[01:19:04] [INFO]   Best: RA=155°, Dec=12°, r=0.394, CMB sep=22.9°
[01:19:04] [PROCESS] 
[36/72] Analyzing optimal_100/precise/clock_drift/phase_alignment...
[01:19:04] [PROCESS] Grid searching background directions (1° resolution, 20 km/s fixed - matches CODE)...
[01:19:26] [PROCESS]   Computing bootstrap confidence intervals...
[01:20:50] [PROCESS]   Estimating global p-value (MC, N=1000, step=5°)...
[01:20:50] [INFO]   Best: RA=345°, Dec=35°, r=0.519, CMB sep=151.8°
[01:20:50] [PROCESS] 
[37/72] Analyzing optimal_100/ionofree/clock_bias/msc...
[01:20:50] [PROCESS] Grid searching background directions (1° resolution, 20 km/s fixed - matches CODE)...
[01:21:12] [PROCESS]   Computing bootstrap confidence intervals...
[01:22:42] [PROCESS]   Estimating global p-value (MC, N=1000, step=5°)...
[01:22:42] [INFO]   Best: RA=199°, Dec=-1°, r=0.431, CMB sep=31.5°
[01:22:42] [PROCESS] 
[38/72] Analyzing optimal_100/ionofree/clock_bias/phase_alignment...
[01:22:42] [PROCESS] Grid searching background directions (1° resolution, 20 km/s fixed - matches CODE)...
[01:23:05] [PROCESS]   Computing bootstrap confidence intervals...
[01:24:31] [PROCESS]   Estimating global p-value (MC, N=1000, step=5°)...
[01:24:31] [INFO]   Best: RA=61°, Dec=16°, r=0.308, CMB sep=108.1°
[01:24:31] [PROCESS] 
[39/72] Analyzing optimal_100/ionofree/pos_jitter/msc...
[01:24:31] [PROCESS] Grid searching background directions (1° resolution, 20 km/s fixed - matches CODE)...
[01:24:53] [PROCESS]   Computing bootstrap confidence intervals...
[01:26:21] [PROCESS]   Estimating global p-value (MC, N=1000, step=5°)...
[01:26:21] [INFO]   Best: RA=111°, Dec=21°, r=0.319, CMB sep=62.5°
[01:26:21] [PROCESS] 
[40/72] Analyzing optimal_100/ionofree/pos_jitter/phase_alignment...
[01:26:21] [PROCESS] Grid searching background directions (1° resolution, 20 km/s fixed - matches CODE)...
[01:26:44] [PROCESS]   Computing bootstrap confidence intervals...
[01:28:11] [PROCESS]   Estimating global p-value (MC, N=1000, step=5°)...
[01:28:11] [INFO]   Best: RA=174°, Dec=29°, r=0.164, CMB sep=36.4°
[01:28:11] [PROCESS] 
[41/72] Analyzing optimal_100/ionofree/clock_drift/msc...
[01:28:11] [PROCESS] Grid searching background directions (1° resolution, 20 km/s fixed - matches CODE)...
[01:28:34] [PROCESS]   Computing bootstrap confidence intervals...
[01:30:01] [PROCESS]   Estimating global p-value (MC, N=1000, step=5°)...
[01:30:01] [INFO]   Best: RA=199°, Dec=-2°, r=0.524, CMB sep=31.3°
[01:30:01] [PROCESS] 
[42/72] Analyzing optimal_100/ionofree/clock_drift/phase_alignment...
[01:30:01] [PROCESS] Grid searching background directions (1° resolution, 20 km/s fixed - matches CODE)...
[01:30:23] [PROCESS]   Computing bootstrap confidence intervals...
[01:31:51] [PROCESS]   Estimating global p-value (MC, N=1000, step=5°)...
[01:31:51] [INFO]   Best: RA=117°, Dec=22°, r=0.205, CMB sep=57.7°
[01:31:51] [PROCESS] 
[43/72] Analyzing optimal_100/multi_gnss/clock_bias/msc...
[01:31:51] [PROCESS] Grid searching background directions (1° resolution, 20 km/s fixed - matches CODE)...
[01:32:13] [PROCESS]   Computing bootstrap confidence intervals...
[01:33:41] [PROCESS]   Estimating global p-value (MC, N=1000, step=5°)...
[01:33:41] [INFO]   Best: RA=172°, Dec=31°, r=0.319, CMB sep=38.1°
[01:33:41] [PROCESS] 
[44/72] Analyzing optimal_100/multi_gnss/clock_bias/phase_alignment...
[01:33:41] [PROCESS] Grid searching background directions (1° resolution, 20 km/s fixed - matches CODE)...
[01:34:04] [PROCESS]   Computing bootstrap confidence intervals...
[01:35:31] [PROCESS]   Estimating global p-value (MC, N=1000, step=5°)...
[01:35:31] [INFO]   Best: RA=169°, Dec=34°, r=0.277, CMB sep=41.0°
[01:35:31] [PROCESS] 
[45/72] Analyzing optimal_100/multi_gnss/pos_jitter/msc...
[01:35:31] [PROCESS] Grid searching background directions (1° resolution, 20 km/s fixed - matches CODE)...
[01:35:54] [PROCESS]   Computing bootstrap confidence intervals...
[01:37:21] [PROCESS]   Estimating global p-value (MC, N=1000, step=5°)...
[01:37:21] [INFO]   Best: RA=209°, Dec=-44°, r=0.358, CMB sep=51.5°
[01:37:21] [PROCESS] 
[46/72] Analyzing optimal_100/multi_gnss/pos_jitter/phase_alignment...
[01:37:21] [PROCESS] Grid searching background directions (1° resolution, 20 km/s fixed - matches CODE)...
[01:37:44] [PROCESS]   Computing bootstrap confidence intervals...
[01:39:12] [PROCESS]   Estimating global p-value (MC, N=1000, step=5°)...
[01:39:12] [INFO]   Best: RA=159°, Dec=38°, r=0.237, CMB sep=45.7°
[01:39:12] [PROCESS] 
[47/72] Analyzing optimal_100/multi_gnss/clock_drift/msc...
[01:39:12] [PROCESS] Grid searching background directions (1° resolution, 20 km/s fixed - matches CODE)...
[01:39:34] [PROCESS]   Computing bootstrap confidence intervals...
[01:41:02] [PROCESS]   Estimating global p-value (MC, N=1000, step=5°)...
[01:41:02] [INFO]   Best: RA=170°, Dec=31°, r=0.354, CMB sep=38.0°
[01:41:02] [PROCESS] 
[48/72] Analyzing optimal_100/multi_gnss/clock_drift/phase_alignment...
[01:41:02] [PROCESS] Grid searching background directions (1° resolution, 20 km/s fixed - matches CODE)...
[01:41:24] [PROCESS]   Computing bootstrap confidence intervals...
[01:42:47] [PROCESS]   Estimating global p-value (MC, N=1000, step=5°)...
[01:42:47] [INFO]   Best: RA=181°, Dec=29°, r=0.228, CMB sep=38.1°
[01:42:47] [PROCESS] 
[49/72] Analyzing dynamic_50/baseline/clock_bias/msc...
[01:42:47] [PROCESS] Grid searching background directions (1° resolution, 20 km/s fixed - matches CODE)...
[01:43:08] [PROCESS]   Computing bootstrap confidence intervals...
