[14:26:41] [INFO] 
[14:26:41] [INFO] ================================================================================
[14:26:41] [INFO] TEP-GNSS-RINEX - STEP 1.0: OPTIMIZED Acquisition (100 Stations)
[14:26:41] [INFO] ================================================================================
[14:26:41] [INFO] 
[14:26:41] [INFO]   Loaded 100 optimal stations from metadata
[14:26:41] [INFO]   Northern: 50
[14:26:41] [INFO]   Southern: 50
[14:26:41] [INFO]   Using 9-char IGS codes for RINEX3 downloads
[14:26:41] [INFO]   Mode: OPTIMAL 100 (5-year TEP analysis)
[14:26:41] [INFO]   Auth user: matthewsmawfield123
[14:26:41] [INFO]   Stations: 100
[14:26:41] [INFO]   Date range: 2020-01-01 to 2024-12-31
[14:26:41] [INFO]   Days: 1827
[14:26:41] [INFO]   Max tasks: 182700
[14:26:41] [INFO]   Existing coordinates: 490
[14:26:41] [PROCESS] [1/4] Checking navigation files...
[14:26:41] [INFO]   Navigation files ready: 1827/1827
[14:26:41] [INFO]   Navigation files ready: 1827/1827
[14:26:41] [PROCESS] [1.5/4] Downloading precise orbit products (SP3)...
[14:26:41] [INFO]   SP3 files ready: 1827/1827 (new: 0, failed: 0)
[14:26:41] [PROCESS] [2/4] Building task list...
[14:26:46] [INFO]   Tasks to process: 149600
[14:26:46] [PROCESS] [3/4] Processing 149600 station-days...
[14:26:46] [INFO]   Using 64 parallel workers
