[23:33:31] [INFO] Starting Seasonal High-Resolution Sky Map Generation
[23:33:31] [SUCCESS] Using BEST from summary: all_stations/multi_gnss/pos_jitter/phase_alignment
[23:33:31] [INFO] --- Processing Full Year ---
[23:33:31] [PROCESS] [Full Year] Generating grid (0.025° resolution)...
[23:33:31] [INFO]   Grid size: 14401 x 7200 = 103,687,200 points
[23:33:31] [INFO]   Data points: 36 months
[23:33:31] [PROCESS]   Processing chunks...
[23:33:42] [INFO]     Rows 2000/7200 processed...
[23:33:54] [INFO]     Rows 4000/7200 processed...
[23:34:05] [INFO]     Rows 6000/7200 processed...
[23:34:12] [INFO]     Rows 7200/7200 processed...
[23:34:12] [PROCESS] Rendering Mollweide projection (Full Year All-Sky)...
[23:34:19] [SUCCESS] Saved: /Users/matthewsmawfield/www/TEP-GNSS-RINEX/results/figures/step_2_7_cmb_frame_sky_map_mollweide.png
[23:34:19] [INFO] --- Processing Spring/Summer (18 months) ---
[23:34:19] [PROCESS] [Spring/Summer] Generating grid (0.025° resolution)...
[23:34:19] [INFO]   Grid size: 14401 x 7200 = 103,687,200 points
[23:34:19] [INFO]   Data points: 18 months
[23:34:19] [PROCESS]   Processing chunks...
[23:34:25] [INFO]     Rows 2000/7200 processed...
[23:34:31] [INFO]     Rows 4000/7200 processed...
[23:34:37] [INFO]     Rows 6000/7200 processed...
[23:34:40] [INFO]     Rows 7200/7200 processed...
[23:34:40] [PROCESS] Rendering Mollweide projection (Spring/Summer (Mar-Sep))...
[23:34:47] [SUCCESS] Saved: /Users/matthewsmawfield/www/TEP-GNSS-RINEX/results/figures/step_2_7_cmb_frame_sky_map_mollweide_spring_summer.png
[23:34:47] [INFO] --- Processing Autumn/Winter (18 months) ---
[23:34:47] [PROCESS] [Autumn/Winter] Generating grid (0.025° resolution)...
[23:34:47] [INFO]   Grid size: 14401 x 7200 = 103,687,200 points
[23:34:47] [INFO]   Data points: 18 months
[23:34:47] [PROCESS]   Processing chunks...
[23:34:53] [INFO]     Rows 2000/7200 processed...
[23:34:59] [INFO]     Rows 4000/7200 processed...
[23:35:05] [INFO]     Rows 6000/7200 processed...
[23:35:09] [INFO]     Rows 7200/7200 processed...
[23:35:09] [PROCESS] Rendering Mollweide projection (Autumn/Winter (Sep-Mar))...
[23:35:16] [SUCCESS] Saved: /Users/matthewsmawfield/www/TEP-GNSS-RINEX/results/figures/step_2_7_cmb_frame_sky_map_mollweide_autumn_winter.png
[23:35:16] [INFO] --- Calculating Pure Earth Vector (Subtraction) ---
[23:35:16] [INFO] Difference Max: RA 95.28, Dec 20.70 (Val: 0.6677)
[23:35:16] [INFO] Difference Min: RA 209.18, Dec -41.47 (Val: -0.4735)
[23:35:16] [PROCESS] Rendering Pure Earth Vector (Difference Map)...
[23:35:23] [SUCCESS] Saved: /Users/matthewsmawfield/www/TEP-GNSS-RINEX/results/figures/step_2_7_cmb_frame_sky_map_mollweide_pure_earth.png
[23:35:23] [INFO] --- Calculating Pure Background Vector (Average) ---
[23:35:23] [INFO] Background Best Fit: RA 198.83, Dec -38.50 (r=0.2013)
[23:35:23] [PROCESS] Rendering Mollweide projection (Pure Background Vector (Seasonal Average))...
[23:35:30] [SUCCESS] Saved: /Users/matthewsmawfield/www/TEP-GNSS-RINEX/results/figures/step_2_7_cmb_frame_sky_map_mollweide_pure_background.png
